2024-03-11 12:25:23 LogWrapper init() ./logs/BTC_USD.log
2024-03-11 12:25:23 {'n_ma': 12, 'n_std': 2.5, 'maxspread': 0.0004, 'mingain': 0.0006, 'riskreward': 1.5}
2024-03-11 12:25:24 CandleManager() init last_candle:last_candle:24-03-11 11:24 is_ready:False
2024-03-11 12:26:07 CandleManager() new candle:last_candle:24-03-11 11:25 is_ready:True
2024-03-11 12:26:08 tech_manager: max_rows:32 candle_time:2024-03-11 11:25:00+00:00 granularity:M1
2024-03-11 12:26:08 process_candles:
       PAIR                      time    mid_c    mid_o   SL   TP  SPREAD       GAIN     LOSS  SIGNAL
26  BTC_USD 2024-03-11 11:21:00+00:00  71805.9  71797.8  0.0  0.0    59.8  75.216667  71805.9       0
27  BTC_USD 2024-03-11 11:22:00+00:00  71757.8  71803.5  0.0  0.0    61.1  15.677778  71757.8       0
28  BTC_USD 2024-03-11 11:23:00+00:00  71788.8  71757.2  0.0  0.0    62.2  33.963889  71788.8       0
29  BTC_USD 2024-03-11 11:24:00+00:00  71818.8  71788.4  0.0  0.0    49.6  51.600000  71818.8       0
30  BTC_USD 2024-03-11 11:25:00+00:00  71745.0  71815.8  0.0  0.0    52.7  29.783333  71745.0       0
2024-03-11 12:27:03 CandleManager() new candle:last_candle:24-03-11 11:26 is_ready:True
2024-03-11 12:27:03 tech_manager: max_rows:32 candle_time:2024-03-11 11:26:00+00:00 granularity:M1
2024-03-11 12:27:04 process_candles:
       PAIR                      time    mid_c    mid_o   SL   TP  SPREAD       GAIN     LOSS  SIGNAL
26  BTC_USD 2024-03-11 11:22:00+00:00  71757.8  71803.5  0.0  0.0    61.1  15.677778  71757.8       0
27  BTC_USD 2024-03-11 11:23:00+00:00  71788.8  71757.2  0.0  0.0    62.2  33.963889  71788.8       0
28  BTC_USD 2024-03-11 11:24:00+00:00  71818.8  71788.4  0.0  0.0    49.6  51.600000  71818.8       0
29  BTC_USD 2024-03-11 11:25:00+00:00  71745.0  71815.8  0.0  0.0    52.7  29.783333  71745.0       0
30  BTC_USD 2024-03-11 11:26:00+00:00  71688.6  71745.9  0.0  0.0    48.1  86.830556  71688.6       0
2024-03-11 12:28:09 CandleManager() new candle:last_candle:24-03-11 11:27 is_ready:True
2024-03-11 12:28:10 tech_manager: max_rows:32 candle_time:2024-03-11 11:27:00+00:00 granularity:M1
2024-03-11 12:28:10 process_candles:
       PAIR                      time    mid_c    mid_o   SL   TP  SPREAD       GAIN     LOSS  SIGNAL
26  BTC_USD 2024-03-11 11:23:00+00:00  71788.8  71757.2  0.0  0.0    62.2  33.963889  71788.8       0
27  BTC_USD 2024-03-11 11:24:00+00:00  71818.8  71788.4  0.0  0.0    49.6  51.600000  71818.8       0
28  BTC_USD 2024-03-11 11:25:00+00:00  71745.0  71815.8  0.0  0.0    52.7  29.783333  71745.0       0
29  BTC_USD 2024-03-11 11:26:00+00:00  71688.6  71745.9  0.0  0.0    48.1  86.830556  71688.6       0
30  BTC_USD 2024-03-11 11:27:00+00:00  71676.6  71688.8  0.0  0.0    60.5  93.658333  71676.6       0
2024-03-11 12:29:05 CandleManager() new candle:last_candle:24-03-11 11:28 is_ready:True
2024-03-11 12:29:06 tech_manager: max_rows:32 candle_time:2024-03-11 11:28:00+00:00 granularity:M1
2024-03-11 12:29:06 process_candles:
       PAIR                      time    mid_c    mid_o   SL   TP  SPREAD        GAIN     LOSS  SIGNAL
26  BTC_USD 2024-03-11 11:24:00+00:00  71818.8  71788.4  0.0  0.0    49.6   51.600000  71818.8       0
27  BTC_USD 2024-03-11 11:25:00+00:00  71745.0  71815.8  0.0  0.0    52.7   29.783333  71745.0       0
28  BTC_USD 2024-03-11 11:26:00+00:00  71688.6  71745.9  0.0  0.0    48.1   86.830556  71688.6       0
29  BTC_USD 2024-03-11 11:27:00+00:00  71676.6  71688.8  0.0  0.0    60.5   93.658333  71676.6       0
30  BTC_USD 2024-03-11 11:28:00+00:00  71644.5  71675.2  0.0  0.0    54.8  117.030556  71644.5       0
2024-03-11 12:30:01 CandleManager() new candle:last_candle:24-03-11 11:29 is_ready:True
2024-03-11 12:30:01 tech_manager: max_rows:32 candle_time:2024-03-11 11:29:00+00:00 granularity:M1
2024-03-11 12:30:01 process_candles:
       PAIR                      time    mid_c    mid_o   SL   TP  SPREAD        GAIN     LOSS  SIGNAL
26  BTC_USD 2024-03-11 11:25:00+00:00  71745.0  71815.8  0.0  0.0    52.7   29.783333  71745.0       0
27  BTC_USD 2024-03-11 11:26:00+00:00  71688.6  71745.9  0.0  0.0    48.1   86.830556  71688.6       0
28  BTC_USD 2024-03-11 11:27:00+00:00  71676.6  71688.8  0.0  0.0    60.5   93.658333  71676.6       0
29  BTC_USD 2024-03-11 11:28:00+00:00  71644.5  71675.2  0.0  0.0    54.8  117.030556  71644.5       0
30  BTC_USD 2024-03-11 11:29:00+00:00  71609.9  71644.0  0.0  0.0    51.4  141.497222  71609.9       0
2024-03-11 12:31:07 CandleManager() new candle:last_candle:24-03-11 11:30 is_ready:True
2024-03-11 12:31:09 tech_manager: max_rows:32 candle_time:2024-03-11 11:30:00+00:00 granularity:M1
2024-03-11 12:31:09 process_candles:
       PAIR                      time    mid_c    mid_o   SL   TP  SPREAD        GAIN     LOSS  SIGNAL
26  BTC_USD 2024-03-11 11:26:00+00:00  71688.6  71745.9  0.0  0.0    48.1   86.830556  71688.6       0
27  BTC_USD 2024-03-11 11:27:00+00:00  71676.6  71688.8  0.0  0.0    60.5   93.658333  71676.6       0
28  BTC_USD 2024-03-11 11:28:00+00:00  71644.5  71675.2  0.0  0.0    54.8  117.030556  71644.5       0
29  BTC_USD 2024-03-11 11:29:00+00:00  71609.9  71644.0  0.0  0.0    51.4  141.497222  71609.9       0
30  BTC_USD 2024-03-11 11:30:00+00:00  71621.0  71611.1  0.0  0.0    53.1  116.988889  71621.0       0
2024-03-11 12:32:04 CandleManager() new candle:last_candle:24-03-11 11:31 is_ready:True
2024-03-11 12:32:05 tech_manager: max_rows:32 candle_time:2024-03-11 11:31:00+00:00 granularity:M1
2024-03-11 12:32:05 process_candles:
       PAIR                      time    mid_c    mid_o   SL   TP  SPREAD        GAIN     LOSS  SIGNAL
26  BTC_USD 2024-03-11 11:27:00+00:00  71676.6  71688.8  0.0  0.0    60.5   93.658333  71676.6       0
27  BTC_USD 2024-03-11 11:28:00+00:00  71644.5  71675.2  0.0  0.0    54.8  117.030556  71644.5       0
28  BTC_USD 2024-03-11 11:29:00+00:00  71609.9  71644.0  0.0  0.0    51.4  141.497222  71609.9       0
29  BTC_USD 2024-03-11 11:30:00+00:00  71621.0  71611.1  0.0  0.0    53.1  116.988889  71621.0       0
30  BTC_USD 2024-03-11 11:31:00+00:00  71599.6  71620.6  0.0  0.0    65.4  122.216667  71599.6       0
2024-03-11 12:33:10 CandleManager() new candle:last_candle:24-03-11 11:32 is_ready:True
2024-03-11 12:33:11 tech_manager: max_rows:32 candle_time:2024-03-11 11:32:00+00:00 granularity:M1
2024-03-11 12:33:11 process_candles:
       PAIR                      time    mid_c    mid_o   SL   TP  SPREAD        GAIN     LOSS  SIGNAL
26  BTC_USD 2024-03-11 11:28:00+00:00  71644.5  71675.2  0.0  0.0    54.8  117.030556  71644.5       0
27  BTC_USD 2024-03-11 11:29:00+00:00  71609.9  71644.0  0.0  0.0    51.4  141.497222  71609.9       0
28  BTC_USD 2024-03-11 11:30:00+00:00  71621.0  71611.1  0.0  0.0    53.1  116.988889  71621.0       0
29  BTC_USD 2024-03-11 11:31:00+00:00  71599.6  71620.6  0.0  0.0    65.4  122.216667  71599.6       0
30  BTC_USD 2024-03-11 11:32:00+00:00  71585.4  71603.8  0.0  0.0    61.5  118.225000  71585.4       0
2024-03-11 12:34:06 CandleManager() new candle:last_candle:24-03-11 11:33 is_ready:True
2024-03-11 12:34:07 tech_manager: max_rows:32 candle_time:2024-03-11 11:33:00+00:00 granularity:M1
2024-03-11 12:34:07 process_candles:
       PAIR                      time    mid_c    mid_o   SL   TP  SPREAD        GAIN     LOSS  SIGNAL
26  BTC_USD 2024-03-11 11:29:00+00:00  71609.9  71644.0  0.0  0.0    51.4  141.497222  71609.9       0
27  BTC_USD 2024-03-11 11:30:00+00:00  71621.0  71611.1  0.0  0.0    53.1  116.988889  71621.0       0
28  BTC_USD 2024-03-11 11:31:00+00:00  71599.6  71620.6  0.0  0.0    65.4  122.216667  71599.6       0
29  BTC_USD 2024-03-11 11:32:00+00:00  71585.4  71603.8  0.0  0.0    61.5  118.225000  71585.4       0
30  BTC_USD 2024-03-11 11:33:00+00:00  71618.4  71587.5  0.0  0.0    55.9   68.311111  71618.4       0
2024-03-11 12:35:02 CandleManager() new candle:last_candle:24-03-11 11:34 is_ready:True
2024-03-11 12:35:03 tech_manager: max_rows:32 candle_time:2024-03-11 11:34:00+00:00 granularity:M1
2024-03-11 12:35:03 process_candles:
       PAIR                      time    mid_c    mid_o   SL   TP  SPREAD        GAIN     LOSS  SIGNAL
26  BTC_USD 2024-03-11 11:30:00+00:00  71621.0  71611.1  0.0  0.0    53.1  116.988889  71621.0       0
27  BTC_USD 2024-03-11 11:31:00+00:00  71599.6  71620.6  0.0  0.0    65.4  122.216667  71599.6       0
28  BTC_USD 2024-03-11 11:32:00+00:00  71585.4  71603.8  0.0  0.0    61.5  118.225000  71585.4       0
29  BTC_USD 2024-03-11 11:33:00+00:00  71618.4  71587.5  0.0  0.0    55.9   68.311111  71618.4       0
30  BTC_USD 2024-03-11 11:34:00+00:00  71691.4  71619.0  0.0  0.0    54.5   13.388889  71691.4       0
2024-03-11 12:36:08 CandleManager() new candle:last_candle:24-03-11 11:35 is_ready:True
2024-03-11 12:36:09 tech_manager: max_rows:32 candle_time:2024-03-11 11:35:00+00:00 granularity:M1
2024-03-11 12:36:09 process_candles:
       PAIR                      time    mid_c    mid_o   SL   TP  SPREAD        GAIN     LOSS  SIGNAL
26  BTC_USD 2024-03-11 11:31:00+00:00  71599.6  71620.6  0.0  0.0    65.4  122.216667  71599.6       0
27  BTC_USD 2024-03-11 11:32:00+00:00  71585.4  71603.8  0.0  0.0    61.5  118.225000  71585.4       0
28  BTC_USD 2024-03-11 11:33:00+00:00  71618.4  71587.5  0.0  0.0    55.9   68.311111  71618.4       0
29  BTC_USD 2024-03-11 11:34:00+00:00  71691.4  71619.0  0.0  0.0    54.5   13.388889  71691.4       0
30  BTC_USD 2024-03-11 11:35:00+00:00  71701.2  71691.8  0.0  0.0    64.1   29.666667  71701.2       0
2024-03-11 12:37:04 CandleManager() new candle:last_candle:24-03-11 11:36 is_ready:True
2024-03-11 12:37:04 tech_manager: max_rows:32 candle_time:2024-03-11 11:36:00+00:00 granularity:M1
2024-03-11 12:37:05 process_candles:
       PAIR                      time    mid_c    mid_o   SL   TP  SPREAD        GAIN     LOSS  SIGNAL
26  BTC_USD 2024-03-11 11:32:00+00:00  71585.4  71603.8  0.0  0.0    61.5  118.225000  71585.4       0
27  BTC_USD 2024-03-11 11:33:00+00:00  71618.4  71587.5  0.0  0.0    55.9   68.311111  71618.4       0
28  BTC_USD 2024-03-11 11:34:00+00:00  71691.4  71619.0  0.0  0.0    54.5   13.388889  71691.4       0
29  BTC_USD 2024-03-11 11:35:00+00:00  71701.2  71691.8  0.0  0.0    64.1   29.666667  71701.2       0
30  BTC_USD 2024-03-11 11:36:00+00:00  71699.0  71700.5  0.0  0.0    61.6   36.588889  71699.0       0
2024-03-11 12:38:10 CandleManager() new candle:last_candle:24-03-11 11:37 is_ready:True
2024-03-11 12:38:11 tech_manager: max_rows:32 candle_time:2024-03-11 11:37:00+00:00 granularity:M1
2024-03-11 12:38:11 process_candles:
       PAIR                      time    mid_c    mid_o   SL   TP  SPREAD       GAIN     LOSS  SIGNAL
26  BTC_USD 2024-03-11 11:33:00+00:00  71618.4  71587.5  0.0  0.0    55.9  68.311111  71618.4       0
27  BTC_USD 2024-03-11 11:34:00+00:00  71691.4  71619.0  0.0  0.0    54.5  13.388889  71691.4       0
28  BTC_USD 2024-03-11 11:35:00+00:00  71701.2  71691.8  0.0  0.0    64.1  29.666667  71701.2       0
29  BTC_USD 2024-03-11 11:36:00+00:00  71699.0  71700.5  0.0  0.0    61.6  36.588889  71699.0       0
30  BTC_USD 2024-03-11 11:37:00+00:00  71709.4  71706.0  0.0  0.0    60.2  52.983333  71709.4       0
2024-03-11 12:39:06 CandleManager() new candle:last_candle:24-03-11 11:38 is_ready:True
2024-03-11 12:39:07 tech_manager: max_rows:32 candle_time:2024-03-11 11:38:00+00:00 granularity:M1
2024-03-11 12:39:07 process_candles:
       PAIR                      time    mid_c    mid_o   SL   TP  SPREAD        GAIN     LOSS  SIGNAL
26  BTC_USD 2024-03-11 11:34:00+00:00  71691.4  71619.0  0.0  0.0    54.5   13.388889  71691.4       0
27  BTC_USD 2024-03-11 11:35:00+00:00  71701.2  71691.8  0.0  0.0    64.1   29.666667  71701.2       0
28  BTC_USD 2024-03-11 11:36:00+00:00  71699.0  71700.5  0.0  0.0    61.6   36.588889  71699.0       0
29  BTC_USD 2024-03-11 11:37:00+00:00  71709.4  71706.0  0.0  0.0    60.2   52.983333  71709.4       0
30  BTC_USD 2024-03-11 11:38:00+00:00  71777.2  71704.2  0.0  0.0    94.2  116.066667  71777.2       0
2024-03-11 12:40:02 CandleManager() new candle:last_candle:24-03-11 11:39 is_ready:True
2024-03-11 12:40:03 tech_manager: max_rows:32 candle_time:2024-03-11 11:39:00+00:00 granularity:M1
2024-03-11 12:40:03 process_candles:
       PAIR                      time    mid_c    mid_o   SL   TP  SPREAD        GAIN     LOSS  SIGNAL
26  BTC_USD 2024-03-11 11:35:00+00:00  71701.2  71691.8  0.0  0.0    64.1   29.666667  71701.2       0
27  BTC_USD 2024-03-11 11:36:00+00:00  71699.0  71700.5  0.0  0.0    61.6   36.588889  71699.0       0
28  BTC_USD 2024-03-11 11:37:00+00:00  71709.4  71706.0  0.0  0.0    60.2   52.983333  71709.4       0
29  BTC_USD 2024-03-11 11:38:00+00:00  71777.2  71704.2  0.0  0.0    94.2  116.066667  71777.2       0
30  BTC_USD 2024-03-11 11:39:00+00:00  71842.1  71768.5  0.0  0.0    91.6  169.069444  71842.1       0
2024-03-11 12:41:08 CandleManager() new candle:last_candle:24-03-11 11:40 is_ready:True
2024-03-11 12:41:09 tech_manager: max_rows:32 candle_time:2024-03-11 11:40:00+00:00 granularity:M1
2024-03-11 12:41:09 process_candles:
       PAIR                      time    mid_c    mid_o   SL   TP  SPREAD        GAIN     LOSS  SIGNAL
26  BTC_USD 2024-03-11 11:36:00+00:00  71699.0  71700.5  0.0  0.0    61.6   36.588889  71699.0       0
27  BTC_USD 2024-03-11 11:37:00+00:00  71709.4  71706.0  0.0  0.0    60.2   52.983333  71709.4       0
28  BTC_USD 2024-03-11 11:38:00+00:00  71777.2  71704.2  0.0  0.0    94.2  116.066667  71777.2       0
29  BTC_USD 2024-03-11 11:39:00+00:00  71842.1  71768.5  0.0  0.0    91.6  169.069444  71842.1       0
30  BTC_USD 2024-03-11 11:40:00+00:00  71887.0  71839.7  0.0  0.0    61.9  195.788889  71887.0       0
2024-03-11 12:42:04 CandleManager() new candle:last_candle:24-03-11 11:41 is_ready:True
2024-03-11 12:42:04 tech_manager: max_rows:32 candle_time:2024-03-11 11:41:00+00:00 granularity:M1
2024-03-11 12:42:05 process_candles:
       PAIR                      time    mid_c    mid_o   SL   TP  SPREAD        GAIN     LOSS  SIGNAL
26  BTC_USD 2024-03-11 11:37:00+00:00  71709.4  71706.0  0.0  0.0    60.2   52.983333  71709.4       0
27  BTC_USD 2024-03-11 11:38:00+00:00  71777.2  71704.2  0.0  0.0    94.2  116.066667  71777.2       0
28  BTC_USD 2024-03-11 11:39:00+00:00  71842.1  71768.5  0.0  0.0    91.6  169.069444  71842.1       0
29  BTC_USD 2024-03-11 11:40:00+00:00  71887.0  71839.7  0.0  0.0    61.9  195.788889  71887.0       0
30  BTC_USD 2024-03-11 11:41:00+00:00  71848.4  71894.8  0.0  0.0    84.3  134.675000  71848.4       0
2024-03-11 12:43:10 CandleManager() new candle:last_candle:24-03-11 11:42 is_ready:True
2024-03-11 12:43:11 tech_manager: max_rows:32 candle_time:2024-03-11 11:42:00+00:00 granularity:M1
2024-03-11 12:43:11 process_candles:
       PAIR                      time    mid_c    mid_o   SL   TP  SPREAD        GAIN     LOSS  SIGNAL
26  BTC_USD 2024-03-11 11:38:00+00:00  71777.2  71704.2  0.0  0.0    94.2  116.066667  71777.2       0
27  BTC_USD 2024-03-11 11:39:00+00:00  71842.1  71768.5  0.0  0.0    91.6  169.069444  71842.1       0
28  BTC_USD 2024-03-11 11:40:00+00:00  71887.0  71839.7  0.0  0.0    61.9  195.788889  71887.0       0
29  BTC_USD 2024-03-11 11:41:00+00:00  71848.4  71894.8  0.0  0.0    84.3  134.675000  71848.4       0
30  BTC_USD 2024-03-11 11:42:00+00:00  72032.0  71845.6  0.0  0.0    80.9  289.488889  72032.0       0
2024-03-11 12:44:05 CandleManager() new candle:last_candle:24-03-11 11:43 is_ready:True
2024-03-11 12:44:06 tech_manager: max_rows:32 candle_time:2024-03-11 11:43:00+00:00 granularity:M1
2024-03-11 12:44:06 process_candles:
       PAIR                      time    mid_c    mid_o   SL   TP  SPREAD        GAIN     LOSS  SIGNAL
26  BTC_USD 2024-03-11 11:39:00+00:00  71842.1  71768.5  0.0  0.0    91.6  169.069444  71842.1       0
27  BTC_USD 2024-03-11 11:40:00+00:00  71887.0  71839.7  0.0  0.0    61.9  195.788889  71887.0       0
28  BTC_USD 2024-03-11 11:41:00+00:00  71848.4  71894.8  0.0  0.0    84.3  134.675000  71848.4       0
29  BTC_USD 2024-03-11 11:42:00+00:00  72032.0  71845.6  0.0  0.0    80.9  289.488889  72032.0       0
30  BTC_USD 2024-03-11 11:43:00+00:00  72004.7  72038.8  0.0  0.0    71.8  230.605556  72004.7       0
2024-03-11 12:45:01 CandleManager() new candle:last_candle:24-03-11 11:44 is_ready:True
2024-03-11 12:45:02 tech_manager: max_rows:32 candle_time:2024-03-11 11:44:00+00:00 granularity:M1
2024-03-11 12:45:02 process_candles:
       PAIR                      time    mid_c    mid_o   SL   TP  SPREAD        GAIN     LOSS  SIGNAL
26  BTC_USD 2024-03-11 11:40:00+00:00  71887.0  71839.7  0.0  0.0    61.9  195.788889  71887.0       0
27  BTC_USD 2024-03-11 11:41:00+00:00  71848.4  71894.8  0.0  0.0    84.3  134.675000  71848.4       0
28  BTC_USD 2024-03-11 11:42:00+00:00  72032.0  71845.6  0.0  0.0    80.9  289.488889  72032.0       0
29  BTC_USD 2024-03-11 11:43:00+00:00  72004.7  72038.8  0.0  0.0    71.8  230.605556  72004.7       0
30  BTC_USD 2024-03-11 11:44:00+00:00  72079.0  71999.4  0.0  0.0    84.1  264.655556  72079.0       0
2024-03-11 12:46:08 CandleManager() new candle:last_candle:24-03-11 11:45 is_ready:True
2024-03-11 12:46:09 tech_manager: max_rows:32 candle_time:2024-03-11 11:45:00+00:00 granularity:M1
2024-03-11 12:46:09 process_candles:
       PAIR                      time    mid_c    mid_o   SL   TP  SPREAD        GAIN     LOSS  SIGNAL
26  BTC_USD 2024-03-11 11:41:00+00:00  71848.4  71894.8  0.0  0.0    84.3  134.675000  71848.4       0
27  BTC_USD 2024-03-11 11:42:00+00:00  72032.0  71845.6  0.0  0.0    80.9  289.488889  72032.0       0
28  BTC_USD 2024-03-11 11:43:00+00:00  72004.7  72038.8  0.0  0.0    71.8  230.605556  72004.7       0
29  BTC_USD 2024-03-11 11:44:00+00:00  72079.0  71999.4  0.0  0.0    84.1  264.655556  72079.0       0
30  BTC_USD 2024-03-11 11:45:00+00:00  72176.4  72077.2  0.0  0.0    94.3  315.905556  72176.4       0
2024-03-11 12:47:03 CandleManager() new candle:last_candle:24-03-11 11:46 is_ready:True
2024-03-11 12:47:04 tech_manager: max_rows:32 candle_time:2024-03-11 11:46:00+00:00 granularity:M1
2024-03-11 12:47:04 process_candles:
       PAIR                      time    mid_c    mid_o   SL   TP  SPREAD        GAIN     LOSS  SIGNAL
26  BTC_USD 2024-03-11 11:42:00+00:00  72032.0  71845.6  0.0  0.0    80.9  289.488889  72032.0       0
27  BTC_USD 2024-03-11 11:43:00+00:00  72004.7  72038.8  0.0  0.0    71.8  230.605556  72004.7       0
28  BTC_USD 2024-03-11 11:44:00+00:00  72079.0  71999.4  0.0  0.0    84.1  264.655556  72079.0       0
29  BTC_USD 2024-03-11 11:45:00+00:00  72176.4  72077.2  0.0  0.0    94.3  315.905556  72176.4       0
30  BTC_USD 2024-03-11 11:46:00+00:00  72253.2  72171.9  0.0  0.0    87.9  345.638889  72253.2       0
2024-03-11 12:48:10 CandleManager() new candle:last_candle:24-03-11 11:47 is_ready:True
2024-03-11 12:48:10 tech_manager: max_rows:32 candle_time:2024-03-11 11:47:00+00:00 granularity:M1
2024-03-11 12:48:10 process_candles:
       PAIR                      time    mid_c    mid_o   SL   TP  SPREAD        GAIN     LOSS  SIGNAL
26  BTC_USD 2024-03-11 11:43:00+00:00  72004.7  72038.8  0.0  0.0    71.8  230.605556  72004.7       0
27  BTC_USD 2024-03-11 11:44:00+00:00  72079.0  71999.4  0.0  0.0    84.1  264.655556  72079.0       0
28  BTC_USD 2024-03-11 11:45:00+00:00  72176.4  72077.2  0.0  0.0    94.3  315.905556  72176.4       0
29  BTC_USD 2024-03-11 11:46:00+00:00  72253.2  72171.9  0.0  0.0    87.9  345.638889  72253.2       0
30  BTC_USD 2024-03-11 11:47:00+00:00  72138.3  72251.5  0.0  0.0    79.6  192.797222  72138.3       0
2024-03-11 12:49:05 CandleManager() new candle:last_candle:24-03-11 11:48 is_ready:True
2024-03-11 12:49:06 tech_manager: max_rows:32 candle_time:2024-03-11 11:48:00+00:00 granularity:M1
2024-03-11 12:49:06 process_candles:
       PAIR                      time    mid_c    mid_o   SL   TP  SPREAD        GAIN     LOSS  SIGNAL
26  BTC_USD 2024-03-11 11:44:00+00:00  72079.0  71999.4  0.0  0.0    84.1  264.655556  72079.0       0
27  BTC_USD 2024-03-11 11:45:00+00:00  72176.4  72077.2  0.0  0.0    94.3  315.905556  72176.4       0
28  BTC_USD 2024-03-11 11:46:00+00:00  72253.2  72171.9  0.0  0.0    87.9  345.638889  72253.2       0
29  BTC_USD 2024-03-11 11:47:00+00:00  72138.3  72251.5  0.0  0.0    79.6  192.797222  72138.3       0
30  BTC_USD 2024-03-11 11:48:00+00:00  72219.6  72130.8  0.0  0.0    77.8  233.711111  72219.6       0
2024-03-11 12:50:01 CandleManager() new candle:last_candle:24-03-11 11:49 is_ready:True
2024-03-11 12:50:01 tech_manager: max_rows:32 candle_time:2024-03-11 11:49:00+00:00 granularity:M1
2024-03-11 12:50:01 process_candles:
       PAIR                      time    mid_c    mid_o   SL   TP  SPREAD        GAIN     LOSS  SIGNAL
26  BTC_USD 2024-03-11 11:45:00+00:00  72176.4  72077.2  0.0  0.0    94.3  315.905556  72176.4       0
27  BTC_USD 2024-03-11 11:46:00+00:00  72253.2  72171.9  0.0  0.0    87.9  345.638889  72253.2       0
28  BTC_USD 2024-03-11 11:47:00+00:00  72138.3  72251.5  0.0  0.0    79.6  192.797222  72138.3       0
29  BTC_USD 2024-03-11 11:48:00+00:00  72219.6  72130.8  0.0  0.0    77.8  233.711111  72219.6       0
30  BTC_USD 2024-03-11 11:49:00+00:00  72237.0  72220.0  0.0  0.0    79.5  207.102778  72237.0       0
2024-03-11 12:51:07 CandleManager() new candle:last_candle:24-03-11 11:50 is_ready:True
2024-03-11 12:51:08 tech_manager: max_rows:32 candle_time:2024-03-11 11:50:00+00:00 granularity:M1
2024-03-11 12:51:08 process_candles:
       PAIR                      time    mid_c    mid_o   SL   TP  SPREAD        GAIN     LOSS  SIGNAL
26  BTC_USD 2024-03-11 11:46:00+00:00  72253.2  72171.9  0.0  0.0    87.9  345.638889  72253.2       0
27  BTC_USD 2024-03-11 11:47:00+00:00  72138.3  72251.5  0.0  0.0    79.6  192.797222  72138.3       0
28  BTC_USD 2024-03-11 11:48:00+00:00  72219.6  72130.8  0.0  0.0    77.8  233.711111  72219.6       0
29  BTC_USD 2024-03-11 11:49:00+00:00  72237.0  72220.0  0.0  0.0    79.5  207.102778  72237.0       0
30  BTC_USD 2024-03-11 11:50:00+00:00  72235.8  72231.2  0.0  0.0    76.1  165.627778  72235.8       0
2024-03-11 12:52:03 CandleManager() new candle:last_candle:24-03-11 11:51 is_ready:True
2024-03-11 12:52:03 tech_manager: max_rows:32 candle_time:2024-03-11 11:51:00+00:00 granularity:M1
2024-03-11 12:52:04 process_candles:
       PAIR                      time    mid_c    mid_o   SL   TP  SPREAD        GAIN     LOSS  SIGNAL
26  BTC_USD 2024-03-11 11:47:00+00:00  72138.3  72251.5  0.0  0.0    79.6  192.797222  72138.3       0
27  BTC_USD 2024-03-11 11:48:00+00:00  72219.6  72130.8  0.0  0.0    77.8  233.711111  72219.6       0
28  BTC_USD 2024-03-11 11:49:00+00:00  72237.0  72220.0  0.0  0.0    79.5  207.102778  72237.0       0
29  BTC_USD 2024-03-11 11:50:00+00:00  72235.8  72231.2  0.0  0.0    76.1  165.627778  72235.8       0
30  BTC_USD 2024-03-11 11:51:00+00:00  72197.5  72235.5  0.0  0.0    86.2   98.080556  72197.5       0
2024-03-11 12:53:09 CandleManager() new candle:last_candle:24-03-11 11:52 is_ready:True
2024-03-11 12:53:10 tech_manager: max_rows:32 candle_time:2024-03-11 11:52:00+00:00 granularity:M1
2024-03-11 12:53:10 process_candles:
       PAIR                      time    mid_c    mid_o   SL   TP  SPREAD        GAIN     LOSS  SIGNAL
26  BTC_USD 2024-03-11 11:48:00+00:00  72219.6  72130.8  0.0  0.0    77.8  233.711111  72219.6       0
27  BTC_USD 2024-03-11 11:49:00+00:00  72237.0  72220.0  0.0  0.0    79.5  207.102778  72237.0       0
28  BTC_USD 2024-03-11 11:50:00+00:00  72235.8  72231.2  0.0  0.0    76.1  165.627778  72235.8       0
29  BTC_USD 2024-03-11 11:51:00+00:00  72197.5  72235.5  0.0  0.0    86.2   98.080556  72197.5       0
30  BTC_USD 2024-03-11 11:52:00+00:00  72130.2  72196.9  0.0  0.0    63.5    7.538889  72130.2       0
2024-03-11 12:54:05 CandleManager() new candle:last_candle:24-03-11 11:53 is_ready:True
2024-03-11 12:54:06 tech_manager: max_rows:32 candle_time:2024-03-11 11:53:00+00:00 granularity:M1
2024-03-11 12:54:06 process_candles:
       PAIR                      time    mid_c    mid_o   SL   TP  SPREAD        GAIN     LOSS  SIGNAL
26  BTC_USD 2024-03-11 11:49:00+00:00  72237.0  72220.0  0.0  0.0    79.5  207.102778  72237.0       0
27  BTC_USD 2024-03-11 11:50:00+00:00  72235.8  72231.2  0.0  0.0    76.1  165.627778  72235.8       0
28  BTC_USD 2024-03-11 11:51:00+00:00  72197.5  72235.5  0.0  0.0    86.2   98.080556  72197.5       0
29  BTC_USD 2024-03-11 11:52:00+00:00  72130.2  72196.9  0.0  0.0    63.5    7.538889  72130.2       0
30  BTC_USD 2024-03-11 11:53:00+00:00  72007.8  72129.1  0.0  0.0    79.7  124.877778  72007.8       0
2024-03-11 12:55:01 CandleManager() new candle:last_candle:24-03-11 11:54 is_ready:True
2024-03-11 12:55:02 tech_manager: max_rows:32 candle_time:2024-03-11 11:54:00+00:00 granularity:M1
2024-03-11 12:55:02 process_candles:
       PAIR                      time    mid_c    mid_o   SL   TP  SPREAD        GAIN     LOSS  SIGNAL
26  BTC_USD 2024-03-11 11:50:00+00:00  72235.8  72231.2  0.0  0.0    76.1  165.627778  72235.8       0
27  BTC_USD 2024-03-11 11:51:00+00:00  72197.5  72235.5  0.0  0.0    86.2   98.080556  72197.5       0
28  BTC_USD 2024-03-11 11:52:00+00:00  72130.2  72196.9  0.0  0.0    63.5    7.538889  72130.2       0
29  BTC_USD 2024-03-11 11:53:00+00:00  72007.8  72129.1  0.0  0.0    79.7  124.877778  72007.8       0
30  BTC_USD 2024-03-11 11:54:00+00:00  71597.8  72008.6  0.0  0.0    86.7  513.850000  71597.8       0
2024-03-11 12:56:07 CandleManager() new candle:last_candle:24-03-11 11:55 is_ready:True
2024-03-11 12:56:08 tech_manager: max_rows:32 candle_time:2024-03-11 11:55:00+00:00 granularity:M1
2024-03-11 12:56:08 process_candles:
       PAIR                      time    mid_c    mid_o   SL   TP  SPREAD        GAIN     LOSS  SIGNAL
26  BTC_USD 2024-03-11 11:51:00+00:00  72197.5  72235.5  0.0  0.0    86.2   98.080556  72197.5       0
27  BTC_USD 2024-03-11 11:52:00+00:00  72130.2  72196.9  0.0  0.0    63.5    7.538889  72130.2       0
28  BTC_USD 2024-03-11 11:53:00+00:00  72007.8  72129.1  0.0  0.0    79.7  124.877778  72007.8       0
29  BTC_USD 2024-03-11 11:54:00+00:00  71597.8  72008.6  0.0  0.0    86.7  513.850000  71597.8       0
30  BTC_USD 2024-03-11 11:55:00+00:00  71530.6  71596.6  0.0  0.0   125.6  541.083333  71530.6       0
2024-03-11 12:57:03 CandleManager() new candle:last_candle:24-03-11 11:56 is_ready:True
2024-03-11 12:57:04 tech_manager: max_rows:32 candle_time:2024-03-11 11:56:00+00:00 granularity:M1
2024-03-11 12:57:04 process_candles:
       PAIR                      time    mid_c    mid_o   SL   TP  SPREAD        GAIN     LOSS  SIGNAL
26  BTC_USD 2024-03-11 11:52:00+00:00  72130.2  72196.9  0.0  0.0    63.5    7.538889  72130.2       0
27  BTC_USD 2024-03-11 11:53:00+00:00  72007.8  72129.1  0.0  0.0    79.7  124.877778  72007.8       0
28  BTC_USD 2024-03-11 11:54:00+00:00  71597.8  72008.6  0.0  0.0    86.7  513.850000  71597.8       0
29  BTC_USD 2024-03-11 11:55:00+00:00  71530.6  71596.6  0.0  0.0   125.6  541.083333  71530.6       0
30  BTC_USD 2024-03-11 11:56:00+00:00  71609.1  71532.7  0.0  0.0   100.4  418.041667  71609.1       0
2024-03-11 12:58:10 CandleManager() new candle:last_candle:24-03-11 11:57 is_ready:True
2024-03-11 12:58:11 tech_manager: max_rows:32 candle_time:2024-03-11 11:57:00+00:00 granularity:M1
2024-03-11 12:58:11 process_candles:
       PAIR                      time    mid_c    mid_o   SL   TP  SPREAD        GAIN     LOSS  SIGNAL
26  BTC_USD 2024-03-11 11:53:00+00:00  72007.8  72129.1  0.0  0.0    79.7  124.877778  72007.8       0
27  BTC_USD 2024-03-11 11:54:00+00:00  71597.8  72008.6  0.0  0.0    86.7  513.850000  71597.8       0
28  BTC_USD 2024-03-11 11:55:00+00:00  71530.6  71596.6  0.0  0.0   125.6  541.083333  71530.6       0
29  BTC_USD 2024-03-11 11:56:00+00:00  71609.1  71532.7  0.0  0.0   100.4  418.041667  71609.1       0
30  BTC_USD 2024-03-11 11:57:00+00:00  71679.8  71611.2  0.0  0.0    80.3  309.641667  71679.8       0
2024-03-11 12:59:06 CandleManager() new candle:last_candle:24-03-11 11:58 is_ready:True
2024-03-11 12:59:07 tech_manager: max_rows:32 candle_time:2024-03-11 11:58:00+00:00 granularity:M1
2024-03-11 12:59:07 process_candles:
       PAIR                      time    mid_c    mid_o   SL   TP  SPREAD        GAIN     LOSS  SIGNAL
26  BTC_USD 2024-03-11 11:54:00+00:00  71597.8  72008.6  0.0  0.0    86.7  513.850000  71597.8       0
27  BTC_USD 2024-03-11 11:55:00+00:00  71530.6  71596.6  0.0  0.0   125.6  541.083333  71530.6       0
28  BTC_USD 2024-03-11 11:56:00+00:00  71609.1  71532.7  0.0  0.0   100.4  418.041667  71609.1       0
29  BTC_USD 2024-03-11 11:57:00+00:00  71679.8  71611.2  0.0  0.0    80.3  309.641667  71679.8       0
30  BTC_USD 2024-03-11 11:58:00+00:00  71580.4  71681.6  0.0  0.0    84.9  358.388889  71580.4       0
2024-03-11 13:00:01 CandleManager() new candle:last_candle:24-03-11 11:59 is_ready:True
2024-03-11 13:00:02 tech_manager: max_rows:32 candle_time:2024-03-11 11:59:00+00:00 granularity:M1
2024-03-11 13:00:02 process_candles:
       PAIR                      time    mid_c    mid_o   SL   TP  SPREAD        GAIN     LOSS  SIGNAL
26  BTC_USD 2024-03-11 11:55:00+00:00  71530.6  71596.6  0.0  0.0   125.6  541.083333  71530.6       0
27  BTC_USD 2024-03-11 11:56:00+00:00  71609.1  71532.7  0.0  0.0   100.4  418.041667  71609.1       0
28  BTC_USD 2024-03-11 11:57:00+00:00  71679.8  71611.2  0.0  0.0    80.3  309.641667  71679.8       0
29  BTC_USD 2024-03-11 11:58:00+00:00  71580.4  71681.6  0.0  0.0    84.9  358.388889  71580.4       0
30  BTC_USD 2024-03-11 11:59:00+00:00  71568.3  71583.2  0.0  0.0    90.8  322.666667  71568.3       0
2024-03-11 13:01:08 CandleManager() new candle:last_candle:24-03-11 12:00 is_ready:True
2024-03-11 13:01:09 tech_manager: max_rows:32 candle_time:2024-03-11 12:00:00+00:00 granularity:M1
2024-03-11 13:01:09 process_candles:
       PAIR                      time    mid_c    mid_o   SL   TP  SPREAD        GAIN     LOSS  SIGNAL
26  BTC_USD 2024-03-11 11:56:00+00:00  71609.1  71532.7  0.0  0.0   100.4  418.041667  71609.1       0
27  BTC_USD 2024-03-11 11:57:00+00:00  71679.8  71611.2  0.0  0.0    80.3  309.641667  71679.8       0
28  BTC_USD 2024-03-11 11:58:00+00:00  71580.4  71681.6  0.0  0.0    84.9  358.388889  71580.4       0
29  BTC_USD 2024-03-11 11:59:00+00:00  71568.3  71583.2  0.0  0.0    90.8  322.666667  71568.3       0
30  BTC_USD 2024-03-11 12:00:00+00:00  71502.2  71568.0  0.0  0.0    74.5  335.230556  71502.2       0
2024-03-11 13:02:03 CandleManager() new candle:last_candle:24-03-11 12:01 is_ready:True
2024-03-11 13:02:04 tech_manager: max_rows:32 candle_time:2024-03-11 12:01:00+00:00 granularity:M1
2024-03-11 13:02:05 process_candles:
       PAIR                      time    mid_c    mid_o   SL   TP  SPREAD        GAIN     LOSS  SIGNAL
26  BTC_USD 2024-03-11 11:57:00+00:00  71679.8  71611.2  0.0  0.0    80.3  309.641667  71679.8       0
27  BTC_USD 2024-03-11 11:58:00+00:00  71580.4  71681.6  0.0  0.0    84.9  358.388889  71580.4       0
28  BTC_USD 2024-03-11 11:59:00+00:00  71568.3  71583.2  0.0  0.0    90.8  322.666667  71568.3       0
29  BTC_USD 2024-03-11 12:00:00+00:00  71502.2  71568.0  0.0  0.0    74.5  335.230556  71502.2       0
30  BTC_USD 2024-03-11 12:01:00+00:00  71653.8  71508.6  0.0  0.0   106.7  131.427778  71653.8       0
2024-03-11 13:03:10 CandleManager() new candle:last_candle:24-03-11 12:02 is_ready:True
2024-03-11 13:03:11 tech_manager: max_rows:32 candle_time:2024-03-11 12:02:00+00:00 granularity:M1
2024-03-11 13:03:11 process_candles:
       PAIR                      time    mid_c    mid_o   SL   TP  SPREAD        GAIN     LOSS  SIGNAL
26  BTC_USD 2024-03-11 11:58:00+00:00  71580.4  71681.6  0.0  0.0    84.9  358.388889  71580.4       0
27  BTC_USD 2024-03-11 11:59:00+00:00  71568.3  71583.2  0.0  0.0    90.8  322.666667  71568.3       0
28  BTC_USD 2024-03-11 12:00:00+00:00  71502.2  71568.0  0.0  0.0    74.5  335.230556  71502.2       0
29  BTC_USD 2024-03-11 12:01:00+00:00  71653.8  71508.6  0.0  0.0   106.7  131.427778  71653.8       0
30  BTC_USD 2024-03-11 12:02:00+00:00  71783.0  71651.0  0.0  0.0    74.1   40.741667  71783.0       0
2024-03-11 13:04:06 CandleManager() new candle:last_candle:24-03-11 12:03 is_ready:True
2024-03-11 13:04:06 tech_manager: max_rows:32 candle_time:2024-03-11 12:03:00+00:00 granularity:M1
2024-03-11 13:04:07 process_candles:
       PAIR                      time    mid_c    mid_o   SL   TP  SPREAD        GAIN     LOSS  SIGNAL
26  BTC_USD 2024-03-11 11:59:00+00:00  71568.3  71583.2  0.0  0.0    90.8  322.666667  71568.3       0
27  BTC_USD 2024-03-11 12:00:00+00:00  71502.2  71568.0  0.0  0.0    74.5  335.230556  71502.2       0
28  BTC_USD 2024-03-11 12:01:00+00:00  71653.8  71508.6  0.0  0.0   106.7  131.427778  71653.8       0
29  BTC_USD 2024-03-11 12:02:00+00:00  71783.0  71651.0  0.0  0.0    74.1   40.741667  71783.0       0
30  BTC_USD 2024-03-11 12:03:00+00:00  71692.7  71779.6  0.0  0.0    79.2   11.572222  71692.7       0
2024-03-11 13:05:01 CandleManager() new candle:last_candle:24-03-11 12:04 is_ready:True
2024-03-11 13:05:02 tech_manager: max_rows:32 candle_time:2024-03-11 12:04:00+00:00 granularity:M1
2024-03-11 13:05:03 process_candles:
       PAIR                      time    mid_c    mid_o   SL   TP  SPREAD        GAIN     LOSS  SIGNAL
26  BTC_USD 2024-03-11 12:00:00+00:00  71502.2  71568.0  0.0  0.0    74.5  335.230556  71502.2       0
27  BTC_USD 2024-03-11 12:01:00+00:00  71653.8  71508.6  0.0  0.0   106.7  131.427778  71653.8       0
28  BTC_USD 2024-03-11 12:02:00+00:00  71783.0  71651.0  0.0  0.0    74.1   40.741667  71783.0       0
29  BTC_USD 2024-03-11 12:03:00+00:00  71692.7  71779.6  0.0  0.0    79.2   11.572222  71692.7       0
30  BTC_USD 2024-03-11 12:04:00+00:00  71717.3  71692.2  0.0  0.0    62.6   49.619444  71717.3       0
2024-03-11 13:06:09 CandleManager() new candle:last_candle:24-03-11 12:05 is_ready:True
2024-03-11 13:06:10 tech_manager: max_rows:32 candle_time:2024-03-11 12:05:00+00:00 granularity:M1
2024-03-11 13:06:10 process_candles:
       PAIR                      time    mid_c    mid_o   SL   TP  SPREAD        GAIN     LOSS  SIGNAL
26  BTC_USD 2024-03-11 12:01:00+00:00  71653.8  71508.6  0.0  0.0   106.7  131.427778  71653.8       0
27  BTC_USD 2024-03-11 12:02:00+00:00  71783.0  71651.0  0.0  0.0    74.1   40.741667  71783.0       0
28  BTC_USD 2024-03-11 12:03:00+00:00  71692.7  71779.6  0.0  0.0    79.2   11.572222  71692.7       0
29  BTC_USD 2024-03-11 12:04:00+00:00  71717.3  71692.2  0.0  0.0    62.6   49.619444  71717.3       0
30  BTC_USD 2024-03-11 12:05:00+00:00  71840.2  71714.4  0.0  0.0    85.9  190.833333  71840.2       0
2024-03-11 13:07:04 CandleManager() new candle:last_candle:24-03-11 12:06 is_ready:True
2024-03-11 13:07:05 tech_manager: max_rows:32 candle_time:2024-03-11 12:06:00+00:00 granularity:M1
2024-03-11 13:07:05 process_candles:
       PAIR                      time    mid_c    mid_o   SL   TP  SPREAD        GAIN     LOSS  SIGNAL
26  BTC_USD 2024-03-11 12:02:00+00:00  71783.0  71651.0  0.0  0.0    74.1   40.741667  71783.0       0
27  BTC_USD 2024-03-11 12:03:00+00:00  71692.7  71779.6  0.0  0.0    79.2   11.572222  71692.7       0
28  BTC_USD 2024-03-11 12:04:00+00:00  71717.3  71692.2  0.0  0.0    62.6   49.619444  71717.3       0
29  BTC_USD 2024-03-11 12:05:00+00:00  71840.2  71714.4  0.0  0.0    85.9  190.833333  71840.2       0
30  BTC_USD 2024-03-11 12:06:00+00:00  71785.4  71846.2  0.0  0.0    58.0  128.752778  71785.4       0
2024-03-11 13:08:00 CandleManager() new candle:last_candle:24-03-11 12:07 is_ready:True
2024-03-11 13:08:01 tech_manager: max_rows:32 candle_time:2024-03-11 12:07:00+00:00 granularity:M1
2024-03-11 13:08:01 process_candles:
       PAIR                      time    mid_c    mid_o   SL   TP  SPREAD        GAIN     LOSS  SIGNAL
26  BTC_USD 2024-03-11 12:03:00+00:00  71692.7  71779.6  0.0  0.0    79.2   11.572222  71692.7       0
27  BTC_USD 2024-03-11 12:04:00+00:00  71717.3  71692.2  0.0  0.0    62.6   49.619444  71717.3       0
28  BTC_USD 2024-03-11 12:05:00+00:00  71840.2  71714.4  0.0  0.0    85.9  190.833333  71840.2       0
29  BTC_USD 2024-03-11 12:06:00+00:00  71785.4  71846.2  0.0  0.0    58.0  128.752778  71785.4       0
30  BTC_USD 2024-03-11 12:07:00+00:00  71753.0  71784.0  0.0  0.0    80.0   76.033333  71753.0       0
2024-03-11 13:09:07 CandleManager() new candle:last_candle:24-03-11 12:08 is_ready:True
2024-03-11 13:09:07 tech_manager: max_rows:32 candle_time:2024-03-11 12:08:00+00:00 granularity:M1
2024-03-11 13:09:07 process_candles:
       PAIR                      time    mid_c    mid_o   SL   TP  SPREAD        GAIN     LOSS  SIGNAL
26  BTC_USD 2024-03-11 12:04:00+00:00  71717.3  71692.2  0.0  0.0    62.6   49.619444  71717.3       0
27  BTC_USD 2024-03-11 12:05:00+00:00  71840.2  71714.4  0.0  0.0    85.9  190.833333  71840.2       0
28  BTC_USD 2024-03-11 12:06:00+00:00  71785.4  71846.2  0.0  0.0    58.0  128.752778  71785.4       0
29  BTC_USD 2024-03-11 12:07:00+00:00  71753.0  71784.0  0.0  0.0    80.0   76.033333  71753.0       0
30  BTC_USD 2024-03-11 12:08:00+00:00  71652.6  71750.8  0.0  0.0    63.9   35.955556  71652.6       0
2024-03-11 13:10:02 CandleManager() new candle:last_candle:24-03-11 12:09 is_ready:True
2024-03-11 13:10:03 tech_manager: max_rows:32 candle_time:2024-03-11 12:09:00+00:00 granularity:M1
2024-03-11 13:10:04 process_candles:
       PAIR                      time    mid_c    mid_o   SL   TP  SPREAD        GAIN     LOSS  SIGNAL
26  BTC_USD 2024-03-11 12:05:00+00:00  71840.2  71714.4  0.0  0.0    85.9  190.833333  71840.2       0
27  BTC_USD 2024-03-11 12:06:00+00:00  71785.4  71846.2  0.0  0.0    58.0  128.752778  71785.4       0
28  BTC_USD 2024-03-11 12:07:00+00:00  71753.0  71784.0  0.0  0.0    80.0   76.033333  71753.0       0
29  BTC_USD 2024-03-11 12:08:00+00:00  71652.6  71750.8  0.0  0.0    63.9   35.955556  71652.6       0
30  BTC_USD 2024-03-11 12:09:00+00:00  71623.9  71648.4  0.0  0.0    77.6   57.908333  71623.9       0
