2024-03-11 12:25:23 LogWrapper init() ./logs/EUR_CHF.log
2024-03-11 12:25:23 {'n_ma': 12, 'n_std': 2.5, 'maxspread': 0.0004, 'mingain': 0.0006, 'riskreward': 1.5}
2024-03-11 12:25:24 CandleManager() init last_candle:last_candle:24-03-11 11:24 is_ready:False
2024-03-11 12:26:07 CandleManager() new candle:last_candle:24-03-11 11:25 is_ready:True
2024-03-11 12:26:08 tech_manager: max_rows:32 candle_time:2024-03-11 11:25:00+00:00 granularity:M1
2024-03-11 12:26:08 process_candles:
       PAIR                      time    mid_c    mid_o   SL   TP   SPREAD      GAIN     LOSS  SIGNAL
26  EUR_CHF 2024-03-11 11:21:00+00:00  0.95884  0.95893  0.0  0.0  0.00016  0.000194  0.95884       0
27  EUR_CHF 2024-03-11 11:22:00+00:00  0.95890  0.95886  0.0  0.0  0.00015  0.000111  0.95890       0
28  EUR_CHF 2024-03-11 11:23:00+00:00  0.95887  0.95886  0.0  0.0  0.00014  0.000111  0.95887       0
29  EUR_CHF 2024-03-11 11:24:00+00:00  0.95892  0.95886  0.0  0.0  0.00015  0.000039  0.95892       0
30  EUR_CHF 2024-03-11 11:25:00+00:00  0.95882  0.95891  0.0  0.0  0.00014  0.000123  0.95882       0
2024-03-11 12:27:03 CandleManager() new candle:last_candle:24-03-11 11:26 is_ready:True
2024-03-11 12:27:04 tech_manager: max_rows:32 candle_time:2024-03-11 11:26:00+00:00 granularity:M1
2024-03-11 12:27:04 process_candles:
       PAIR                      time    mid_c    mid_o   SL   TP   SPREAD      GAIN     LOSS  SIGNAL
26  EUR_CHF 2024-03-11 11:22:00+00:00  0.95890  0.95886  0.0  0.0  0.00015  0.000111  0.95890       0
27  EUR_CHF 2024-03-11 11:23:00+00:00  0.95887  0.95886  0.0  0.0  0.00014  0.000111  0.95887       0
28  EUR_CHF 2024-03-11 11:24:00+00:00  0.95892  0.95886  0.0  0.0  0.00015  0.000039  0.95892       0
29  EUR_CHF 2024-03-11 11:25:00+00:00  0.95882  0.95891  0.0  0.0  0.00014  0.000123  0.95882       0
30  EUR_CHF 2024-03-11 11:26:00+00:00  0.95880  0.95884  0.0  0.0  0.00015  0.000124  0.95880       0
2024-03-11 12:28:10 CandleManager() new candle:last_candle:24-03-11 11:27 is_ready:True
2024-03-11 12:28:10 tech_manager: max_rows:32 candle_time:2024-03-11 11:27:00+00:00 granularity:M1
2024-03-11 12:28:11 process_candles:
       PAIR                      time    mid_c    mid_o   SL   TP   SPREAD      GAIN     LOSS  SIGNAL
26  EUR_CHF 2024-03-11 11:23:00+00:00  0.95887  0.95886  0.0  0.0  0.00014  0.000111  0.95887       0
27  EUR_CHF 2024-03-11 11:24:00+00:00  0.95892  0.95886  0.0  0.0  0.00015  0.000039  0.95892       0
28  EUR_CHF 2024-03-11 11:25:00+00:00  0.95882  0.95891  0.0  0.0  0.00014  0.000123  0.95882       0
29  EUR_CHF 2024-03-11 11:26:00+00:00  0.95880  0.95884  0.0  0.0  0.00015  0.000124  0.95880       0
30  EUR_CHF 2024-03-11 11:27:00+00:00  0.95866  0.95878  0.0  0.0  0.00016  0.000231  0.95866       0
2024-03-11 12:29:05 CandleManager() new candle:last_candle:24-03-11 11:28 is_ready:True
2024-03-11 12:29:06 tech_manager: max_rows:32 candle_time:2024-03-11 11:28:00+00:00 granularity:M1
2024-03-11 12:29:06 process_candles:
       PAIR                      time    mid_c    mid_o   SL   TP   SPREAD      GAIN     LOSS  SIGNAL
27  EUR_CHF 2024-03-11 11:24:00+00:00  0.95892  0.95886  0.0  0.0  0.00015  0.000039  0.95892       0
28  EUR_CHF 2024-03-11 11:25:00+00:00  0.95882  0.95891  0.0  0.0  0.00014  0.000123  0.95882       0
29  EUR_CHF 2024-03-11 11:26:00+00:00  0.95880  0.95884  0.0  0.0  0.00015  0.000124  0.95880       0
30  EUR_CHF 2024-03-11 11:27:00+00:00  0.95866  0.95878  0.0  0.0  0.00016  0.000231  0.95866       0
31  EUR_CHF 2024-03-11 11:28:00+00:00  0.95867  0.95866  0.0  0.0  0.00014  0.000189  0.95867       0
2024-03-11 12:30:13 CandleManager() new candle:last_candle:24-03-11 11:29 is_ready:True
2024-03-11 12:30:13 tech_manager: max_rows:32 candle_time:2024-03-11 11:29:00+00:00 granularity:M1
2024-03-11 12:30:14 process_candles:
       PAIR                      time    mid_c    mid_o   SL   TP   SPREAD      GAIN     LOSS  SIGNAL
26  EUR_CHF 2024-03-11 11:25:00+00:00  0.95882  0.95891  0.0  0.0  0.00014  0.000122  0.95882       0
27  EUR_CHF 2024-03-11 11:26:00+00:00  0.95880  0.95884  0.0  0.0  0.00015  0.000124  0.95880       0
28  EUR_CHF 2024-03-11 11:27:00+00:00  0.95866  0.95878  0.0  0.0  0.00016  0.000231  0.95866       0
29  EUR_CHF 2024-03-11 11:28:00+00:00  0.95867  0.95866  0.0  0.0  0.00014  0.000189  0.95867       0
30  EUR_CHF 2024-03-11 11:29:00+00:00  0.95866  0.95862  0.0  0.0  0.00015  0.000172  0.95866       0
2024-03-11 12:31:08 CandleManager() new candle:last_candle:24-03-11 11:30 is_ready:True
2024-03-11 12:31:09 tech_manager: max_rows:32 candle_time:2024-03-11 11:30:00+00:00 granularity:M1
2024-03-11 12:31:09 process_candles:
       PAIR                      time    mid_c    mid_o   SL   TP   SPREAD      GAIN     LOSS  SIGNAL
26  EUR_CHF 2024-03-11 11:26:00+00:00  0.95880  0.95884  0.0  0.0  0.00015  0.000124  0.95880       0
27  EUR_CHF 2024-03-11 11:27:00+00:00  0.95866  0.95878  0.0  0.0  0.00016  0.000231  0.95866       0
28  EUR_CHF 2024-03-11 11:28:00+00:00  0.95867  0.95866  0.0  0.0  0.00014  0.000189  0.95867       0
29  EUR_CHF 2024-03-11 11:29:00+00:00  0.95866  0.95862  0.0  0.0  0.00015  0.000172  0.95866       0
30  EUR_CHF 2024-03-11 11:30:00+00:00  0.95866  0.95866  0.0  0.0  0.00013  0.000152  0.95866       0
2024-03-11 12:32:16 CandleManager() new candle:last_candle:24-03-11 11:31 is_ready:True
2024-03-11 12:32:17 tech_manager: max_rows:32 candle_time:2024-03-11 11:31:00+00:00 granularity:M1
2024-03-11 12:32:17 process_candles:
       PAIR                      time    mid_c    mid_o   SL   TP   SPREAD      GAIN     LOSS  SIGNAL
27  EUR_CHF 2024-03-11 11:27:00+00:00  0.95866  0.95878  0.0  0.0  0.00016  0.000231  0.95866       0
28  EUR_CHF 2024-03-11 11:28:00+00:00  0.95867  0.95866  0.0  0.0  0.00014  0.000189  0.95867       0
29  EUR_CHF 2024-03-11 11:29:00+00:00  0.95866  0.95862  0.0  0.0  0.00015  0.000172  0.95866       0
30  EUR_CHF 2024-03-11 11:30:00+00:00  0.95866  0.95866  0.0  0.0  0.00013  0.000152  0.95866       0
31  EUR_CHF 2024-03-11 11:31:00+00:00  0.95865  0.95867  0.0  0.0  0.00014  0.000136  0.95865       0
2024-03-11 12:33:11 CandleManager() new candle:last_candle:24-03-11 11:32 is_ready:True
2024-03-11 12:33:11 tech_manager: max_rows:32 candle_time:2024-03-11 11:32:00+00:00 granularity:M1
2024-03-11 12:33:12 process_candles:
       PAIR                      time    mid_c    mid_o   SL   TP   SPREAD      GAIN     LOSS  SIGNAL
27  EUR_CHF 2024-03-11 11:28:00+00:00  0.95867  0.95866  0.0  0.0  0.00014  0.000189  0.95867       0
28  EUR_CHF 2024-03-11 11:29:00+00:00  0.95866  0.95862  0.0  0.0  0.00015  0.000172  0.95866       0
29  EUR_CHF 2024-03-11 11:30:00+00:00  0.95866  0.95866  0.0  0.0  0.00013  0.000152  0.95866       0
30  EUR_CHF 2024-03-11 11:31:00+00:00  0.95865  0.95867  0.0  0.0  0.00014  0.000136  0.95865       0
31  EUR_CHF 2024-03-11 11:32:00+00:00  0.95866  0.95866  0.0  0.0  0.00014  0.000103  0.95866       0
2024-03-11 12:34:06 CandleManager() new candle:last_candle:24-03-11 11:33 is_ready:True
2024-03-11 12:34:07 tech_manager: max_rows:32 candle_time:2024-03-11 11:33:00+00:00 granularity:M1
2024-03-11 12:34:07 process_candles:
       PAIR                      time    mid_c    mid_o   SL   TP   SPREAD      GAIN     LOSS  SIGNAL
26  EUR_CHF 2024-03-11 11:29:00+00:00  0.95866  0.95862  0.0  0.0  0.00015  0.000172  0.95866       0
27  EUR_CHF 2024-03-11 11:30:00+00:00  0.95866  0.95866  0.0  0.0  0.00013  0.000152  0.95866       0
28  EUR_CHF 2024-03-11 11:31:00+00:00  0.95865  0.95867  0.0  0.0  0.00014  0.000136  0.95865       0
29  EUR_CHF 2024-03-11 11:32:00+00:00  0.95866  0.95866  0.0  0.0  0.00014  0.000103  0.95866       0
30  EUR_CHF 2024-03-11 11:33:00+00:00  0.95865  0.95863  0.0  0.0  0.00014  0.000095  0.95865       0
2024-03-11 12:35:14 CandleManager() new candle:last_candle:24-03-11 11:34 is_ready:True
2024-03-11 12:35:14 tech_manager: max_rows:32 candle_time:2024-03-11 11:34:00+00:00 granularity:M1
2024-03-11 12:35:14 process_candles:
       PAIR                      time    mid_c    mid_o   SL   TP   SPREAD      GAIN     LOSS  SIGNAL
26  EUR_CHF 2024-03-11 11:30:00+00:00  0.95866  0.95866  0.0  0.0  0.00013  0.000152  0.95866       0
27  EUR_CHF 2024-03-11 11:31:00+00:00  0.95865  0.95867  0.0  0.0  0.00014  0.000136  0.95865       0
28  EUR_CHF 2024-03-11 11:32:00+00:00  0.95866  0.95866  0.0  0.0  0.00014  0.000103  0.95866       0
29  EUR_CHF 2024-03-11 11:33:00+00:00  0.95865  0.95863  0.0  0.0  0.00014  0.000095  0.95865       0
30  EUR_CHF 2024-03-11 11:34:00+00:00  0.95865  0.95866  0.0  0.0  0.00014  0.000075  0.95865       0
2024-03-11 12:36:08 CandleManager() new candle:last_candle:24-03-11 11:35 is_ready:True
2024-03-11 12:36:09 tech_manager: max_rows:32 candle_time:2024-03-11 11:35:00+00:00 granularity:M1
2024-03-11 12:36:09 process_candles:
       PAIR                      time    mid_c    mid_o   SL   TP   SPREAD      GAIN     LOSS  SIGNAL
26  EUR_CHF 2024-03-11 11:31:00+00:00  0.95865  0.95867  0.0  0.0  0.00014  0.000136  0.95865       0
27  EUR_CHF 2024-03-11 11:32:00+00:00  0.95866  0.95866  0.0  0.0  0.00014  0.000103  0.95866       0
28  EUR_CHF 2024-03-11 11:33:00+00:00  0.95865  0.95863  0.0  0.0  0.00014  0.000095  0.95865       0
29  EUR_CHF 2024-03-11 11:34:00+00:00  0.95865  0.95866  0.0  0.0  0.00014  0.000075  0.95865       0
30  EUR_CHF 2024-03-11 11:35:00+00:00  0.95853  0.95864  0.0  0.0  0.00016  0.000170  0.95853       0
2024-03-11 12:37:04 CandleManager() new candle:last_candle:24-03-11 11:36 is_ready:True
2024-03-11 12:37:05 tech_manager: max_rows:32 candle_time:2024-03-11 11:36:00+00:00 granularity:M1
2024-03-11 12:37:05 process_candles:
       PAIR                      time    mid_c    mid_o   SL   TP   SPREAD      GAIN     LOSS  SIGNAL
26  EUR_CHF 2024-03-11 11:32:00+00:00  0.95866  0.95866  0.0  0.0  0.00014  0.000103  0.95866       0
27  EUR_CHF 2024-03-11 11:33:00+00:00  0.95865  0.95863  0.0  0.0  0.00014  0.000095  0.95865       0
28  EUR_CHF 2024-03-11 11:34:00+00:00  0.95865  0.95866  0.0  0.0  0.00014  0.000075  0.95865       0
29  EUR_CHF 2024-03-11 11:35:00+00:00  0.95853  0.95864  0.0  0.0  0.00016  0.000170  0.95853       0
30  EUR_CHF 2024-03-11 11:36:00+00:00  0.95846  0.95854  0.0  0.0  0.00018  0.000206  0.95846       0
2024-03-11 12:38:10 CandleManager() new candle:last_candle:24-03-11 11:37 is_ready:True
2024-03-11 12:38:11 tech_manager: max_rows:32 candle_time:2024-03-11 11:37:00+00:00 granularity:M1
2024-03-11 12:38:11 process_candles:
       PAIR                      time    mid_c    mid_o   SL   TP   SPREAD      GAIN     LOSS  SIGNAL
26  EUR_CHF 2024-03-11 11:33:00+00:00  0.95865  0.95863  0.0  0.0  0.00014  0.000095  0.95865       0
27  EUR_CHF 2024-03-11 11:34:00+00:00  0.95865  0.95866  0.0  0.0  0.00014  0.000075  0.95865       0
28  EUR_CHF 2024-03-11 11:35:00+00:00  0.95853  0.95864  0.0  0.0  0.00016  0.000170  0.95853       0
29  EUR_CHF 2024-03-11 11:36:00+00:00  0.95846  0.95854  0.0  0.0  0.00018  0.000206  0.95846       0
30  EUR_CHF 2024-03-11 11:37:00+00:00  0.95840  0.95844  0.0  0.0  0.00015  0.000229  0.95840       0
2024-03-11 12:39:06 CandleManager() new candle:last_candle:24-03-11 11:38 is_ready:True
2024-03-11 12:39:07 tech_manager: max_rows:32 candle_time:2024-03-11 11:38:00+00:00 granularity:M1
2024-03-11 12:39:07 process_candles:
       PAIR                      time    mid_c    mid_o   SL   TP   SPREAD      GAIN     LOSS  SIGNAL
26  EUR_CHF 2024-03-11 11:34:00+00:00  0.95865  0.95866  0.0  0.0  0.00014  0.000075  0.95865       0
27  EUR_CHF 2024-03-11 11:35:00+00:00  0.95853  0.95864  0.0  0.0  0.00016  0.000170  0.95853       0
28  EUR_CHF 2024-03-11 11:36:00+00:00  0.95846  0.95854  0.0  0.0  0.00018  0.000206  0.95846       0
29  EUR_CHF 2024-03-11 11:37:00+00:00  0.95840  0.95844  0.0  0.0  0.00015  0.000229  0.95840       0
30  EUR_CHF 2024-03-11 11:38:00+00:00  0.95852  0.95840  0.0  0.0  0.00016  0.000081  0.95852       0
2024-03-11 12:40:14 CandleManager() new candle:last_candle:24-03-11 11:39 is_ready:True
2024-03-11 12:40:14 tech_manager: max_rows:32 candle_time:2024-03-11 11:39:00+00:00 granularity:M1
2024-03-11 12:40:14 process_candles:
       PAIR                      time    mid_c    mid_o   SL   TP   SPREAD      GAIN     LOSS  SIGNAL
26  EUR_CHF 2024-03-11 11:35:00+00:00  0.95853  0.95864  0.0  0.0  0.00016  0.000170  0.95853       0
27  EUR_CHF 2024-03-11 11:36:00+00:00  0.95846  0.95854  0.0  0.0  0.00018  0.000206  0.95846       0
28  EUR_CHF 2024-03-11 11:37:00+00:00  0.95840  0.95844  0.0  0.0  0.00015  0.000229  0.95840       0
29  EUR_CHF 2024-03-11 11:38:00+00:00  0.95852  0.95840  0.0  0.0  0.00016  0.000081  0.95852       0
30  EUR_CHF 2024-03-11 11:39:00+00:00  0.95840  0.95851  0.0  0.0  0.00017  0.000179  0.95840       0
2024-03-11 12:41:08 CandleManager() new candle:last_candle:24-03-11 11:40 is_ready:True
2024-03-11 12:41:09 tech_manager: max_rows:32 candle_time:2024-03-11 11:40:00+00:00 granularity:M1
2024-03-11 12:41:09 process_candles:
       PAIR                      time    mid_c    mid_o   SL   TP   SPREAD      GAIN     LOSS  SIGNAL
26  EUR_CHF 2024-03-11 11:36:00+00:00  0.95846  0.95854  0.0  0.0  0.00018  0.000206  0.95846       0
27  EUR_CHF 2024-03-11 11:37:00+00:00  0.95840  0.95844  0.0  0.0  0.00015  0.000229  0.95840       0
28  EUR_CHF 2024-03-11 11:38:00+00:00  0.95852  0.95840  0.0  0.0  0.00016  0.000081  0.95852       0
29  EUR_CHF 2024-03-11 11:39:00+00:00  0.95840  0.95851  0.0  0.0  0.00017  0.000179  0.95840       0
30  EUR_CHF 2024-03-11 11:40:00+00:00  0.95856  0.95841  0.0  0.0  0.00015  0.000006  0.95856       0
2024-03-11 12:42:04 CandleManager() new candle:last_candle:24-03-11 11:41 is_ready:True
2024-03-11 12:42:05 tech_manager: max_rows:32 candle_time:2024-03-11 11:41:00+00:00 granularity:M1
2024-03-11 12:42:05 process_candles:
       PAIR                      time    mid_c    mid_o   SL   TP   SPREAD      GAIN     LOSS  SIGNAL
26  EUR_CHF 2024-03-11 11:37:00+00:00  0.95840  0.95844  0.0  0.0  0.00015  0.000229  0.95840       0
27  EUR_CHF 2024-03-11 11:38:00+00:00  0.95852  0.95840  0.0  0.0  0.00016  0.000081  0.95852       0
28  EUR_CHF 2024-03-11 11:39:00+00:00  0.95840  0.95851  0.0  0.0  0.00017  0.000179  0.95840       0
29  EUR_CHF 2024-03-11 11:40:00+00:00  0.95856  0.95841  0.0  0.0  0.00015  0.000006  0.95856       0
30  EUR_CHF 2024-03-11 11:41:00+00:00  0.95842  0.95857  0.0  0.0  0.00017  0.000132  0.95842       0
2024-03-11 12:43:10 CandleManager() new candle:last_candle:24-03-11 11:42 is_ready:True
2024-03-11 12:43:11 tech_manager: max_rows:32 candle_time:2024-03-11 11:42:00+00:00 granularity:M1
2024-03-11 12:43:11 process_candles:
       PAIR                      time    mid_c    mid_o   SL   TP   SPREAD      GAIN     LOSS  SIGNAL
26  EUR_CHF 2024-03-11 11:38:00+00:00  0.95852  0.95840  0.0  0.0  0.00016  0.000081  0.95852       0
27  EUR_CHF 2024-03-11 11:39:00+00:00  0.95840  0.95851  0.0  0.0  0.00017  0.000179  0.95840       0
28  EUR_CHF 2024-03-11 11:40:00+00:00  0.95856  0.95841  0.0  0.0  0.00015  0.000006  0.95856       0
29  EUR_CHF 2024-03-11 11:41:00+00:00  0.95842  0.95857  0.0  0.0  0.00017  0.000132  0.95842       0
30  EUR_CHF 2024-03-11 11:42:00+00:00  0.95836  0.95841  0.0  0.0  0.00015  0.000168  0.95836       0
2024-03-11 12:44:06 CandleManager() new candle:last_candle:24-03-11 11:43 is_ready:True
2024-03-11 12:44:06 tech_manager: max_rows:32 candle_time:2024-03-11 11:43:00+00:00 granularity:M1
2024-03-11 12:44:07 process_candles:
       PAIR                      time    mid_c    mid_o   SL   TP   SPREAD      GAIN     LOSS  SIGNAL
27  EUR_CHF 2024-03-11 11:39:00+00:00  0.95840  0.95851  0.0  0.0  0.00017  0.000179  0.95840       0
28  EUR_CHF 2024-03-11 11:40:00+00:00  0.95856  0.95841  0.0  0.0  0.00015  0.000006  0.95856       0
29  EUR_CHF 2024-03-11 11:41:00+00:00  0.95842  0.95857  0.0  0.0  0.00017  0.000132  0.95842       0
30  EUR_CHF 2024-03-11 11:42:00+00:00  0.95836  0.95841  0.0  0.0  0.00015  0.000168  0.95836       0
31  EUR_CHF 2024-03-11 11:43:00+00:00  0.95842  0.95837  0.0  0.0  0.00016  0.000088  0.95842       0
2024-03-11 12:45:13 CandleManager() new candle:last_candle:24-03-11 11:44 is_ready:True
2024-03-11 12:45:14 tech_manager: max_rows:32 candle_time:2024-03-11 11:44:00+00:00 granularity:M1
2024-03-11 12:45:14 process_candles:
       PAIR                      time    mid_c    mid_o   SL   TP   SPREAD      GAIN     LOSS  SIGNAL
27  EUR_CHF 2024-03-11 11:40:00+00:00  0.95856  0.95841  0.0  0.0  0.00015  0.000006  0.95856       0
28  EUR_CHF 2024-03-11 11:41:00+00:00  0.95842  0.95857  0.0  0.0  0.00017  0.000132  0.95842       0
29  EUR_CHF 2024-03-11 11:42:00+00:00  0.95836  0.95841  0.0  0.0  0.00015  0.000168  0.95836       0
30  EUR_CHF 2024-03-11 11:43:00+00:00  0.95842  0.95837  0.0  0.0  0.00016  0.000088  0.95842       0
31  EUR_CHF 2024-03-11 11:44:00+00:00  0.95850  0.95846  0.0  0.0  0.00017  0.000006  0.95850       0
2024-03-11 12:46:08 CandleManager() new candle:last_candle:24-03-11 11:45 is_ready:True
2024-03-11 12:46:09 tech_manager: max_rows:32 candle_time:2024-03-11 11:45:00+00:00 granularity:M1
2024-03-11 12:46:09 process_candles:
       PAIR                      time    mid_c    mid_o   SL   TP   SPREAD      GAIN     LOSS  SIGNAL
26  EUR_CHF 2024-03-11 11:41:00+00:00  0.95842  0.95857  0.0  0.0  0.00017  0.000132  0.95842       0
27  EUR_CHF 2024-03-11 11:42:00+00:00  0.95836  0.95841  0.0  0.0  0.00015  0.000168  0.95836       0
28  EUR_CHF 2024-03-11 11:43:00+00:00  0.95842  0.95837  0.0  0.0  0.00016  0.000088  0.95842       0
29  EUR_CHF 2024-03-11 11:44:00+00:00  0.95850  0.95846  0.0  0.0  0.00017  0.000006  0.95850       0
30  EUR_CHF 2024-03-11 11:45:00+00:00  0.95860  0.95858  0.0  0.0  0.00018  0.000110  0.95860       0
2024-03-11 12:47:15 CandleManager() new candle:last_candle:24-03-11 11:46 is_ready:True
2024-03-11 12:47:15 tech_manager: max_rows:32 candle_time:2024-03-11 11:46:00+00:00 granularity:M1
2024-03-11 12:47:15 process_candles:
       PAIR                      time    mid_c    mid_o   SL   TP   SPREAD      GAIN     LOSS  SIGNAL
27  EUR_CHF 2024-03-11 11:42:00+00:00  0.95836  0.95841  0.0  0.0  0.00015  0.000168  0.95836       0
28  EUR_CHF 2024-03-11 11:43:00+00:00  0.95842  0.95837  0.0  0.0  0.00016  0.000088  0.95842       0
29  EUR_CHF 2024-03-11 11:44:00+00:00  0.95850  0.95846  0.0  0.0  0.00017  0.000006  0.95850       0
30  EUR_CHF 2024-03-11 11:45:00+00:00  0.95860  0.95858  0.0  0.0  0.00018  0.000110  0.95860       0
31  EUR_CHF 2024-03-11 11:46:00+00:00  0.95852  0.95860  0.0  0.0  0.00017  0.000039  0.95852       0
2024-03-11 12:48:10 CandleManager() new candle:last_candle:24-03-11 11:47 is_ready:True
2024-03-11 12:48:10 tech_manager: max_rows:32 candle_time:2024-03-11 11:47:00+00:00 granularity:M1
2024-03-11 12:48:11 process_candles:
       PAIR                      time    mid_c    mid_o   SL   TP   SPREAD      GAIN     LOSS  SIGNAL
26  EUR_CHF 2024-03-11 11:43:00+00:00  0.95842  0.95837  0.0  0.0  0.00016  0.000088  0.95842       0
27  EUR_CHF 2024-03-11 11:44:00+00:00  0.95850  0.95846  0.0  0.0  0.00017  0.000006  0.95850       0
28  EUR_CHF 2024-03-11 11:45:00+00:00  0.95860  0.95858  0.0  0.0  0.00018  0.000110  0.95860       0
29  EUR_CHF 2024-03-11 11:46:00+00:00  0.95852  0.95860  0.0  0.0  0.00017  0.000039  0.95852       0
30  EUR_CHF 2024-03-11 11:47:00+00:00  0.95856  0.95854  0.0  0.0  0.00017  0.000082  0.95856       0
2024-03-11 12:49:05 CandleManager() new candle:last_candle:24-03-11 11:48 is_ready:True
2024-03-11 12:49:06 tech_manager: max_rows:32 candle_time:2024-03-11 11:48:00+00:00 granularity:M1
2024-03-11 12:49:06 process_candles:
       PAIR                      time    mid_c    mid_o   SL   TP   SPREAD      GAIN     LOSS  SIGNAL
27  EUR_CHF 2024-03-11 11:44:00+00:00  0.95850  0.95846  0.0  0.0  0.00017  0.000006  0.95850       0
28  EUR_CHF 2024-03-11 11:45:00+00:00  0.95860  0.95858  0.0  0.0  0.00018  0.000110  0.95860       0
29  EUR_CHF 2024-03-11 11:46:00+00:00  0.95852  0.95860  0.0  0.0  0.00017  0.000039  0.95852       0
30  EUR_CHF 2024-03-11 11:47:00+00:00  0.95856  0.95854  0.0  0.0  0.00017  0.000082  0.95856       0
31  EUR_CHF 2024-03-11 11:48:00+00:00  0.95858  0.95858  0.0  0.0  0.00015  0.000094  0.95858       0
2024-03-11 12:50:12 CandleManager() new candle:last_candle:24-03-11 11:49 is_ready:True
2024-03-11 12:50:13 tech_manager: max_rows:32 candle_time:2024-03-11 11:49:00+00:00 granularity:M1
2024-03-11 12:50:13 process_candles:
       PAIR                      time    mid_c    mid_o   SL   TP   SPREAD      GAIN     LOSS  SIGNAL
26  EUR_CHF 2024-03-11 11:45:00+00:00  0.95860  0.95858  0.0  0.0  0.00018  0.000110  0.95860       0
27  EUR_CHF 2024-03-11 11:46:00+00:00  0.95852  0.95860  0.0  0.0  0.00017  0.000039  0.95852       0
28  EUR_CHF 2024-03-11 11:47:00+00:00  0.95856  0.95854  0.0  0.0  0.00017  0.000082  0.95856       0
29  EUR_CHF 2024-03-11 11:48:00+00:00  0.95858  0.95858  0.0  0.0  0.00015  0.000094  0.95858       0
30  EUR_CHF 2024-03-11 11:49:00+00:00  0.95867  0.95859  0.0  0.0  0.00018  0.000163  0.95867       0
2024-03-11 12:51:07 CandleManager() new candle:last_candle:24-03-11 11:50 is_ready:True
2024-03-11 12:51:08 tech_manager: max_rows:32 candle_time:2024-03-11 11:50:00+00:00 granularity:M1
2024-03-11 12:51:08 process_candles:
       PAIR                      time    mid_c    mid_o   SL   TP   SPREAD      GAIN     LOSS  SIGNAL
27  EUR_CHF 2024-03-11 11:46:00+00:00  0.95852  0.95860  0.0  0.0  0.00017  0.000039  0.95852       0
28  EUR_CHF 2024-03-11 11:47:00+00:00  0.95856  0.95854  0.0  0.0  0.00017  0.000082  0.95856       0
29  EUR_CHF 2024-03-11 11:48:00+00:00  0.95858  0.95858  0.0  0.0  0.00015  0.000094  0.95858       0
30  EUR_CHF 2024-03-11 11:49:00+00:00  0.95867  0.95859  0.0  0.0  0.00018  0.000163  0.95867       0
31  EUR_CHF 2024-03-11 11:50:00+00:00  0.95868  0.95866  0.0  0.0  0.00017  0.000157  0.95868       0
2024-03-11 12:52:15 CandleManager() new candle:last_candle:24-03-11 11:51 is_ready:True
2024-03-11 12:52:15 tech_manager: max_rows:32 candle_time:2024-03-11 11:51:00+00:00 granularity:M1
2024-03-11 12:52:15 process_candles:
       PAIR                      time    mid_c    mid_o   SL   TP   SPREAD      GAIN     LOSS  SIGNAL
26  EUR_CHF 2024-03-11 11:47:00+00:00  0.95856  0.95854  0.0  0.0  0.00017  0.000082  0.95856       0
27  EUR_CHF 2024-03-11 11:48:00+00:00  0.95858  0.95858  0.0  0.0  0.00015  0.000094  0.95858       0
28  EUR_CHF 2024-03-11 11:49:00+00:00  0.95867  0.95859  0.0  0.0  0.00018  0.000163  0.95867       0
29  EUR_CHF 2024-03-11 11:50:00+00:00  0.95868  0.95866  0.0  0.0  0.00017  0.000157  0.95868       0
30  EUR_CHF 2024-03-11 11:51:00+00:00  0.95862  0.95864  0.0  0.0  0.00014  0.000080  0.95862       0
2024-03-11 12:53:09 CandleManager() new candle:last_candle:24-03-11 11:52 is_ready:True
2024-03-11 12:53:10 tech_manager: max_rows:32 candle_time:2024-03-11 11:52:00+00:00 granularity:M1
2024-03-11 12:53:10 process_candles:
       PAIR                      time    mid_c    mid_o   SL   TP   SPREAD      GAIN     LOSS  SIGNAL
27  EUR_CHF 2024-03-11 11:48:00+00:00  0.95858  0.95858  0.0  0.0  0.00015  0.000094  0.95858       0
28  EUR_CHF 2024-03-11 11:49:00+00:00  0.95867  0.95859  0.0  0.0  0.00018  0.000163  0.95867       0
29  EUR_CHF 2024-03-11 11:50:00+00:00  0.95868  0.95866  0.0  0.0  0.00017  0.000157  0.95868       0
30  EUR_CHF 2024-03-11 11:51:00+00:00  0.95862  0.95864  0.0  0.0  0.00014  0.000080  0.95862       0
31  EUR_CHF 2024-03-11 11:52:00+00:00  0.95860  0.95862  0.0  0.0  0.00015  0.000053  0.95860       0
2024-03-11 12:54:06 CandleManager() new candle:last_candle:24-03-11 11:53 is_ready:True
2024-03-11 12:54:06 tech_manager: max_rows:32 candle_time:2024-03-11 11:53:00+00:00 granularity:M1
2024-03-11 12:54:06 process_candles:
       PAIR                      time    mid_c    mid_o   SL   TP   SPREAD      GAIN     LOSS  SIGNAL
26  EUR_CHF 2024-03-11 11:49:00+00:00  0.95867  0.95859  0.0  0.0  0.00018  0.000163  0.95867       0
27  EUR_CHF 2024-03-11 11:50:00+00:00  0.95868  0.95866  0.0  0.0  0.00017  0.000157  0.95868       0
28  EUR_CHF 2024-03-11 11:51:00+00:00  0.95862  0.95864  0.0  0.0  0.00014  0.000080  0.95862       0
29  EUR_CHF 2024-03-11 11:52:00+00:00  0.95860  0.95862  0.0  0.0  0.00015  0.000053  0.95860       0
30  EUR_CHF 2024-03-11 11:53:00+00:00  0.95872  0.95862  0.0  0.0  0.00017  0.000154  0.95872       0
2024-03-11 12:55:01 CandleManager() new candle:last_candle:24-03-11 11:54 is_ready:True
2024-03-11 12:55:02 tech_manager: max_rows:32 candle_time:2024-03-11 11:54:00+00:00 granularity:M1
2024-03-11 12:55:02 process_candles:
       PAIR                      time    mid_c    mid_o   SL   TP   SPREAD      GAIN     LOSS  SIGNAL
26  EUR_CHF 2024-03-11 11:50:00+00:00  0.95868  0.95866  0.0  0.0  0.00017  0.000157  0.95868       0
27  EUR_CHF 2024-03-11 11:51:00+00:00  0.95862  0.95864  0.0  0.0  0.00014  0.000080  0.95862       0
28  EUR_CHF 2024-03-11 11:52:00+00:00  0.95860  0.95862  0.0  0.0  0.00015  0.000053  0.95860       0
29  EUR_CHF 2024-03-11 11:53:00+00:00  0.95872  0.95862  0.0  0.0  0.00017  0.000154  0.95872       0
30  EUR_CHF 2024-03-11 11:54:00+00:00  0.95874  0.95872  0.0  0.0  0.00016  0.000145  0.95874       0
2024-03-11 12:56:08 CandleManager() new candle:last_candle:24-03-11 11:55 is_ready:True
2024-03-11 12:56:08 tech_manager: max_rows:32 candle_time:2024-03-11 11:55:00+00:00 granularity:M1
2024-03-11 12:56:09 process_candles:
       PAIR                      time    mid_c    mid_o   SL   TP   SPREAD      GAIN     LOSS  SIGNAL
26  EUR_CHF 2024-03-11 11:51:00+00:00  0.95862  0.95864  0.0  0.0  0.00014  0.000080  0.95862       0
27  EUR_CHF 2024-03-11 11:52:00+00:00  0.95860  0.95862  0.0  0.0  0.00015  0.000053  0.95860       0
28  EUR_CHF 2024-03-11 11:53:00+00:00  0.95872  0.95862  0.0  0.0  0.00017  0.000154  0.95872       0
29  EUR_CHF 2024-03-11 11:54:00+00:00  0.95874  0.95872  0.0  0.0  0.00016  0.000145  0.95874       0
30  EUR_CHF 2024-03-11 11:55:00+00:00  0.95886  0.95873  0.0  0.0  0.00016  0.000231  0.95886       0
2024-03-11 12:57:03 CandleManager() new candle:last_candle:24-03-11 11:56 is_ready:True
2024-03-11 12:57:04 tech_manager: max_rows:32 candle_time:2024-03-11 11:56:00+00:00 granularity:M1
2024-03-11 12:57:05 process_candles:
       PAIR                      time    mid_c    mid_o   SL   TP   SPREAD      GAIN     LOSS  SIGNAL
26  EUR_CHF 2024-03-11 11:52:00+00:00  0.95860  0.95862  0.0  0.0  0.00015  0.000053  0.95860       0
27  EUR_CHF 2024-03-11 11:53:00+00:00  0.95872  0.95862  0.0  0.0  0.00017  0.000154  0.95872       0
28  EUR_CHF 2024-03-11 11:54:00+00:00  0.95874  0.95872  0.0  0.0  0.00016  0.000145  0.95874       0
29  EUR_CHF 2024-03-11 11:55:00+00:00  0.95886  0.95873  0.0  0.0  0.00016  0.000231  0.95886       0
30  EUR_CHF 2024-03-11 11:56:00+00:00  0.95894  0.95888  0.0  0.0  0.00017  0.000274  0.95894       0
2024-03-11 12:58:10 CandleManager() new candle:last_candle:24-03-11 11:57 is_ready:True
2024-03-11 12:58:11 tech_manager: max_rows:32 candle_time:2024-03-11 11:57:00+00:00 granularity:M1
2024-03-11 12:58:11 process_candles:
       PAIR                      time    mid_c    mid_o   SL   TP   SPREAD      GAIN     LOSS  SIGNAL
26  EUR_CHF 2024-03-11 11:53:00+00:00  0.95872  0.95862  0.0  0.0  0.00017  0.000154  0.95872       0
27  EUR_CHF 2024-03-11 11:54:00+00:00  0.95874  0.95872  0.0  0.0  0.00016  0.000145  0.95874       0
28  EUR_CHF 2024-03-11 11:55:00+00:00  0.95886  0.95873  0.0  0.0  0.00016  0.000231  0.95886       0
29  EUR_CHF 2024-03-11 11:56:00+00:00  0.95894  0.95888  0.0  0.0  0.00017  0.000274  0.95894       0
30  EUR_CHF 2024-03-11 11:57:00+00:00  0.95896  0.95894  0.0  0.0  0.00018  0.000263  0.95896       0
2024-03-11 12:59:06 CandleManager() new candle:last_candle:24-03-11 11:58 is_ready:True
2024-03-11 12:59:07 tech_manager: max_rows:32 candle_time:2024-03-11 11:58:00+00:00 granularity:M1
2024-03-11 12:59:07 process_candles:
       PAIR                      time    mid_c    mid_o   SL   TP   SPREAD      GAIN     LOSS  SIGNAL
26  EUR_CHF 2024-03-11 11:54:00+00:00  0.95874  0.95872  0.0  0.0  0.00016  0.000145  0.95874       0
27  EUR_CHF 2024-03-11 11:55:00+00:00  0.95886  0.95873  0.0  0.0  0.00016  0.000231  0.95886       0
28  EUR_CHF 2024-03-11 11:56:00+00:00  0.95894  0.95888  0.0  0.0  0.00017  0.000274  0.95894       0
29  EUR_CHF 2024-03-11 11:57:00+00:00  0.95896  0.95894  0.0  0.0  0.00018  0.000263  0.95896       0
30  EUR_CHF 2024-03-11 11:58:00+00:00  0.95896  0.95895  0.0  0.0  0.00017  0.000229  0.95896       0
2024-03-11 13:00:02 CandleManager() new candle:last_candle:24-03-11 11:59 is_ready:True
2024-03-11 13:00:02 tech_manager: max_rows:32 candle_time:2024-03-11 11:59:00+00:00 granularity:M1
2024-03-11 13:00:03 process_candles:
       PAIR                      time    mid_c    mid_o   SL   TP   SPREAD      GAIN     LOSS  SIGNAL
26  EUR_CHF 2024-03-11 11:55:00+00:00  0.95886  0.95873  0.0  0.0  0.00016  0.000231  0.95886       0
27  EUR_CHF 2024-03-11 11:56:00+00:00  0.95894  0.95888  0.0  0.0  0.00017  0.000274  0.95894       0
28  EUR_CHF 2024-03-11 11:57:00+00:00  0.95896  0.95894  0.0  0.0  0.00018  0.000263  0.95896       0
29  EUR_CHF 2024-03-11 11:58:00+00:00  0.95896  0.95895  0.0  0.0  0.00017  0.000229  0.95896       0
30  EUR_CHF 2024-03-11 11:59:00+00:00  0.95896  0.95894  0.0  0.0  0.00015  0.000194  0.95896       0
2024-03-11 13:01:08 CandleManager() new candle:last_candle:24-03-11 12:00 is_ready:True
2024-03-11 13:01:09 tech_manager: max_rows:32 candle_time:2024-03-11 12:00:00+00:00 granularity:M1
2024-03-11 13:01:09 process_candles:
       PAIR                      time    mid_c    mid_o   SL   TP   SPREAD      GAIN     LOSS  SIGNAL
26  EUR_CHF 2024-03-11 11:56:00+00:00  0.95894  0.95888  0.0  0.0  0.00017  0.000274  0.95894       0
27  EUR_CHF 2024-03-11 11:57:00+00:00  0.95896  0.95894  0.0  0.0  0.00018  0.000263  0.95896       0
28  EUR_CHF 2024-03-11 11:58:00+00:00  0.95896  0.95895  0.0  0.0  0.00017  0.000229  0.95896       0
29  EUR_CHF 2024-03-11 11:59:00+00:00  0.95896  0.95894  0.0  0.0  0.00015  0.000194  0.95896       0
30  EUR_CHF 2024-03-11 12:00:00+00:00  0.95897  0.95896  0.0  0.0  0.00016  0.000172  0.95897       0
2024-03-11 13:02:04 CandleManager() new candle:last_candle:24-03-11 12:01 is_ready:True
2024-03-11 13:02:05 tech_manager: max_rows:32 candle_time:2024-03-11 12:01:00+00:00 granularity:M1
2024-03-11 13:02:05 process_candles:
       PAIR                      time    mid_c    mid_o   SL   TP   SPREAD      GAIN     LOSS  SIGNAL
26  EUR_CHF 2024-03-11 11:57:00+00:00  0.95896  0.95894  0.0  0.0  0.00018  0.000263  0.95896       0
27  EUR_CHF 2024-03-11 11:58:00+00:00  0.95896  0.95895  0.0  0.0  0.00017  0.000229  0.95896       0
28  EUR_CHF 2024-03-11 11:59:00+00:00  0.95896  0.95894  0.0  0.0  0.00015  0.000194  0.95896       0
29  EUR_CHF 2024-03-11 12:00:00+00:00  0.95897  0.95896  0.0  0.0  0.00016  0.000172  0.95897       0
30  EUR_CHF 2024-03-11 12:01:00+00:00  0.95898  0.95896  0.0  0.0  0.00017  0.000158  0.95898       0
2024-03-11 13:03:10 CandleManager() new candle:last_candle:24-03-11 12:02 is_ready:True
2024-03-11 13:03:11 tech_manager: max_rows:32 candle_time:2024-03-11 12:02:00+00:00 granularity:M1
2024-03-11 13:03:11 process_candles:
       PAIR                      time    mid_c    mid_o   SL   TP   SPREAD      GAIN     LOSS  SIGNAL
26  EUR_CHF 2024-03-11 11:58:00+00:00  0.95896  0.95895  0.0  0.0  0.00017  0.000229  0.95896       0
27  EUR_CHF 2024-03-11 11:59:00+00:00  0.95896  0.95894  0.0  0.0  0.00015  0.000194  0.95896       0
28  EUR_CHF 2024-03-11 12:00:00+00:00  0.95897  0.95896  0.0  0.0  0.00016  0.000172  0.95897       0
29  EUR_CHF 2024-03-11 12:01:00+00:00  0.95898  0.95896  0.0  0.0  0.00017  0.000158  0.95898       0
30  EUR_CHF 2024-03-11 12:02:00+00:00  0.95894  0.95898  0.0  0.0  0.00016  0.000095  0.95894       0
2024-03-11 13:04:06 CandleManager() new candle:last_candle:24-03-11 12:03 is_ready:True
2024-03-11 13:04:07 tech_manager: max_rows:32 candle_time:2024-03-11 12:03:00+00:00 granularity:M1
2024-03-11 13:04:07 process_candles:
       PAIR                      time    mid_c    mid_o   SL   TP   SPREAD      GAIN     LOSS  SIGNAL
26  EUR_CHF 2024-03-11 11:59:00+00:00  0.95896  0.95894  0.0  0.0  0.00015  0.000194  0.95896       0
27  EUR_CHF 2024-03-11 12:00:00+00:00  0.95897  0.95896  0.0  0.0  0.00016  0.000172  0.95897       0
28  EUR_CHF 2024-03-11 12:01:00+00:00  0.95898  0.95896  0.0  0.0  0.00017  0.000158  0.95898       0
29  EUR_CHF 2024-03-11 12:02:00+00:00  0.95894  0.95898  0.0  0.0  0.00016  0.000095  0.95894       0
30  EUR_CHF 2024-03-11 12:03:00+00:00  0.95895  0.95895  0.0  0.0  0.00014  0.000080  0.95895       0
2024-03-11 13:05:14 CandleManager() new candle:last_candle:24-03-11 12:04 is_ready:True
2024-03-11 13:05:14 tech_manager: max_rows:32 candle_time:2024-03-11 12:04:00+00:00 granularity:M1
2024-03-11 13:05:14 process_candles:
       PAIR                      time    mid_c    mid_o   SL   TP   SPREAD      GAIN     LOSS  SIGNAL
26  EUR_CHF 2024-03-11 12:00:00+00:00  0.95897  0.95896  0.0  0.0  0.00016  0.000172  0.95897       0
27  EUR_CHF 2024-03-11 12:01:00+00:00  0.95898  0.95896  0.0  0.0  0.00017  0.000158  0.95898       0
28  EUR_CHF 2024-03-11 12:02:00+00:00  0.95894  0.95898  0.0  0.0  0.00016  0.000095  0.95894       0
29  EUR_CHF 2024-03-11 12:03:00+00:00  0.95895  0.95895  0.0  0.0  0.00014  0.000080  0.95895       0
30  EUR_CHF 2024-03-11 12:04:00+00:00  0.95896  0.95894  0.0  0.0  0.00017  0.000061  0.95896       0
2024-03-11 13:06:09 CandleManager() new candle:last_candle:24-03-11 12:05 is_ready:True
2024-03-11 13:06:10 tech_manager: max_rows:32 candle_time:2024-03-11 12:05:00+00:00 granularity:M1
2024-03-11 13:06:10 process_candles:
       PAIR                      time    mid_c    mid_o   SL   TP   SPREAD      GAIN     LOSS  SIGNAL
26  EUR_CHF 2024-03-11 12:01:00+00:00  0.95898  0.95896  0.0  0.0  0.00017  0.000158  0.95898       0
27  EUR_CHF 2024-03-11 12:02:00+00:00  0.95894  0.95898  0.0  0.0  0.00016  0.000095  0.95894       0
28  EUR_CHF 2024-03-11 12:03:00+00:00  0.95895  0.95895  0.0  0.0  0.00014  0.000080  0.95895       0
29  EUR_CHF 2024-03-11 12:04:00+00:00  0.95896  0.95894  0.0  0.0  0.00017  0.000061  0.95896       0
30  EUR_CHF 2024-03-11 12:05:00+00:00  0.95902  0.95897  0.0  0.0  0.00017  0.000095  0.95902       0
2024-03-11 13:07:05 CandleManager() new candle:last_candle:24-03-11 12:06 is_ready:True
2024-03-11 13:07:05 tech_manager: max_rows:32 candle_time:2024-03-11 12:06:00+00:00 granularity:M1
2024-03-11 13:07:06 process_candles:
       PAIR                      time    mid_c    mid_o   SL   TP   SPREAD      GAIN     LOSS  SIGNAL
26  EUR_CHF 2024-03-11 12:02:00+00:00  0.95894  0.95898  0.0  0.0  0.00016  0.000095  0.95894       0
27  EUR_CHF 2024-03-11 12:03:00+00:00  0.95895  0.95895  0.0  0.0  0.00014  0.000080  0.95895       0
28  EUR_CHF 2024-03-11 12:04:00+00:00  0.95896  0.95894  0.0  0.0  0.00017  0.000061  0.95896       0
29  EUR_CHF 2024-03-11 12:05:00+00:00  0.95902  0.95897  0.0  0.0  0.00017  0.000095  0.95902       0
30  EUR_CHF 2024-03-11 12:06:00+00:00  0.95900  0.95899  0.0  0.0  0.00017  0.000054  0.95900       0
2024-03-11 13:08:12 CandleManager() new candle:last_candle:24-03-11 12:07 is_ready:True
2024-03-11 13:08:12 tech_manager: max_rows:32 candle_time:2024-03-11 12:07:00+00:00 granularity:M1
2024-03-11 13:08:13 process_candles:
       PAIR                      time    mid_c    mid_o   SL   TP   SPREAD      GAIN     LOSS  SIGNAL
26  EUR_CHF 2024-03-11 12:03:00+00:00  0.95895  0.95895  0.0  0.0  0.00014  0.000080  0.95895       0
27  EUR_CHF 2024-03-11 12:04:00+00:00  0.95896  0.95894  0.0  0.0  0.00017  0.000061  0.95896       0
28  EUR_CHF 2024-03-11 12:05:00+00:00  0.95902  0.95897  0.0  0.0  0.00017  0.000095  0.95902       0
29  EUR_CHF 2024-03-11 12:06:00+00:00  0.95900  0.95899  0.0  0.0  0.00017  0.000054  0.95900       0
30  EUR_CHF 2024-03-11 12:07:00+00:00  0.95894  0.95900  0.0  0.0  0.00015  0.000018  0.95894       0
2024-03-11 13:09:07 CandleManager() new candle:last_candle:24-03-11 12:08 is_ready:True
2024-03-11 13:09:07 tech_manager: max_rows:32 candle_time:2024-03-11 12:08:00+00:00 granularity:M1
2024-03-11 13:09:08 process_candles:
       PAIR                      time    mid_c    mid_o   SL   TP   SPREAD      GAIN     LOSS  SIGNAL
26  EUR_CHF 2024-03-11 12:04:00+00:00  0.95896  0.95894  0.0  0.0  0.00017  0.000061  0.95896       0
27  EUR_CHF 2024-03-11 12:05:00+00:00  0.95902  0.95897  0.0  0.0  0.00017  0.000095  0.95902       0
28  EUR_CHF 2024-03-11 12:06:00+00:00  0.95900  0.95899  0.0  0.0  0.00017  0.000054  0.95900       0
29  EUR_CHF 2024-03-11 12:07:00+00:00  0.95894  0.95900  0.0  0.0  0.00015  0.000018  0.95894       0
30  EUR_CHF 2024-03-11 12:08:00+00:00  0.95898  0.95895  0.0  0.0  0.00017  0.000020  0.95898       0
2024-03-11 13:10:03 CandleManager() new candle:last_candle:24-03-11 12:09 is_ready:True
2024-03-11 13:10:04 tech_manager: max_rows:32 candle_time:2024-03-11 12:09:00+00:00 granularity:M1
2024-03-11 13:10:04 process_candles:
       PAIR                      time    mid_c    mid_o   SL   TP   SPREAD      GAIN     LOSS  SIGNAL
26  EUR_CHF 2024-03-11 12:05:00+00:00  0.95902  0.95897  0.0  0.0  0.00017  0.000095  0.95902       0
27  EUR_CHF 2024-03-11 12:06:00+00:00  0.95900  0.95899  0.0  0.0  0.00017  0.000054  0.95900       0
28  EUR_CHF 2024-03-11 12:07:00+00:00  0.95894  0.95900  0.0  0.0  0.00015  0.000018  0.95894       0
29  EUR_CHF 2024-03-11 12:08:00+00:00  0.95898  0.95895  0.0  0.0  0.00017  0.000020  0.95898       0
30  EUR_CHF 2024-03-11 12:09:00+00:00  0.95898  0.95898  0.0  0.0  0.00017  0.000020  0.95898       0
