2024-03-11 12:25:23 LogWrapper init() ./logs/EUR_GBP.log
2024-03-11 12:25:23 {'n_ma': 12, 'n_std': 2.5, 'maxspread': 0.0004, 'mingain': 0.0006, 'riskreward': 1.5}
2024-03-11 12:25:24 CandleManager() init last_candle:last_candle:24-03-11 11:24 is_ready:False
2024-03-11 12:26:08 CandleManager() new candle:last_candle:24-03-11 11:25 is_ready:True
2024-03-11 12:26:08 tech_manager: max_rows:32 candle_time:2024-03-11 11:25:00+00:00 granularity:M1
2024-03-11 12:26:09 process_candles:
       PAIR                      time    mid_c    mid_o   SL   TP   SPREAD      GAIN     LOSS  SIGNAL
26  EUR_GBP 2024-03-11 11:21:00+00:00  0.85172  0.85176  0.0  0.0  0.00013  0.000015  0.85172       0
27  EUR_GBP 2024-03-11 11:22:00+00:00  0.85172  0.85172  0.0  0.0  0.00014  0.000015  0.85172       0
28  EUR_GBP 2024-03-11 11:23:00+00:00  0.85170  0.85170  0.0  0.0  0.00014  0.000001  0.85170       0
29  EUR_GBP 2024-03-11 11:24:00+00:00  0.85170  0.85170  0.0  0.0  0.00014  0.000003  0.85170       0
30  EUR_GBP 2024-03-11 11:25:00+00:00  0.85165  0.85170  0.0  0.0  0.00014  0.000056  0.85165       0
2024-03-11 12:27:03 CandleManager() new candle:last_candle:24-03-11 11:26 is_ready:True
2024-03-11 12:27:04 tech_manager: max_rows:32 candle_time:2024-03-11 11:26:00+00:00 granularity:M1
2024-03-11 12:27:04 process_candles:
       PAIR                      time    mid_c    mid_o   SL   TP   SPREAD      GAIN     LOSS  SIGNAL
26  EUR_GBP 2024-03-11 11:22:00+00:00  0.85172  0.85172  0.0  0.0  0.00014  0.000015  0.85172       0
27  EUR_GBP 2024-03-11 11:23:00+00:00  0.85170  0.85170  0.0  0.0  0.00014  0.000001  0.85170       0
28  EUR_GBP 2024-03-11 11:24:00+00:00  0.85170  0.85170  0.0  0.0  0.00014  0.000003  0.85170       0
29  EUR_GBP 2024-03-11 11:25:00+00:00  0.85165  0.85170  0.0  0.0  0.00014  0.000056  0.85165       0
30  EUR_GBP 2024-03-11 11:26:00+00:00  0.85166  0.85167  0.0  0.0  0.00013  0.000049  0.85166       0
2024-03-11 12:28:10 CandleManager() new candle:last_candle:24-03-11 11:27 is_ready:True
2024-03-11 12:28:11 tech_manager: max_rows:32 candle_time:2024-03-11 11:27:00+00:00 granularity:M1
2024-03-11 12:28:11 process_candles:
       PAIR                      time    mid_c    mid_o   SL   TP   SPREAD      GAIN     LOSS  SIGNAL
26  EUR_GBP 2024-03-11 11:23:00+00:00  0.85170  0.85170  0.0  0.0  0.00014  0.000001  0.85170       0
27  EUR_GBP 2024-03-11 11:24:00+00:00  0.85170  0.85170  0.0  0.0  0.00014  0.000003  0.85170       0
28  EUR_GBP 2024-03-11 11:25:00+00:00  0.85165  0.85170  0.0  0.0  0.00014  0.000056  0.85165       0
29  EUR_GBP 2024-03-11 11:26:00+00:00  0.85166  0.85167  0.0  0.0  0.00013  0.000049  0.85166       0
30  EUR_GBP 2024-03-11 11:27:00+00:00  0.85167  0.85166  0.0  0.0  0.00014  0.000039  0.85167       0
2024-03-11 12:29:06 CandleManager() new candle:last_candle:24-03-11 11:28 is_ready:True
2024-03-11 12:29:07 tech_manager: max_rows:32 candle_time:2024-03-11 11:28:00+00:00 granularity:M1
2024-03-11 12:29:07 process_candles:
       PAIR                      time    mid_c    mid_o   SL   TP   SPREAD      GAIN     LOSS  SIGNAL
27  EUR_GBP 2024-03-11 11:24:00+00:00  0.85170  0.85170  0.0  0.0  0.00014  0.000003  0.85170       0
28  EUR_GBP 2024-03-11 11:25:00+00:00  0.85165  0.85170  0.0  0.0  0.00014  0.000056  0.85165       0
29  EUR_GBP 2024-03-11 11:26:00+00:00  0.85166  0.85167  0.0  0.0  0.00013  0.000049  0.85166       0
30  EUR_GBP 2024-03-11 11:27:00+00:00  0.85167  0.85166  0.0  0.0  0.00014  0.000039  0.85167       0
31  EUR_GBP 2024-03-11 11:28:00+00:00  0.85168  0.85170  0.0  0.0  0.00014  0.000027  0.85168       0
2024-03-11 12:30:01 CandleManager() new candle:last_candle:24-03-11 11:29 is_ready:True
2024-03-11 12:30:02 tech_manager: max_rows:32 candle_time:2024-03-11 11:29:00+00:00 granularity:M1
2024-03-11 12:30:02 process_candles:
       PAIR                      time    mid_c    mid_o   SL   TP   SPREAD      GAIN     LOSS  SIGNAL
26  EUR_GBP 2024-03-11 11:25:00+00:00  0.85165  0.85170  0.0  0.0  0.00014  0.000056  0.85165       0
27  EUR_GBP 2024-03-11 11:26:00+00:00  0.85166  0.85167  0.0  0.0  0.00013  0.000049  0.85166       0
28  EUR_GBP 2024-03-11 11:27:00+00:00  0.85167  0.85166  0.0  0.0  0.00014  0.000039  0.85167       0
29  EUR_GBP 2024-03-11 11:28:00+00:00  0.85168  0.85170  0.0  0.0  0.00014  0.000027  0.85168       0
30  EUR_GBP 2024-03-11 11:29:00+00:00  0.85162  0.85166  0.0  0.0  0.00014  0.000079  0.85162       0
2024-03-11 12:31:09 CandleManager() new candle:last_candle:24-03-11 11:30 is_ready:True
2024-03-11 12:31:09 tech_manager: max_rows:32 candle_time:2024-03-11 11:30:00+00:00 granularity:M1
2024-03-11 12:31:09 process_candles:
       PAIR                      time    mid_c    mid_o   SL   TP   SPREAD      GAIN     LOSS  SIGNAL
26  EUR_GBP 2024-03-11 11:26:00+00:00  0.85166  0.85167  0.0  0.0  0.00013  0.000049  0.85166       0
27  EUR_GBP 2024-03-11 11:27:00+00:00  0.85167  0.85166  0.0  0.0  0.00014  0.000039  0.85167       0
28  EUR_GBP 2024-03-11 11:28:00+00:00  0.85168  0.85170  0.0  0.0  0.00014  0.000027  0.85168       0
29  EUR_GBP 2024-03-11 11:29:00+00:00  0.85162  0.85166  0.0  0.0  0.00014  0.000079  0.85162       0
30  EUR_GBP 2024-03-11 11:30:00+00:00  0.85164  0.85162  0.0  0.0  0.00013  0.000053  0.85164       0
2024-03-11 12:32:05 CandleManager() new candle:last_candle:24-03-11 11:31 is_ready:True
2024-03-11 12:32:05 tech_manager: max_rows:32 candle_time:2024-03-11 11:31:00+00:00 granularity:M1
2024-03-11 12:32:06 process_candles:
       PAIR                      time    mid_c    mid_o   SL   TP   SPREAD      GAIN     LOSS  SIGNAL
26  EUR_GBP 2024-03-11 11:27:00+00:00  0.85167  0.85166  0.0  0.0  0.00014  0.000039  0.85167       0
27  EUR_GBP 2024-03-11 11:28:00+00:00  0.85168  0.85170  0.0  0.0  0.00014  0.000027  0.85168       0
28  EUR_GBP 2024-03-11 11:29:00+00:00  0.85162  0.85166  0.0  0.0  0.00014  0.000079  0.85162       0
29  EUR_GBP 2024-03-11 11:30:00+00:00  0.85164  0.85162  0.0  0.0  0.00013  0.000053  0.85164       0
30  EUR_GBP 2024-03-11 11:31:00+00:00  0.85160  0.85163  0.0  0.0  0.00013  0.000084  0.85160       0
2024-03-11 12:33:11 CandleManager() new candle:last_candle:24-03-11 11:32 is_ready:True
2024-03-11 12:33:12 tech_manager: max_rows:32 candle_time:2024-03-11 11:32:00+00:00 granularity:M1
2024-03-11 12:33:12 process_candles:
       PAIR                      time    mid_c    mid_o   SL   TP   SPREAD      GAIN     LOSS  SIGNAL
27  EUR_GBP 2024-03-11 11:28:00+00:00  0.85168  0.85170  0.0  0.0  0.00014  0.000027  0.85168       0
28  EUR_GBP 2024-03-11 11:29:00+00:00  0.85162  0.85166  0.0  0.0  0.00014  0.000079  0.85162       0
29  EUR_GBP 2024-03-11 11:30:00+00:00  0.85164  0.85162  0.0  0.0  0.00013  0.000053  0.85164       0
30  EUR_GBP 2024-03-11 11:31:00+00:00  0.85160  0.85163  0.0  0.0  0.00013  0.000084  0.85160       0
31  EUR_GBP 2024-03-11 11:32:00+00:00  0.85160  0.85161  0.0  0.0  0.00014  0.000072  0.85160       0
2024-03-11 12:34:07 CandleManager() new candle:last_candle:24-03-11 11:33 is_ready:True
2024-03-11 12:34:08 tech_manager: max_rows:32 candle_time:2024-03-11 11:33:00+00:00 granularity:M1
2024-03-11 12:34:08 process_candles:
       PAIR                      time    mid_c    mid_o   SL   TP   SPREAD      GAIN     LOSS  SIGNAL
26  EUR_GBP 2024-03-11 11:29:00+00:00  0.85162  0.85166  0.0  0.0  0.00014  0.000079  0.85162       0
27  EUR_GBP 2024-03-11 11:30:00+00:00  0.85164  0.85162  0.0  0.0  0.00013  0.000053  0.85164       0
28  EUR_GBP 2024-03-11 11:31:00+00:00  0.85160  0.85163  0.0  0.0  0.00013  0.000084  0.85160       0
29  EUR_GBP 2024-03-11 11:32:00+00:00  0.85160  0.85161  0.0  0.0  0.00014  0.000072  0.85160       0
30  EUR_GBP 2024-03-11 11:33:00+00:00  0.85161  0.85162  0.0  0.0  0.00014  0.000051  0.85161       0
2024-03-11 12:35:03 CandleManager() new candle:last_candle:24-03-11 11:34 is_ready:True
2024-03-11 12:35:03 tech_manager: max_rows:32 candle_time:2024-03-11 11:34:00+00:00 granularity:M1
2024-03-11 12:35:03 process_candles:
       PAIR                      time    mid_c    mid_o   SL   TP   SPREAD      GAIN     LOSS  SIGNAL
26  EUR_GBP 2024-03-11 11:30:00+00:00  0.85164  0.85162  0.0  0.0  0.00013  0.000053  0.85164       0
27  EUR_GBP 2024-03-11 11:31:00+00:00  0.85160  0.85163  0.0  0.0  0.00013  0.000084  0.85160       0
28  EUR_GBP 2024-03-11 11:32:00+00:00  0.85160  0.85161  0.0  0.0  0.00014  0.000072  0.85160       0
29  EUR_GBP 2024-03-11 11:33:00+00:00  0.85161  0.85162  0.0  0.0  0.00014  0.000051  0.85161       0
30  EUR_GBP 2024-03-11 11:34:00+00:00  0.85160  0.85162  0.0  0.0  0.00013  0.000050  0.85160       0
2024-03-11 12:36:09 CandleManager() new candle:last_candle:24-03-11 11:35 is_ready:True
2024-03-11 12:36:10 tech_manager: max_rows:32 candle_time:2024-03-11 11:35:00+00:00 granularity:M1
2024-03-11 12:36:10 process_candles:
       PAIR                      time    mid_c    mid_o   SL   TP   SPREAD      GAIN     LOSS  SIGNAL
26  EUR_GBP 2024-03-11 11:31:00+00:00  0.85160  0.85163  0.0  0.0  0.00013  0.000084  0.85160       0
27  EUR_GBP 2024-03-11 11:32:00+00:00  0.85160  0.85161  0.0  0.0  0.00014  0.000072  0.85160       0
28  EUR_GBP 2024-03-11 11:33:00+00:00  0.85161  0.85162  0.0  0.0  0.00014  0.000051  0.85161       0
29  EUR_GBP 2024-03-11 11:34:00+00:00  0.85160  0.85162  0.0  0.0  0.00013  0.000050  0.85160       0
30  EUR_GBP 2024-03-11 11:35:00+00:00  0.85155  0.85160  0.0  0.0  0.00014  0.000089  0.85155       0
2024-03-11 12:37:04 CandleManager() new candle:last_candle:24-03-11 11:36 is_ready:True
2024-03-11 12:37:05 tech_manager: max_rows:32 candle_time:2024-03-11 11:36:00+00:00 granularity:M1
2024-03-11 12:37:05 process_candles:
       PAIR                      time    mid_c    mid_o   SL   TP   SPREAD      GAIN     LOSS  SIGNAL
26  EUR_GBP 2024-03-11 11:32:00+00:00  0.85160  0.85161  0.0  0.0  0.00014  0.000072  0.85160       0
27  EUR_GBP 2024-03-11 11:33:00+00:00  0.85161  0.85162  0.0  0.0  0.00014  0.000051  0.85161       0
28  EUR_GBP 2024-03-11 11:34:00+00:00  0.85160  0.85162  0.0  0.0  0.00013  0.000050  0.85160       0
29  EUR_GBP 2024-03-11 11:35:00+00:00  0.85155  0.85160  0.0  0.0  0.00014  0.000089  0.85155       0
30  EUR_GBP 2024-03-11 11:36:00+00:00  0.85150  0.85156  0.0  0.0  0.00013  0.000123  0.85150       0
2024-03-11 12:38:11 CandleManager() new candle:last_candle:24-03-11 11:37 is_ready:True
2024-03-11 12:38:12 tech_manager: max_rows:32 candle_time:2024-03-11 11:37:00+00:00 granularity:M1
2024-03-11 12:38:12 process_candles:
       PAIR                      time    mid_c    mid_o   SL   TP   SPREAD      GAIN     LOSS  SIGNAL
26  EUR_GBP 2024-03-11 11:33:00+00:00  0.85161  0.85162  0.0  0.0  0.00014  0.000051  0.85161       0
27  EUR_GBP 2024-03-11 11:34:00+00:00  0.85160  0.85162  0.0  0.0  0.00013  0.000050  0.85160       0
28  EUR_GBP 2024-03-11 11:35:00+00:00  0.85155  0.85160  0.0  0.0  0.00014  0.000089  0.85155       0
29  EUR_GBP 2024-03-11 11:36:00+00:00  0.85150  0.85156  0.0  0.0  0.00013  0.000123  0.85150       0
30  EUR_GBP 2024-03-11 11:37:00+00:00  0.85146  0.85152  0.0  0.0  0.00013  0.000147  0.85146       0
2024-03-11 12:39:07 CandleManager() new candle:last_candle:24-03-11 11:38 is_ready:True
2024-03-11 12:39:08 tech_manager: max_rows:32 candle_time:2024-03-11 11:38:00+00:00 granularity:M1
2024-03-11 12:39:08 process_candles:
       PAIR                      time    mid_c    mid_o   SL   TP   SPREAD      GAIN     LOSS  SIGNAL
26  EUR_GBP 2024-03-11 11:34:00+00:00  0.85160  0.85162  0.0  0.0  0.00013  0.000050  0.85160       0
27  EUR_GBP 2024-03-11 11:35:00+00:00  0.85155  0.85160  0.0  0.0  0.00014  0.000089  0.85155       0
28  EUR_GBP 2024-03-11 11:36:00+00:00  0.85150  0.85156  0.0  0.0  0.00013  0.000123  0.85150       0
29  EUR_GBP 2024-03-11 11:37:00+00:00  0.85146  0.85152  0.0  0.0  0.00013  0.000147  0.85146       0
30  EUR_GBP 2024-03-11 11:38:00+00:00  0.85148  0.85146  0.0  0.0  0.00013  0.000111  0.85148       0
2024-03-11 12:40:14 CandleManager() new candle:last_candle:24-03-11 11:39 is_ready:True
2024-03-11 12:40:14 tech_manager: max_rows:32 candle_time:2024-03-11 11:39:00+00:00 granularity:M1
2024-03-11 12:40:14 process_candles:
       PAIR                      time    mid_c    mid_o   SL   TP   SPREAD      GAIN     LOSS  SIGNAL
26  EUR_GBP 2024-03-11 11:35:00+00:00  0.85155  0.85160  0.0  0.0  0.00014  0.000089  0.85155       0
27  EUR_GBP 2024-03-11 11:36:00+00:00  0.85150  0.85156  0.0  0.0  0.00013  0.000123  0.85150       0
28  EUR_GBP 2024-03-11 11:37:00+00:00  0.85146  0.85152  0.0  0.0  0.00013  0.000147  0.85146       0
29  EUR_GBP 2024-03-11 11:38:00+00:00  0.85148  0.85146  0.0  0.0  0.00013  0.000111  0.85148       0
30  EUR_GBP 2024-03-11 11:39:00+00:00  0.85140  0.85148  0.0  0.0  0.00013  0.000169  0.85140       0
2024-03-11 12:41:09 CandleManager() new candle:last_candle:24-03-11 11:40 is_ready:True
2024-03-11 12:41:10 tech_manager: max_rows:32 candle_time:2024-03-11 11:40:00+00:00 granularity:M1
2024-03-11 12:41:10 process_candles:
       PAIR                      time    mid_c    mid_o   SL   TP   SPREAD      GAIN     LOSS  SIGNAL
26  EUR_GBP 2024-03-11 11:36:00+00:00  0.85150  0.85156  0.0  0.0  0.00013  0.000123  0.85150       0
27  EUR_GBP 2024-03-11 11:37:00+00:00  0.85146  0.85152  0.0  0.0  0.00013  0.000147  0.85146       0
28  EUR_GBP 2024-03-11 11:38:00+00:00  0.85148  0.85146  0.0  0.0  0.00013  0.000111  0.85148       0
29  EUR_GBP 2024-03-11 11:39:00+00:00  0.85140  0.85148  0.0  0.0  0.00013  0.000169  0.85140       0
30  EUR_GBP 2024-03-11 11:40:00+00:00  0.85143  0.85138  0.0  0.0  0.00014  0.000116  0.85143       0
2024-03-11 12:42:16 CandleManager() new candle:last_candle:24-03-11 11:41 is_ready:True
2024-03-11 12:42:16 tech_manager: max_rows:32 candle_time:2024-03-11 11:41:00+00:00 granularity:M1
2024-03-11 12:42:16 process_candles:
       PAIR                      time    mid_c    mid_o   SL   TP   SPREAD      GAIN     LOSS  SIGNAL
26  EUR_GBP 2024-03-11 11:37:00+00:00  0.85146  0.85152  0.0  0.0  0.00013  0.000147  0.85146       0
27  EUR_GBP 2024-03-11 11:38:00+00:00  0.85148  0.85146  0.0  0.0  0.00013  0.000111  0.85148       0
28  EUR_GBP 2024-03-11 11:39:00+00:00  0.85140  0.85148  0.0  0.0  0.00013  0.000169  0.85140       0
29  EUR_GBP 2024-03-11 11:40:00+00:00  0.85143  0.85138  0.0  0.0  0.00014  0.000116  0.85143       0
30  EUR_GBP 2024-03-11 11:41:00+00:00  0.85132  0.85141  0.0  0.0  0.00014  0.000203  0.85132       0
2024-03-11 12:43:11 CandleManager() new candle:last_candle:24-03-11 11:42 is_ready:True
2024-03-11 12:43:12 tech_manager: max_rows:32 candle_time:2024-03-11 11:42:00+00:00 granularity:M1
2024-03-11 12:43:12 process_candles:
       PAIR                      time    mid_c    mid_o   SL   TP   SPREAD      GAIN     LOSS  SIGNAL
26  EUR_GBP 2024-03-11 11:38:00+00:00  0.85148  0.85146  0.0  0.0  0.00013  0.000111  0.85148       0
27  EUR_GBP 2024-03-11 11:39:00+00:00  0.85140  0.85148  0.0  0.0  0.00013  0.000169  0.85140       0
28  EUR_GBP 2024-03-11 11:40:00+00:00  0.85143  0.85138  0.0  0.0  0.00014  0.000116  0.85143       0
29  EUR_GBP 2024-03-11 11:41:00+00:00  0.85132  0.85141  0.0  0.0  0.00014  0.000203  0.85132       0
30  EUR_GBP 2024-03-11 11:42:00+00:00  0.85132  0.85130  0.0  0.0  0.00013  0.000175  0.85132       0
2024-03-11 12:44:06 CandleManager() new candle:last_candle:24-03-11 11:43 is_ready:True
2024-03-11 12:44:07 tech_manager: max_rows:32 candle_time:2024-03-11 11:43:00+00:00 granularity:M1
2024-03-11 12:44:07 process_candles:
       PAIR                      time    mid_c    mid_o   SL   TP   SPREAD      GAIN     LOSS  SIGNAL
26  EUR_GBP 2024-03-11 11:39:00+00:00  0.85140  0.85148  0.0  0.0  0.00013  0.000169  0.85140       0
27  EUR_GBP 2024-03-11 11:40:00+00:00  0.85143  0.85138  0.0  0.0  0.00014  0.000116  0.85143       0
28  EUR_GBP 2024-03-11 11:41:00+00:00  0.85132  0.85141  0.0  0.0  0.00014  0.000203  0.85132       0
29  EUR_GBP 2024-03-11 11:42:00+00:00  0.85132  0.85130  0.0  0.0  0.00013  0.000175  0.85132       0
30  EUR_GBP 2024-03-11 11:43:00+00:00  0.85136  0.85130  0.0  0.0  0.00013  0.000112  0.85136       0
2024-03-11 12:45:02 CandleManager() new candle:last_candle:24-03-11 11:44 is_ready:True
2024-03-11 12:45:03 tech_manager: max_rows:32 candle_time:2024-03-11 11:44:00+00:00 granularity:M1
2024-03-11 12:45:03 process_candles:
       PAIR                      time    mid_c    mid_o   SL   TP   SPREAD      GAIN     LOSS  SIGNAL
26  EUR_GBP 2024-03-11 11:40:00+00:00  0.85143  0.85138  0.0  0.0  0.00014  0.000116  0.85143       0
27  EUR_GBP 2024-03-11 11:41:00+00:00  0.85132  0.85141  0.0  0.0  0.00014  0.000203  0.85132       0
28  EUR_GBP 2024-03-11 11:42:00+00:00  0.85132  0.85130  0.0  0.0  0.00013  0.000175  0.85132       0
29  EUR_GBP 2024-03-11 11:43:00+00:00  0.85136  0.85130  0.0  0.0  0.00013  0.000112  0.85136       0
30  EUR_GBP 2024-03-11 11:44:00+00:00  0.85136  0.85136  0.0  0.0  0.00013  0.000091  0.85136       0
2024-03-11 12:46:09 CandleManager() new candle:last_candle:24-03-11 11:45 is_ready:True
2024-03-11 12:46:09 tech_manager: max_rows:32 candle_time:2024-03-11 11:45:00+00:00 granularity:M1
2024-03-11 12:46:10 process_candles:
       PAIR                      time    mid_c    mid_o   SL   TP   SPREAD      GAIN     LOSS  SIGNAL
26  EUR_GBP 2024-03-11 11:41:00+00:00  0.85132  0.85141  0.0  0.0  0.00014  0.000203  0.85132       0
27  EUR_GBP 2024-03-11 11:42:00+00:00  0.85132  0.85130  0.0  0.0  0.00013  0.000175  0.85132       0
28  EUR_GBP 2024-03-11 11:43:00+00:00  0.85136  0.85130  0.0  0.0  0.00013  0.000112  0.85136       0
29  EUR_GBP 2024-03-11 11:44:00+00:00  0.85136  0.85136  0.0  0.0  0.00013  0.000091  0.85136       0
30  EUR_GBP 2024-03-11 11:45:00+00:00  0.85140  0.85136  0.0  0.0  0.00014  0.000034  0.85140       0
2024-03-11 12:47:15 CandleManager() new candle:last_candle:24-03-11 11:46 is_ready:True
2024-03-11 12:47:16 tech_manager: max_rows:32 candle_time:2024-03-11 11:46:00+00:00 granularity:M1
2024-03-11 12:47:16 process_candles:
       PAIR                      time    mid_c    mid_o   SL   TP   SPREAD      GAIN     LOSS  SIGNAL
27  EUR_GBP 2024-03-11 11:42:00+00:00  0.85132  0.85130  0.0  0.0  0.00013  0.000175  0.85132       0
28  EUR_GBP 2024-03-11 11:43:00+00:00  0.85136  0.85130  0.0  0.0  0.00013  0.000112  0.85136       0
29  EUR_GBP 2024-03-11 11:44:00+00:00  0.85136  0.85136  0.0  0.0  0.00013  0.000091  0.85136       0
30  EUR_GBP 2024-03-11 11:45:00+00:00  0.85140  0.85136  0.0  0.0  0.00014  0.000034  0.85140       0
31  EUR_GBP 2024-03-11 11:46:00+00:00  0.85140  0.85140  0.0  0.0  0.00012  0.000017  0.85140       0
2024-03-11 12:48:10 CandleManager() new candle:last_candle:24-03-11 11:47 is_ready:True
2024-03-11 12:48:11 tech_manager: max_rows:32 candle_time:2024-03-11 11:47:00+00:00 granularity:M1
2024-03-11 12:48:11 process_candles:
       PAIR                      time    mid_c    mid_o   SL   TP   SPREAD      GAIN     LOSS  SIGNAL
26  EUR_GBP 2024-03-11 11:43:00+00:00  0.85136  0.85130  0.0  0.0  0.00013  0.000112  0.85136       0
27  EUR_GBP 2024-03-11 11:44:00+00:00  0.85136  0.85136  0.0  0.0  0.00013  0.000091  0.85136       0
28  EUR_GBP 2024-03-11 11:45:00+00:00  0.85140  0.85136  0.0  0.0  0.00014  0.000034  0.85140       0
29  EUR_GBP 2024-03-11 11:46:00+00:00  0.85140  0.85140  0.0  0.0  0.00012  0.000017  0.85140       0
30  EUR_GBP 2024-03-11 11:47:00+00:00  0.85149  0.85140  0.0  0.0  0.00012  0.000082  0.85149       0
2024-03-11 12:49:06 CandleManager() new candle:last_candle:24-03-11 11:48 is_ready:True
2024-03-11 12:49:07 tech_manager: max_rows:32 candle_time:2024-03-11 11:48:00+00:00 granularity:M1
2024-03-11 12:49:07 process_candles:
       PAIR                      time    mid_c    mid_o   SL   TP   SPREAD      GAIN     LOSS  SIGNAL
26  EUR_GBP 2024-03-11 11:44:00+00:00  0.85136  0.85136  0.0  0.0  0.00013  0.000091  0.85136       0
27  EUR_GBP 2024-03-11 11:45:00+00:00  0.85140  0.85136  0.0  0.0  0.00014  0.000034  0.85140       0
28  EUR_GBP 2024-03-11 11:46:00+00:00  0.85140  0.85140  0.0  0.0  0.00012  0.000017  0.85140       0
29  EUR_GBP 2024-03-11 11:47:00+00:00  0.85149  0.85140  0.0  0.0  0.00012  0.000082  0.85149       0
30  EUR_GBP 2024-03-11 11:48:00+00:00  0.85152  0.85150  0.0  0.0  0.00012  0.000111  0.85152       0
2024-03-11 12:50:13 CandleManager() new candle:last_candle:24-03-11 11:49 is_ready:True
2024-03-11 12:50:13 tech_manager: max_rows:32 candle_time:2024-03-11 11:49:00+00:00 granularity:M1
2024-03-11 12:50:13 process_candles:
       PAIR                      time    mid_c    mid_o   SL   TP   SPREAD      GAIN     LOSS  SIGNAL
27  EUR_GBP 2024-03-11 11:45:00+00:00  0.85140  0.85136  0.0  0.0  0.00014  0.000034  0.85140       0
28  EUR_GBP 2024-03-11 11:46:00+00:00  0.85140  0.85140  0.0  0.0  0.00012  0.000017  0.85140       0
29  EUR_GBP 2024-03-11 11:47:00+00:00  0.85149  0.85140  0.0  0.0  0.00012  0.000082  0.85149       0
30  EUR_GBP 2024-03-11 11:48:00+00:00  0.85152  0.85150  0.0  0.0  0.00012  0.000111  0.85152       0
31  EUR_GBP 2024-03-11 11:49:00+00:00  0.85158  0.85153  0.0  0.0  0.00013  0.000164  0.85158       0
2024-03-11 12:51:08 CandleManager() new candle:last_candle:24-03-11 11:50 is_ready:True
2024-03-11 12:51:09 tech_manager: max_rows:32 candle_time:2024-03-11 11:50:00+00:00 granularity:M1
2024-03-11 12:51:09 process_candles:
       PAIR                      time    mid_c    mid_o   SL   TP   SPREAD      GAIN     LOSS  SIGNAL
26  EUR_GBP 2024-03-11 11:46:00+00:00  0.85140  0.85140  0.0  0.0  0.00012  0.000017  0.85140       0
27  EUR_GBP 2024-03-11 11:47:00+00:00  0.85149  0.85140  0.0  0.0  0.00012  0.000082  0.85149       0
28  EUR_GBP 2024-03-11 11:48:00+00:00  0.85152  0.85150  0.0  0.0  0.00012  0.000111  0.85152       0
29  EUR_GBP 2024-03-11 11:49:00+00:00  0.85158  0.85153  0.0  0.0  0.00013  0.000164  0.85158       0
30  EUR_GBP 2024-03-11 11:50:00+00:00  0.85158  0.85156  0.0  0.0  0.00014  0.000156  0.85158       0
2024-03-11 12:52:03 CandleManager() new candle:last_candle:24-03-11 11:51 is_ready:True
2024-03-11 12:52:04 tech_manager: max_rows:32 candle_time:2024-03-11 11:51:00+00:00 granularity:M1
2024-03-11 12:52:04 process_candles:
       PAIR                      time    mid_c    mid_o   SL   TP   SPREAD      GAIN     LOSS  SIGNAL
26  EUR_GBP 2024-03-11 11:47:00+00:00  0.85149  0.85140  0.0  0.0  0.00012  0.000082  0.85149       0
27  EUR_GBP 2024-03-11 11:48:00+00:00  0.85152  0.85150  0.0  0.0  0.00012  0.000111  0.85152       0
28  EUR_GBP 2024-03-11 11:49:00+00:00  0.85158  0.85153  0.0  0.0  0.00013  0.000164  0.85158       0
29  EUR_GBP 2024-03-11 11:50:00+00:00  0.85158  0.85156  0.0  0.0  0.00014  0.000156  0.85158       0
30  EUR_GBP 2024-03-11 11:51:00+00:00  0.85156  0.85158  0.0  0.0  0.00013  0.000122  0.85156       0
2024-03-11 12:53:10 CandleManager() new candle:last_candle:24-03-11 11:52 is_ready:True
2024-03-11 12:53:11 tech_manager: max_rows:32 candle_time:2024-03-11 11:52:00+00:00 granularity:M1
2024-03-11 12:53:11 process_candles:
       PAIR                      time    mid_c    mid_o   SL   TP   SPREAD      GAIN     LOSS  SIGNAL
26  EUR_GBP 2024-03-11 11:48:00+00:00  0.85152  0.85150  0.0  0.0  0.00012  0.000111  0.85152       0
27  EUR_GBP 2024-03-11 11:49:00+00:00  0.85158  0.85153  0.0  0.0  0.00013  0.000164  0.85158       0
28  EUR_GBP 2024-03-11 11:50:00+00:00  0.85158  0.85156  0.0  0.0  0.00014  0.000156  0.85158       0
29  EUR_GBP 2024-03-11 11:51:00+00:00  0.85156  0.85158  0.0  0.0  0.00013  0.000122  0.85156       0
30  EUR_GBP 2024-03-11 11:52:00+00:00  0.85148  0.85154  0.0  0.0  0.00013  0.000034  0.85148       0
2024-03-11 12:54:06 CandleManager() new candle:last_candle:24-03-11 11:53 is_ready:True
2024-03-11 12:54:07 tech_manager: max_rows:32 candle_time:2024-03-11 11:53:00+00:00 granularity:M1
2024-03-11 12:54:07 process_candles:
       PAIR                      time    mid_c    mid_o   SL   TP   SPREAD      GAIN     LOSS  SIGNAL
26  EUR_GBP 2024-03-11 11:49:00+00:00  0.85158  0.85153  0.0  0.0  0.00013  0.000164  0.85158       0
27  EUR_GBP 2024-03-11 11:50:00+00:00  0.85158  0.85156  0.0  0.0  0.00014  0.000156  0.85158       0
28  EUR_GBP 2024-03-11 11:51:00+00:00  0.85156  0.85158  0.0  0.0  0.00013  0.000122  0.85156       0
29  EUR_GBP 2024-03-11 11:52:00+00:00  0.85148  0.85154  0.0  0.0  0.00013  0.000034  0.85148       0
30  EUR_GBP 2024-03-11 11:53:00+00:00  0.85149  0.85148  0.0  0.0  0.00014  0.000033  0.85149       0
2024-03-11 12:55:13 CandleManager() new candle:last_candle:24-03-11 11:54 is_ready:True
2024-03-11 12:55:13 tech_manager: max_rows:32 candle_time:2024-03-11 11:54:00+00:00 granularity:M1
2024-03-11 12:55:14 process_candles:
       PAIR                      time    mid_c    mid_o   SL   TP   SPREAD      GAIN     LOSS  SIGNAL
27  EUR_GBP 2024-03-11 11:50:00+00:00  0.85158  0.85156  0.0  0.0  0.00014  0.000156  0.85158       0
28  EUR_GBP 2024-03-11 11:51:00+00:00  0.85156  0.85158  0.0  0.0  0.00013  0.000122  0.85156       0
29  EUR_GBP 2024-03-11 11:52:00+00:00  0.85148  0.85154  0.0  0.0  0.00013  0.000034  0.85148       0
30  EUR_GBP 2024-03-11 11:53:00+00:00  0.85149  0.85148  0.0  0.0  0.00014  0.000033  0.85149       0
31  EUR_GBP 2024-03-11 11:54:00+00:00  0.85156  0.85151  0.0  0.0  0.00015  0.000084  0.85156       0
2024-03-11 12:56:08 CandleManager() new candle:last_candle:24-03-11 11:55 is_ready:True
2024-03-11 12:56:09 tech_manager: max_rows:32 candle_time:2024-03-11 11:55:00+00:00 granularity:M1
2024-03-11 12:56:09 process_candles:
       PAIR                      time    mid_c    mid_o   SL   TP   SPREAD      GAIN     LOSS  SIGNAL
26  EUR_GBP 2024-03-11 11:51:00+00:00  0.85156  0.85158  0.0  0.0  0.00013  0.000122  0.85156       0
27  EUR_GBP 2024-03-11 11:52:00+00:00  0.85148  0.85154  0.0  0.0  0.00013  0.000034  0.85148       0
28  EUR_GBP 2024-03-11 11:53:00+00:00  0.85149  0.85148  0.0  0.0  0.00014  0.000033  0.85149       0
29  EUR_GBP 2024-03-11 11:54:00+00:00  0.85156  0.85151  0.0  0.0  0.00015  0.000084  0.85156       0
30  EUR_GBP 2024-03-11 11:55:00+00:00  0.85162  0.85156  0.0  0.0  0.00013  0.000122  0.85162       0
2024-03-11 12:57:04 CandleManager() new candle:last_candle:24-03-11 11:56 is_ready:True
2024-03-11 12:57:05 tech_manager: max_rows:32 candle_time:2024-03-11 11:56:00+00:00 granularity:M1
2024-03-11 12:57:05 process_candles:
       PAIR                      time    mid_c    mid_o   SL   TP   SPREAD      GAIN     LOSS  SIGNAL
26  EUR_GBP 2024-03-11 11:52:00+00:00  0.85148  0.85154  0.0  0.0  0.00013  0.000034  0.85148       0
27  EUR_GBP 2024-03-11 11:53:00+00:00  0.85149  0.85148  0.0  0.0  0.00014  0.000033  0.85149       0
28  EUR_GBP 2024-03-11 11:54:00+00:00  0.85156  0.85151  0.0  0.0  0.00015  0.000084  0.85156       0
29  EUR_GBP 2024-03-11 11:55:00+00:00  0.85162  0.85156  0.0  0.0  0.00013  0.000122  0.85162       0
30  EUR_GBP 2024-03-11 11:56:00+00:00  0.85157  0.85161  0.0  0.0  0.00014  0.000053  0.85157       0
2024-03-11 12:58:11 CandleManager() new candle:last_candle:24-03-11 11:57 is_ready:True
2024-03-11 12:58:12 tech_manager: max_rows:32 candle_time:2024-03-11 11:57:00+00:00 granularity:M1
2024-03-11 12:58:12 process_candles:
       PAIR                      time    mid_c    mid_o   SL   TP   SPREAD      GAIN     LOSS  SIGNAL
26  EUR_GBP 2024-03-11 11:53:00+00:00  0.85149  0.85148  0.0  0.0  0.00014  0.000033  0.85149       0
27  EUR_GBP 2024-03-11 11:54:00+00:00  0.85156  0.85151  0.0  0.0  0.00015  0.000084  0.85156       0
28  EUR_GBP 2024-03-11 11:55:00+00:00  0.85162  0.85156  0.0  0.0  0.00013  0.000122  0.85162       0
29  EUR_GBP 2024-03-11 11:56:00+00:00  0.85157  0.85161  0.0  0.0  0.00014  0.000053  0.85157       0
30  EUR_GBP 2024-03-11 11:57:00+00:00  0.85147  0.85156  0.0  0.0  0.00014  0.000057  0.85147       0
2024-03-11 12:59:07 CandleManager() new candle:last_candle:24-03-11 11:58 is_ready:True
2024-03-11 12:59:07 tech_manager: max_rows:32 candle_time:2024-03-11 11:58:00+00:00 granularity:M1
2024-03-11 12:59:08 process_candles:
       PAIR                      time    mid_c    mid_o   SL   TP   SPREAD      GAIN     LOSS  SIGNAL
27  EUR_GBP 2024-03-11 11:54:00+00:00  0.85156  0.85151  0.0  0.0  0.00015  0.000084  0.85156       0
28  EUR_GBP 2024-03-11 11:55:00+00:00  0.85162  0.85156  0.0  0.0  0.00013  0.000122  0.85162       0
29  EUR_GBP 2024-03-11 11:56:00+00:00  0.85157  0.85161  0.0  0.0  0.00014  0.000053  0.85157       0
30  EUR_GBP 2024-03-11 11:57:00+00:00  0.85147  0.85156  0.0  0.0  0.00014  0.000057  0.85147       0
31  EUR_GBP 2024-03-11 11:58:00+00:00  0.85150  0.85150  0.0  0.0  0.00013  0.000036  0.85150       0
2024-03-11 13:00:02 CandleManager() new candle:last_candle:24-03-11 11:59 is_ready:True
2024-03-11 13:00:03 tech_manager: max_rows:32 candle_time:2024-03-11 11:59:00+00:00 granularity:M1
2024-03-11 13:00:03 process_candles:
       PAIR                      time    mid_c    mid_o   SL   TP   SPREAD      GAIN     LOSS  SIGNAL
26  EUR_GBP 2024-03-11 11:55:00+00:00  0.85162  0.85156  0.0  0.0  0.00013  0.000122  0.85162       0
27  EUR_GBP 2024-03-11 11:56:00+00:00  0.85157  0.85161  0.0  0.0  0.00014  0.000053  0.85157       0
28  EUR_GBP 2024-03-11 11:57:00+00:00  0.85147  0.85156  0.0  0.0  0.00014  0.000057  0.85147       0
29  EUR_GBP 2024-03-11 11:58:00+00:00  0.85150  0.85150  0.0  0.0  0.00013  0.000036  0.85150       0
30  EUR_GBP 2024-03-11 11:59:00+00:00  0.85152  0.85150  0.0  0.0  0.00013  0.000021  0.85152       0
2024-03-11 13:01:09 CandleManager() new candle:last_candle:24-03-11 12:00 is_ready:True
2024-03-11 13:01:09 tech_manager: max_rows:32 candle_time:2024-03-11 12:00:00+00:00 granularity:M1
2024-03-11 13:01:10 process_candles:
       PAIR                      time    mid_c    mid_o   SL   TP   SPREAD      GAIN     LOSS  SIGNAL
26  EUR_GBP 2024-03-11 11:56:00+00:00  0.85157  0.85161  0.0  0.0  0.00014  0.000053  0.85157       0
27  EUR_GBP 2024-03-11 11:57:00+00:00  0.85147  0.85156  0.0  0.0  0.00014  0.000057  0.85147       0
28  EUR_GBP 2024-03-11 11:58:00+00:00  0.85150  0.85150  0.0  0.0  0.00013  0.000036  0.85150       0
29  EUR_GBP 2024-03-11 11:59:00+00:00  0.85152  0.85150  0.0  0.0  0.00013  0.000021  0.85152       0
30  EUR_GBP 2024-03-11 12:00:00+00:00  0.85156  0.85151  0.0  0.0  0.00013  0.000017  0.85156       0
2024-03-11 13:02:04 CandleManager() new candle:last_candle:24-03-11 12:01 is_ready:True
2024-03-11 13:02:05 tech_manager: max_rows:32 candle_time:2024-03-11 12:01:00+00:00 granularity:M1
2024-03-11 13:02:05 process_candles:
       PAIR                      time    mid_c    mid_o   SL   TP   SPREAD      GAIN     LOSS  SIGNAL
26  EUR_GBP 2024-03-11 11:57:00+00:00  0.85147  0.85156  0.0  0.0  0.00014  0.000057  0.85147       0
27  EUR_GBP 2024-03-11 11:58:00+00:00  0.85150  0.85150  0.0  0.0  0.00013  0.000036  0.85150       0
28  EUR_GBP 2024-03-11 11:59:00+00:00  0.85152  0.85150  0.0  0.0  0.00013  0.000021  0.85152       0
29  EUR_GBP 2024-03-11 12:00:00+00:00  0.85156  0.85151  0.0  0.0  0.00013  0.000017  0.85156       0
30  EUR_GBP 2024-03-11 12:01:00+00:00  0.85156  0.85154  0.0  0.0  0.00013  0.000017  0.85156       0
2024-03-11 13:03:11 CandleManager() new candle:last_candle:24-03-11 12:02 is_ready:True
2024-03-11 13:03:11 tech_manager: max_rows:32 candle_time:2024-03-11 12:02:00+00:00 granularity:M1
2024-03-11 13:03:12 process_candles:
       PAIR                      time    mid_c    mid_o   SL   TP   SPREAD      GAIN     LOSS  SIGNAL
26  EUR_GBP 2024-03-11 11:58:00+00:00  0.85150  0.85150  0.0  0.0  0.00013  0.000036  0.85150       0
27  EUR_GBP 2024-03-11 11:59:00+00:00  0.85152  0.85150  0.0  0.0  0.00013  0.000021  0.85152       0
28  EUR_GBP 2024-03-11 12:00:00+00:00  0.85156  0.85151  0.0  0.0  0.00013  0.000017  0.85156       0
29  EUR_GBP 2024-03-11 12:01:00+00:00  0.85156  0.85154  0.0  0.0  0.00013  0.000017  0.85156       0
30  EUR_GBP 2024-03-11 12:02:00+00:00  0.85158  0.85156  0.0  0.0  0.00013  0.000037  0.85158       0
2024-03-11 13:04:06 CandleManager() new candle:last_candle:24-03-11 12:03 is_ready:True
2024-03-11 13:04:07 tech_manager: max_rows:32 candle_time:2024-03-11 12:03:00+00:00 granularity:M1
2024-03-11 13:04:07 process_candles:
       PAIR                      time    mid_c    mid_o   SL   TP   SPREAD      GAIN     LOSS  SIGNAL
26  EUR_GBP 2024-03-11 11:59:00+00:00  0.85152  0.85150  0.0  0.0  0.00013  0.000021  0.85152       0
27  EUR_GBP 2024-03-11 12:00:00+00:00  0.85156  0.85151  0.0  0.0  0.00013  0.000017  0.85156       0
28  EUR_GBP 2024-03-11 12:01:00+00:00  0.85156  0.85154  0.0  0.0  0.00013  0.000017  0.85156       0
29  EUR_GBP 2024-03-11 12:02:00+00:00  0.85158  0.85156  0.0  0.0  0.00013  0.000037  0.85158       0
30  EUR_GBP 2024-03-11 12:03:00+00:00  0.85158  0.85158  0.0  0.0  0.00013  0.000038  0.85158       0
2024-03-11 13:05:02 CandleManager() new candle:last_candle:24-03-11 12:04 is_ready:True
2024-03-11 13:05:03 tech_manager: max_rows:32 candle_time:2024-03-11 12:04:00+00:00 granularity:M1
2024-03-11 13:05:03 process_candles:
       PAIR                      time    mid_c    mid_o   SL   TP   SPREAD      GAIN     LOSS  SIGNAL
26  EUR_GBP 2024-03-11 12:00:00+00:00  0.85156  0.85151  0.0  0.0  0.00013  0.000017  0.85156       0
27  EUR_GBP 2024-03-11 12:01:00+00:00  0.85156  0.85154  0.0  0.0  0.00013  0.000017  0.85156       0
28  EUR_GBP 2024-03-11 12:02:00+00:00  0.85158  0.85156  0.0  0.0  0.00013  0.000037  0.85158       0
29  EUR_GBP 2024-03-11 12:03:00+00:00  0.85158  0.85158  0.0  0.0  0.00013  0.000038  0.85158       0
30  EUR_GBP 2024-03-11 12:04:00+00:00  0.85158  0.85158  0.0  0.0  0.00013  0.000032  0.85158       0
2024-03-11 13:06:10 CandleManager() new candle:last_candle:24-03-11 12:05 is_ready:True
2024-03-11 13:06:10 tech_manager: max_rows:32 candle_time:2024-03-11 12:05:00+00:00 granularity:M1
2024-03-11 13:06:11 process_candles:
       PAIR                      time    mid_c    mid_o   SL   TP   SPREAD      GAIN     LOSS  SIGNAL
26  EUR_GBP 2024-03-11 12:01:00+00:00  0.85156  0.85154  0.0  0.0  0.00013  0.000017  0.85156       0
27  EUR_GBP 2024-03-11 12:02:00+00:00  0.85158  0.85156  0.0  0.0  0.00013  0.000037  0.85158       0
28  EUR_GBP 2024-03-11 12:03:00+00:00  0.85158  0.85158  0.0  0.0  0.00013  0.000038  0.85158       0
29  EUR_GBP 2024-03-11 12:04:00+00:00  0.85158  0.85158  0.0  0.0  0.00013  0.000032  0.85158       0
30  EUR_GBP 2024-03-11 12:05:00+00:00  0.85164  0.85158  0.0  0.0  0.00013  0.000081  0.85164       0
2024-03-11 13:07:05 CandleManager() new candle:last_candle:24-03-11 12:06 is_ready:True
2024-03-11 13:07:06 tech_manager: max_rows:32 candle_time:2024-03-11 12:06:00+00:00 granularity:M1
2024-03-11 13:07:06 process_candles:
       PAIR                      time    mid_c    mid_o   SL   TP   SPREAD      GAIN     LOSS  SIGNAL
27  EUR_GBP 2024-03-11 12:02:00+00:00  0.85158  0.85156  0.0  0.0  0.00013  0.000037  0.85158       0
28  EUR_GBP 2024-03-11 12:03:00+00:00  0.85158  0.85158  0.0  0.0  0.00013  0.000038  0.85158       0
29  EUR_GBP 2024-03-11 12:04:00+00:00  0.85158  0.85158  0.0  0.0  0.00013  0.000032  0.85158       0
30  EUR_GBP 2024-03-11 12:05:00+00:00  0.85164  0.85158  0.0  0.0  0.00013  0.000081  0.85164       0
31  EUR_GBP 2024-03-11 12:06:00+00:00  0.85162  0.85161  0.0  0.0  0.00013  0.000054  0.85162       0
2024-03-11 13:08:12 CandleManager() new candle:last_candle:24-03-11 12:07 is_ready:True
2024-03-11 13:08:13 tech_manager: max_rows:32 candle_time:2024-03-11 12:07:00+00:00 granularity:M1
2024-03-11 13:08:13 process_candles:
       PAIR                      time    mid_c    mid_o   SL   TP   SPREAD      GAIN     LOSS  SIGNAL
26  EUR_GBP 2024-03-11 12:03:00+00:00  0.85158  0.85158  0.0  0.0  0.00013  0.000038  0.85158       0
27  EUR_GBP 2024-03-11 12:04:00+00:00  0.85158  0.85158  0.0  0.0  0.00013  0.000032  0.85158       0
28  EUR_GBP 2024-03-11 12:05:00+00:00  0.85164  0.85158  0.0  0.0  0.00013  0.000081  0.85164       0
29  EUR_GBP 2024-03-11 12:06:00+00:00  0.85162  0.85161  0.0  0.0  0.00013  0.000054  0.85162       0
30  EUR_GBP 2024-03-11 12:07:00+00:00  0.85161  0.85160  0.0  0.0  0.00012  0.000045  0.85161       0
2024-03-11 13:09:07 CandleManager() new candle:last_candle:24-03-11 12:08 is_ready:True
2024-03-11 13:09:08 tech_manager: max_rows:32 candle_time:2024-03-11 12:08:00+00:00 granularity:M1
2024-03-11 13:09:08 process_candles:
       PAIR                      time    mid_c    mid_o   SL   TP   SPREAD      GAIN     LOSS  SIGNAL
26  EUR_GBP 2024-03-11 12:04:00+00:00  0.85158  0.85158  0.0  0.0  0.00013  0.000032  0.85158       0
27  EUR_GBP 2024-03-11 12:05:00+00:00  0.85164  0.85158  0.0  0.0  0.00013  0.000081  0.85164       0
28  EUR_GBP 2024-03-11 12:06:00+00:00  0.85162  0.85161  0.0  0.0  0.00013  0.000054  0.85162       0
29  EUR_GBP 2024-03-11 12:07:00+00:00  0.85161  0.85160  0.0  0.0  0.00012  0.000045  0.85161       0
30  EUR_GBP 2024-03-11 12:08:00+00:00  0.85168  0.85163  0.0  0.0  0.00013  0.000108  0.85168       0
2024-03-11 13:10:03 CandleManager() new candle:last_candle:24-03-11 12:09 is_ready:True
