2024-03-11 12:25:23 LogWrapper init() ./logs/GBP_JPY.log
2024-03-11 12:25:23 {'n_ma': 12, 'n_std': 2.5, 'maxspread': 0.04, 'mingain': 0.06, 'riskreward': 1.5}
2024-03-11 12:25:24 CandleManager() init last_candle:last_candle:24-03-11 11:24 is_ready:False
2024-03-11 12:26:07 CandleManager() new candle:last_candle:24-03-11 11:25 is_ready:True
2024-03-11 12:26:08 tech_manager: max_rows:32 candle_time:2024-03-11 11:25:00+00:00 granularity:M1
2024-03-11 12:26:08 process_candles:
       PAIR                      time    mid_c    mid_o   SL   TP  SPREAD      GAIN     LOSS  SIGNAL
26  GBP_JPY 2024-03-11 11:21:00+00:00  188.422  188.455  0.0  0.0   0.032  0.033944  188.422       0
27  GBP_JPY 2024-03-11 11:22:00+00:00  188.412  188.423  0.0  0.0   0.028  0.040722  188.412       0
28  GBP_JPY 2024-03-11 11:23:00+00:00  188.412  188.416  0.0  0.0   0.029  0.036361  188.412       0
29  GBP_JPY 2024-03-11 11:24:00+00:00  188.436  188.413  0.0  0.0   0.029  0.007694  188.436       0
30  GBP_JPY 2024-03-11 11:25:00+00:00  188.434  188.438  0.0  0.0   0.029  0.007194  188.434       0
2024-03-11 12:27:03 CandleManager() new candle:last_candle:24-03-11 11:26 is_ready:True
2024-03-11 12:27:04 tech_manager: max_rows:32 candle_time:2024-03-11 11:26:00+00:00 granularity:M1
2024-03-11 12:27:04 process_candles:
       PAIR                      time    mid_c    mid_o   SL   TP  SPREAD      GAIN     LOSS  SIGNAL
26  GBP_JPY 2024-03-11 11:22:00+00:00  188.412  188.423  0.0  0.0   0.028  0.040722  188.412       0
27  GBP_JPY 2024-03-11 11:23:00+00:00  188.412  188.416  0.0  0.0   0.029  0.036361  188.412       0
28  GBP_JPY 2024-03-11 11:24:00+00:00  188.436  188.413  0.0  0.0   0.029  0.007694  188.436       0
29  GBP_JPY 2024-03-11 11:25:00+00:00  188.434  188.438  0.0  0.0   0.029  0.007194  188.434       0
30  GBP_JPY 2024-03-11 11:26:00+00:00  188.432  188.434  0.0  0.0   0.028  0.008944  188.432       0
2024-03-11 12:28:10 CandleManager() new candle:last_candle:24-03-11 11:27 is_ready:True
2024-03-11 12:28:11 tech_manager: max_rows:32 candle_time:2024-03-11 11:27:00+00:00 granularity:M1
2024-03-11 12:28:11 process_candles:
       PAIR                      time    mid_c    mid_o   SL   TP  SPREAD      GAIN     LOSS  SIGNAL
26  GBP_JPY 2024-03-11 11:23:00+00:00  188.412  188.416  0.0  0.0   0.029  0.036361  188.412       0
27  GBP_JPY 2024-03-11 11:24:00+00:00  188.436  188.413  0.0  0.0   0.029  0.007694  188.436       0
28  GBP_JPY 2024-03-11 11:25:00+00:00  188.434  188.438  0.0  0.0   0.029  0.007194  188.434       0
29  GBP_JPY 2024-03-11 11:26:00+00:00  188.432  188.434  0.0  0.0   0.028  0.008944  188.432       0
30  GBP_JPY 2024-03-11 11:27:00+00:00  188.432  188.432  0.0  0.0   0.029  0.004833  188.432       0
2024-03-11 12:29:05 CandleManager() new candle:last_candle:24-03-11 11:28 is_ready:True
2024-03-11 12:29:06 tech_manager: max_rows:32 candle_time:2024-03-11 11:28:00+00:00 granularity:M1
2024-03-11 12:29:06 process_candles:
       PAIR                      time    mid_c    mid_o   SL   TP  SPREAD      GAIN     LOSS  SIGNAL
26  GBP_JPY 2024-03-11 11:24:00+00:00  188.436  188.413  0.0  0.0   0.029  0.007694  188.436       0
27  GBP_JPY 2024-03-11 11:25:00+00:00  188.434  188.438  0.0  0.0   0.029  0.007194  188.434       0
28  GBP_JPY 2024-03-11 11:26:00+00:00  188.432  188.434  0.0  0.0   0.028  0.008944  188.432       0
29  GBP_JPY 2024-03-11 11:27:00+00:00  188.432  188.432  0.0  0.0   0.029  0.004833  188.432       0
30  GBP_JPY 2024-03-11 11:28:00+00:00  188.445  188.433  0.0  0.0   0.028  0.010556  188.445       0
2024-03-11 12:30:01 CandleManager() new candle:last_candle:24-03-11 11:29 is_ready:True
2024-03-11 12:30:01 tech_manager: max_rows:32 candle_time:2024-03-11 11:29:00+00:00 granularity:M1
2024-03-11 12:30:02 process_candles:
       PAIR                      time    mid_c    mid_o   SL   TP  SPREAD      GAIN     LOSS  SIGNAL
26  GBP_JPY 2024-03-11 11:25:00+00:00  188.434  188.438  0.0  0.0   0.029  0.007194  188.434       0
27  GBP_JPY 2024-03-11 11:26:00+00:00  188.432  188.434  0.0  0.0   0.028  0.008944  188.432       0
28  GBP_JPY 2024-03-11 11:27:00+00:00  188.432  188.432  0.0  0.0   0.029  0.004833  188.432       0
29  GBP_JPY 2024-03-11 11:28:00+00:00  188.445  188.433  0.0  0.0   0.028  0.010556  188.445       0
30  GBP_JPY 2024-03-11 11:29:00+00:00  188.454  188.441  0.0  0.0   0.027  0.018889  188.454       0
2024-03-11 12:31:08 CandleManager() new candle:last_candle:24-03-11 11:30 is_ready:True
2024-03-11 12:31:09 tech_manager: max_rows:32 candle_time:2024-03-11 11:30:00+00:00 granularity:M1
2024-03-11 12:31:09 process_candles:
       PAIR                      time    mid_c    mid_o   SL   TP  SPREAD      GAIN     LOSS  SIGNAL
26  GBP_JPY 2024-03-11 11:26:00+00:00  188.432  188.434  0.0  0.0   0.028  0.008944  188.432       0
27  GBP_JPY 2024-03-11 11:27:00+00:00  188.432  188.432  0.0  0.0   0.029  0.004833  188.432       0
28  GBP_JPY 2024-03-11 11:28:00+00:00  188.445  188.433  0.0  0.0   0.028  0.010556  188.445       0
29  GBP_JPY 2024-03-11 11:29:00+00:00  188.454  188.441  0.0  0.0   0.027  0.018889  188.454       0
30  GBP_JPY 2024-03-11 11:30:00+00:00  188.468  188.454  0.0  0.0   0.023  0.029417  188.468       0
2024-03-11 12:32:05 CandleManager() new candle:last_candle:24-03-11 11:31 is_ready:True
2024-03-11 12:32:05 tech_manager: max_rows:32 candle_time:2024-03-11 11:31:00+00:00 granularity:M1
2024-03-11 12:32:05 process_candles:
       PAIR                      time    mid_c    mid_o   SL   TP  SPREAD      GAIN     LOSS  SIGNAL
26  GBP_JPY 2024-03-11 11:27:00+00:00  188.432  188.432  0.0  0.0   0.029  0.004833  188.432       0
27  GBP_JPY 2024-03-11 11:28:00+00:00  188.445  188.433  0.0  0.0   0.028  0.010556  188.445       0
28  GBP_JPY 2024-03-11 11:29:00+00:00  188.454  188.441  0.0  0.0   0.027  0.018889  188.454       0
29  GBP_JPY 2024-03-11 11:30:00+00:00  188.468  188.454  0.0  0.0   0.023  0.029417  188.468       0
30  GBP_JPY 2024-03-11 11:31:00+00:00  188.482  188.468  0.0  0.0   0.026  0.040750  188.482       0
2024-03-11 12:33:11 CandleManager() new candle:last_candle:24-03-11 11:32 is_ready:True
2024-03-11 12:33:12 tech_manager: max_rows:32 candle_time:2024-03-11 11:32:00+00:00 granularity:M1
2024-03-11 12:33:12 process_candles:
       PAIR                      time    mid_c    mid_o   SL   TP  SPREAD      GAIN     LOSS  SIGNAL
26  GBP_JPY 2024-03-11 11:28:00+00:00  188.445  188.433  0.0  0.0   0.028  0.010556  188.445       0
27  GBP_JPY 2024-03-11 11:29:00+00:00  188.454  188.441  0.0  0.0   0.027  0.018889  188.454       0
28  GBP_JPY 2024-03-11 11:30:00+00:00  188.468  188.454  0.0  0.0   0.023  0.029417  188.468       0
29  GBP_JPY 2024-03-11 11:31:00+00:00  188.482  188.468  0.0  0.0   0.026  0.040750  188.482       0
30  GBP_JPY 2024-03-11 11:32:00+00:00  188.472  188.481  0.0  0.0   0.031  0.029667  188.472       0
2024-03-11 12:34:06 CandleManager() new candle:last_candle:24-03-11 11:33 is_ready:True
2024-03-11 12:34:07 tech_manager: max_rows:32 candle_time:2024-03-11 11:33:00+00:00 granularity:M1
2024-03-11 12:34:07 process_candles:
       PAIR                      time    mid_c    mid_o   SL   TP  SPREAD      GAIN     LOSS  SIGNAL
26  GBP_JPY 2024-03-11 11:29:00+00:00  188.454  188.441  0.0  0.0   0.027  0.018889  188.454       0
27  GBP_JPY 2024-03-11 11:30:00+00:00  188.468  188.454  0.0  0.0   0.023  0.029417  188.468       0
28  GBP_JPY 2024-03-11 11:31:00+00:00  188.482  188.468  0.0  0.0   0.026  0.040750  188.482       0
29  GBP_JPY 2024-03-11 11:32:00+00:00  188.472  188.481  0.0  0.0   0.031  0.029667  188.472       0
30  GBP_JPY 2024-03-11 11:33:00+00:00  188.458  188.471  0.0  0.0   0.028  0.013306  188.458       0
2024-03-11 12:35:02 CandleManager() new candle:last_candle:24-03-11 11:34 is_ready:True
2024-03-11 12:35:03 tech_manager: max_rows:32 candle_time:2024-03-11 11:34:00+00:00 granularity:M1
2024-03-11 12:35:03 process_candles:
       PAIR                      time    mid_c    mid_o   SL   TP  SPREAD      GAIN     LOSS  SIGNAL
26  GBP_JPY 2024-03-11 11:30:00+00:00  188.468  188.454  0.0  0.0   0.023  0.029417  188.468       0
27  GBP_JPY 2024-03-11 11:31:00+00:00  188.482  188.468  0.0  0.0   0.026  0.040750  188.482       0
28  GBP_JPY 2024-03-11 11:32:00+00:00  188.472  188.481  0.0  0.0   0.031  0.029667  188.472       0
29  GBP_JPY 2024-03-11 11:33:00+00:00  188.458  188.471  0.0  0.0   0.028  0.013306  188.458       0
30  GBP_JPY 2024-03-11 11:34:00+00:00  188.461  188.455  0.0  0.0   0.030  0.012889  188.461       0
2024-03-11 12:36:09 CandleManager() new candle:last_candle:24-03-11 11:35 is_ready:True
2024-03-11 12:36:09 tech_manager: max_rows:32 candle_time:2024-03-11 11:35:00+00:00 granularity:M1
2024-03-11 12:36:10 process_candles:
       PAIR                      time    mid_c    mid_o   SL   TP  SPREAD      GAIN     LOSS  SIGNAL
26  GBP_JPY 2024-03-11 11:31:00+00:00  188.482  188.468  0.0  0.0   0.026  0.040750  188.482       0
27  GBP_JPY 2024-03-11 11:32:00+00:00  188.472  188.481  0.0  0.0   0.031  0.029667  188.472       0
28  GBP_JPY 2024-03-11 11:33:00+00:00  188.458  188.471  0.0  0.0   0.028  0.013306  188.458       0
29  GBP_JPY 2024-03-11 11:34:00+00:00  188.461  188.455  0.0  0.0   0.030  0.012889  188.461       0
30  GBP_JPY 2024-03-11 11:35:00+00:00  188.464  188.460  0.0  0.0   0.028  0.011944  188.464       0
2024-03-11 12:37:04 CandleManager() new candle:last_candle:24-03-11 11:36 is_ready:True
2024-03-11 12:37:05 tech_manager: max_rows:32 candle_time:2024-03-11 11:36:00+00:00 granularity:M1
2024-03-11 12:37:05 process_candles:
       PAIR                      time    mid_c    mid_o   SL   TP  SPREAD      GAIN     LOSS  SIGNAL
26  GBP_JPY 2024-03-11 11:32:00+00:00  188.472  188.481  0.0  0.0   0.031  0.029667  188.472       0
27  GBP_JPY 2024-03-11 11:33:00+00:00  188.458  188.471  0.0  0.0   0.028  0.013306  188.458       0
28  GBP_JPY 2024-03-11 11:34:00+00:00  188.461  188.455  0.0  0.0   0.030  0.012889  188.461       0
29  GBP_JPY 2024-03-11 11:35:00+00:00  188.464  188.460  0.0  0.0   0.028  0.011944  188.464       0
30  GBP_JPY 2024-03-11 11:36:00+00:00  188.452  188.463  0.0  0.0   0.027  0.002472  188.452       0
2024-03-11 12:38:11 CandleManager() new candle:last_candle:24-03-11 11:37 is_ready:True
2024-03-11 12:38:11 tech_manager: max_rows:32 candle_time:2024-03-11 11:37:00+00:00 granularity:M1
2024-03-11 12:38:12 process_candles:
       PAIR                      time    mid_c    mid_o   SL   TP  SPREAD      GAIN     LOSS  SIGNAL
26  GBP_JPY 2024-03-11 11:33:00+00:00  188.458  188.471  0.0  0.0   0.028  0.013306  188.458       0
27  GBP_JPY 2024-03-11 11:34:00+00:00  188.461  188.455  0.0  0.0   0.030  0.012889  188.461       0
28  GBP_JPY 2024-03-11 11:35:00+00:00  188.464  188.460  0.0  0.0   0.028  0.011944  188.464       0
29  GBP_JPY 2024-03-11 11:36:00+00:00  188.452  188.463  0.0  0.0   0.027  0.002472  188.452       0
30  GBP_JPY 2024-03-11 11:37:00+00:00  188.472  188.453  0.0  0.0   0.029  0.015111  188.472       0
2024-03-11 12:39:07 CandleManager() new candle:last_candle:24-03-11 11:38 is_ready:True
2024-03-11 12:39:07 tech_manager: max_rows:32 candle_time:2024-03-11 11:38:00+00:00 granularity:M1
2024-03-11 12:39:08 process_candles:
       PAIR                      time    mid_c    mid_o   SL   TP  SPREAD      GAIN     LOSS  SIGNAL
26  GBP_JPY 2024-03-11 11:34:00+00:00  188.461  188.455  0.0  0.0   0.030  0.012889  188.461       0
27  GBP_JPY 2024-03-11 11:35:00+00:00  188.464  188.460  0.0  0.0   0.028  0.011944  188.464       0
28  GBP_JPY 2024-03-11 11:36:00+00:00  188.452  188.463  0.0  0.0   0.027  0.002472  188.452       0
29  GBP_JPY 2024-03-11 11:37:00+00:00  188.472  188.453  0.0  0.0   0.029  0.015111  188.472       0
30  GBP_JPY 2024-03-11 11:38:00+00:00  188.484  188.469  0.0  0.0   0.030  0.023472  188.484       0
2024-03-11 12:40:02 CandleManager() new candle:last_candle:24-03-11 11:39 is_ready:True
2024-03-11 12:40:03 tech_manager: max_rows:32 candle_time:2024-03-11 11:39:00+00:00 granularity:M1
2024-03-11 12:40:03 process_candles:
       PAIR                      time    mid_c    mid_o   SL   TP  SPREAD      GAIN     LOSS  SIGNAL
26  GBP_JPY 2024-03-11 11:35:00+00:00  188.464  188.460  0.0  0.0   0.028  0.011944  188.464       0
27  GBP_JPY 2024-03-11 11:36:00+00:00  188.452  188.463  0.0  0.0   0.027  0.002472  188.452       0
28  GBP_JPY 2024-03-11 11:37:00+00:00  188.472  188.453  0.0  0.0   0.029  0.015111  188.472       0
29  GBP_JPY 2024-03-11 11:38:00+00:00  188.484  188.469  0.0  0.0   0.030  0.023472  188.484       0
30  GBP_JPY 2024-03-11 11:39:00+00:00  188.494  188.480  0.0  0.0   0.029  0.028278  188.494       0
2024-03-11 12:41:09 CandleManager() new candle:last_candle:24-03-11 11:40 is_ready:True
2024-03-11 12:41:09 tech_manager: max_rows:32 candle_time:2024-03-11 11:40:00+00:00 granularity:M1
2024-03-11 12:41:10 process_candles:
       PAIR                      time    mid_c    mid_o   SL   TP  SPREAD      GAIN     LOSS  SIGNAL
26  GBP_JPY 2024-03-11 11:36:00+00:00  188.452  188.463  0.0  0.0   0.027  0.002472  188.452       0
27  GBP_JPY 2024-03-11 11:37:00+00:00  188.472  188.453  0.0  0.0   0.029  0.015111  188.472       0
28  GBP_JPY 2024-03-11 11:38:00+00:00  188.484  188.469  0.0  0.0   0.030  0.023472  188.484       0
29  GBP_JPY 2024-03-11 11:39:00+00:00  188.494  188.480  0.0  0.0   0.029  0.028278  188.494       0
30  GBP_JPY 2024-03-11 11:40:00+00:00  188.482  188.493  0.0  0.0   0.028  0.012194  188.482       0
2024-03-11 12:42:04 CandleManager() new candle:last_candle:24-03-11 11:41 is_ready:True
2024-03-11 12:42:05 tech_manager: max_rows:32 candle_time:2024-03-11 11:41:00+00:00 granularity:M1
2024-03-11 12:42:05 process_candles:
       PAIR                      time    mid_c    mid_o   SL   TP  SPREAD      GAIN     LOSS  SIGNAL
26  GBP_JPY 2024-03-11 11:37:00+00:00  188.472  188.453  0.0  0.0   0.029  0.015111  188.472       0
27  GBP_JPY 2024-03-11 11:38:00+00:00  188.484  188.469  0.0  0.0   0.030  0.023472  188.484       0
28  GBP_JPY 2024-03-11 11:39:00+00:00  188.494  188.480  0.0  0.0   0.029  0.028278  188.494       0
29  GBP_JPY 2024-03-11 11:40:00+00:00  188.482  188.493  0.0  0.0   0.028  0.012194  188.482       0
30  GBP_JPY 2024-03-11 11:41:00+00:00  188.490  188.484  0.0  0.0   0.031  0.016667  188.490       0
2024-03-11 12:43:00 CandleManager() new candle:last_candle:24-03-11 11:42 is_ready:True
2024-03-11 12:43:00 tech_manager: max_rows:32 candle_time:2024-03-11 11:42:00+00:00 granularity:M1
2024-03-11 12:43:00 process_candles:
       PAIR                      time    mid_c    mid_o   SL   TP  SPREAD      GAIN     LOSS  SIGNAL
27  GBP_JPY 2024-03-11 11:38:00+00:00  188.484  188.469  0.0  0.0   0.030  0.023472  188.484       0
28  GBP_JPY 2024-03-11 11:39:00+00:00  188.494  188.480  0.0  0.0   0.029  0.028278  188.494       0
29  GBP_JPY 2024-03-11 11:40:00+00:00  188.482  188.493  0.0  0.0   0.028  0.012194  188.482       0
30  GBP_JPY 2024-03-11 11:41:00+00:00  188.490  188.484  0.0  0.0   0.031  0.016667  188.490       0
31  GBP_JPY 2024-03-11 11:42:00+00:00  188.480  188.489  0.0  0.0   0.026  0.005111  188.480       0
2024-03-11 12:44:06 CandleManager() new candle:last_candle:24-03-11 11:43 is_ready:True
2024-03-11 12:44:07 tech_manager: max_rows:32 candle_time:2024-03-11 11:43:00+00:00 granularity:M1
2024-03-11 12:44:07 process_candles:
       PAIR                      time    mid_c    mid_o   SL   TP  SPREAD      GAIN     LOSS  SIGNAL
27  GBP_JPY 2024-03-11 11:39:00+00:00  188.494  188.480  0.0  0.0   0.029  0.028278  188.494       0
28  GBP_JPY 2024-03-11 11:40:00+00:00  188.482  188.493  0.0  0.0   0.028  0.012194  188.482       0
29  GBP_JPY 2024-03-11 11:41:00+00:00  188.490  188.484  0.0  0.0   0.031  0.016667  188.490       0
30  GBP_JPY 2024-03-11 11:42:00+00:00  188.480  188.489  0.0  0.0   0.026  0.005111  188.480       0
31  GBP_JPY 2024-03-11 11:43:00+00:00  188.466  188.480  0.0  0.0   0.028  0.008111  188.466       0
2024-03-11 12:45:01 CandleManager() new candle:last_candle:24-03-11 11:44 is_ready:True
2024-03-11 12:45:02 tech_manager: max_rows:32 candle_time:2024-03-11 11:44:00+00:00 granularity:M1
2024-03-11 12:45:02 process_candles:
       PAIR                      time    mid_c    mid_o   SL   TP  SPREAD      GAIN     LOSS  SIGNAL
26  GBP_JPY 2024-03-11 11:40:00+00:00  188.482  188.493  0.0  0.0   0.028  0.012194  188.482       0
27  GBP_JPY 2024-03-11 11:41:00+00:00  188.490  188.484  0.0  0.0   0.031  0.016667  188.490       0
28  GBP_JPY 2024-03-11 11:42:00+00:00  188.480  188.489  0.0  0.0   0.026  0.005111  188.480       0
29  GBP_JPY 2024-03-11 11:43:00+00:00  188.466  188.480  0.0  0.0   0.028  0.008111  188.466       0
30  GBP_JPY 2024-03-11 11:44:00+00:00  188.463  188.466  0.0  0.0   0.030  0.010111  188.463       0
2024-03-11 12:46:08 CandleManager() new candle:last_candle:24-03-11 11:45 is_ready:True
2024-03-11 12:46:09 tech_manager: max_rows:32 candle_time:2024-03-11 11:45:00+00:00 granularity:M1
2024-03-11 12:46:09 process_candles:
       PAIR                      time    mid_c    mid_o   SL   TP  SPREAD      GAIN     LOSS  SIGNAL
26  GBP_JPY 2024-03-11 11:41:00+00:00  188.490  188.484  0.0  0.0   0.031  0.016667  188.490       0
27  GBP_JPY 2024-03-11 11:42:00+00:00  188.480  188.489  0.0  0.0   0.026  0.005111  188.480       0
28  GBP_JPY 2024-03-11 11:43:00+00:00  188.466  188.480  0.0  0.0   0.028  0.008111  188.466       0
29  GBP_JPY 2024-03-11 11:44:00+00:00  188.463  188.466  0.0  0.0   0.030  0.010111  188.463       0
30  GBP_JPY 2024-03-11 11:45:00+00:00  188.464  188.464  0.0  0.0   0.027  0.008889  188.464       0
2024-03-11 12:47:04 CandleManager() new candle:last_candle:24-03-11 11:46 is_ready:True
2024-03-11 12:47:04 tech_manager: max_rows:32 candle_time:2024-03-11 11:46:00+00:00 granularity:M1
2024-03-11 12:47:04 process_candles:
       PAIR                      time    mid_c    mid_o   SL   TP  SPREAD      GAIN     LOSS  SIGNAL
26  GBP_JPY 2024-03-11 11:42:00+00:00  188.480  188.489  0.0  0.0   0.026  0.005111  188.480       0
27  GBP_JPY 2024-03-11 11:43:00+00:00  188.466  188.480  0.0  0.0   0.028  0.008111  188.466       0
28  GBP_JPY 2024-03-11 11:44:00+00:00  188.463  188.466  0.0  0.0   0.030  0.010111  188.463       0
29  GBP_JPY 2024-03-11 11:45:00+00:00  188.464  188.464  0.0  0.0   0.027  0.008889  188.464       0
30  GBP_JPY 2024-03-11 11:46:00+00:00  188.466  188.465  0.0  0.0   0.027  0.007528  188.466       0
2024-03-11 12:48:10 CandleManager() new candle:last_candle:24-03-11 11:47 is_ready:True
2024-03-11 12:48:11 tech_manager: max_rows:32 candle_time:2024-03-11 11:47:00+00:00 granularity:M1
2024-03-11 12:48:11 process_candles:
       PAIR                      time    mid_c    mid_o   SL   TP  SPREAD      GAIN     LOSS  SIGNAL
26  GBP_JPY 2024-03-11 11:43:00+00:00  188.466  188.480  0.0  0.0   0.028  0.008111  188.466       0
27  GBP_JPY 2024-03-11 11:44:00+00:00  188.463  188.466  0.0  0.0   0.030  0.010111  188.463       0
28  GBP_JPY 2024-03-11 11:45:00+00:00  188.464  188.464  0.0  0.0   0.027  0.008889  188.464       0
29  GBP_JPY 2024-03-11 11:46:00+00:00  188.466  188.465  0.0  0.0   0.027  0.007528  188.466       0
30  GBP_JPY 2024-03-11 11:47:00+00:00  188.454  188.465  0.0  0.0   0.028  0.018944  188.454       0
2024-03-11 12:49:05 CandleManager() new candle:last_candle:24-03-11 11:48 is_ready:True
2024-03-11 12:49:06 tech_manager: max_rows:32 candle_time:2024-03-11 11:48:00+00:00 granularity:M1
2024-03-11 12:49:06 process_candles:
       PAIR                      time    mid_c    mid_o   SL   TP  SPREAD      GAIN     LOSS  SIGNAL
26  GBP_JPY 2024-03-11 11:44:00+00:00  188.463  188.466  0.0  0.0   0.030  0.010111  188.463       0
27  GBP_JPY 2024-03-11 11:45:00+00:00  188.464  188.464  0.0  0.0   0.027  0.008889  188.464       0
28  GBP_JPY 2024-03-11 11:46:00+00:00  188.466  188.465  0.0  0.0   0.027  0.007528  188.466       0
29  GBP_JPY 2024-03-11 11:47:00+00:00  188.454  188.465  0.0  0.0   0.028  0.018944  188.454       0
30  GBP_JPY 2024-03-11 11:48:00+00:00  188.434  188.454  0.0  0.0   0.027  0.037528  188.434       0
2024-03-11 12:50:01 CandleManager() new candle:last_candle:24-03-11 11:49 is_ready:True
2024-03-11 12:50:01 tech_manager: max_rows:32 candle_time:2024-03-11 11:49:00+00:00 granularity:M1
2024-03-11 12:50:02 process_candles:
       PAIR                      time    mid_c    mid_o   SL   TP  SPREAD      GAIN     LOSS  SIGNAL
26  GBP_JPY 2024-03-11 11:45:00+00:00  188.464  188.464  0.0  0.0   0.027  0.008889  188.464       0
27  GBP_JPY 2024-03-11 11:46:00+00:00  188.466  188.465  0.0  0.0   0.027  0.007528  188.466       0
28  GBP_JPY 2024-03-11 11:47:00+00:00  188.454  188.465  0.0  0.0   0.028  0.018944  188.454       0
29  GBP_JPY 2024-03-11 11:48:00+00:00  188.434  188.454  0.0  0.0   0.027  0.037528  188.434       0
30  GBP_JPY 2024-03-11 11:49:00+00:00  188.412  188.432  0.0  0.0   0.029  0.055750  188.412       0
2024-03-11 12:51:08 CandleManager() new candle:last_candle:24-03-11 11:50 is_ready:True
2024-03-11 12:51:08 tech_manager: max_rows:32 candle_time:2024-03-11 11:50:00+00:00 granularity:M1
2024-03-11 12:51:08 process_candles:
       PAIR                      time    mid_c    mid_o   SL   TP  SPREAD      GAIN     LOSS  SIGNAL
26  GBP_JPY 2024-03-11 11:46:00+00:00  188.466  188.465  0.0  0.0   0.027  0.007528  188.466       0
27  GBP_JPY 2024-03-11 11:47:00+00:00  188.454  188.465  0.0  0.0   0.028  0.018944  188.454       0
28  GBP_JPY 2024-03-11 11:48:00+00:00  188.434  188.454  0.0  0.0   0.027  0.037528  188.434       0
29  GBP_JPY 2024-03-11 11:49:00+00:00  188.412  188.432  0.0  0.0   0.029  0.055750  188.412       0
30  GBP_JPY 2024-03-11 11:50:00+00:00  188.419  188.412  0.0  0.0   0.028  0.043278  188.419       0
2024-03-11 12:52:03 CandleManager() new candle:last_candle:24-03-11 11:51 is_ready:True
2024-03-11 12:52:04 tech_manager: max_rows:32 candle_time:2024-03-11 11:51:00+00:00 granularity:M1
2024-03-11 12:52:04 process_candles:
       PAIR                      time    mid_c    mid_o   SL   TP  SPREAD      GAIN     LOSS  SIGNAL
26  GBP_JPY 2024-03-11 11:47:00+00:00  188.454  188.465  0.0  0.0   0.028  0.018944  188.454       0
27  GBP_JPY 2024-03-11 11:48:00+00:00  188.434  188.454  0.0  0.0   0.027  0.037528  188.434       0
28  GBP_JPY 2024-03-11 11:49:00+00:00  188.412  188.432  0.0  0.0   0.029  0.055750  188.412       0
29  GBP_JPY 2024-03-11 11:50:00+00:00  188.419  188.412  0.0  0.0   0.028  0.043278  188.419       0
30  GBP_JPY 2024-03-11 11:51:00+00:00  188.452  188.418  0.0  0.0   0.021  0.006306  188.452       0
2024-03-11 12:53:10 CandleManager() new candle:last_candle:24-03-11 11:52 is_ready:True
2024-03-11 12:53:10 tech_manager: max_rows:32 candle_time:2024-03-11 11:52:00+00:00 granularity:M1
2024-03-11 12:53:11 process_candles:
       PAIR                      time    mid_c    mid_o   SL   TP  SPREAD      GAIN     LOSS  SIGNAL
26  GBP_JPY 2024-03-11 11:48:00+00:00  188.434  188.454  0.0  0.0   0.027  0.037528  188.434       0
27  GBP_JPY 2024-03-11 11:49:00+00:00  188.412  188.432  0.0  0.0   0.029  0.055750  188.412       0
28  GBP_JPY 2024-03-11 11:50:00+00:00  188.419  188.412  0.0  0.0   0.028  0.043278  188.419       0
29  GBP_JPY 2024-03-11 11:51:00+00:00  188.452  188.418  0.0  0.0   0.021  0.006306  188.452       0
30  GBP_JPY 2024-03-11 11:52:00+00:00  188.429  188.453  0.0  0.0   0.028  0.024750  188.429       0
2024-03-11 12:54:06 CandleManager() new candle:last_candle:24-03-11 11:53 is_ready:True
2024-03-11 12:54:06 tech_manager: max_rows:32 candle_time:2024-03-11 11:53:00+00:00 granularity:M1
2024-03-11 12:54:07 process_candles:
       PAIR                      time    mid_c    mid_o   SL   TP  SPREAD      GAIN     LOSS  SIGNAL
26  GBP_JPY 2024-03-11 11:49:00+00:00  188.412  188.432  0.0  0.0   0.029  0.055750  188.412       0
27  GBP_JPY 2024-03-11 11:50:00+00:00  188.419  188.412  0.0  0.0   0.028  0.043278  188.419       0
28  GBP_JPY 2024-03-11 11:51:00+00:00  188.452  188.418  0.0  0.0   0.021  0.006306  188.452       0
29  GBP_JPY 2024-03-11 11:52:00+00:00  188.429  188.453  0.0  0.0   0.028  0.024750  188.429       0
30  GBP_JPY 2024-03-11 11:53:00+00:00  188.438  188.428  0.0  0.0   0.024  0.011444  188.438       0
2024-03-11 12:55:01 CandleManager() new candle:last_candle:24-03-11 11:54 is_ready:True
2024-03-11 12:55:02 tech_manager: max_rows:32 candle_time:2024-03-11 11:54:00+00:00 granularity:M1
2024-03-11 12:55:02 process_candles:
       PAIR                      time    mid_c    mid_o   SL   TP  SPREAD      GAIN     LOSS  SIGNAL
26  GBP_JPY 2024-03-11 11:50:00+00:00  188.419  188.412  0.0  0.0   0.028  0.043278  188.419       0
27  GBP_JPY 2024-03-11 11:51:00+00:00  188.452  188.418  0.0  0.0   0.021  0.006306  188.452       0
28  GBP_JPY 2024-03-11 11:52:00+00:00  188.429  188.453  0.0  0.0   0.028  0.024750  188.429       0
29  GBP_JPY 2024-03-11 11:53:00+00:00  188.438  188.428  0.0  0.0   0.024  0.011444  188.438       0
30  GBP_JPY 2024-03-11 11:54:00+00:00  188.424  188.440  0.0  0.0   0.028  0.020972  188.424       0
2024-03-11 12:56:08 CandleManager() new candle:last_candle:24-03-11 11:55 is_ready:True
2024-03-11 12:56:09 tech_manager: max_rows:32 candle_time:2024-03-11 11:55:00+00:00 granularity:M1
2024-03-11 12:56:09 process_candles:
       PAIR                      time    mid_c    mid_o   SL   TP  SPREAD      GAIN     LOSS  SIGNAL
26  GBP_JPY 2024-03-11 11:51:00+00:00  188.452  188.418  0.0  0.0   0.021  0.006306  188.452       0
27  GBP_JPY 2024-03-11 11:52:00+00:00  188.429  188.453  0.0  0.0   0.028  0.024750  188.429       0
28  GBP_JPY 2024-03-11 11:53:00+00:00  188.438  188.428  0.0  0.0   0.024  0.011444  188.438       0
29  GBP_JPY 2024-03-11 11:54:00+00:00  188.424  188.440  0.0  0.0   0.028  0.020972  188.424       0
30  GBP_JPY 2024-03-11 11:55:00+00:00  188.431  188.424  0.0  0.0   0.028  0.010139  188.431       0
2024-03-11 12:57:04 CandleManager() new candle:last_candle:24-03-11 11:56 is_ready:True
2024-03-11 12:57:05 tech_manager: max_rows:32 candle_time:2024-03-11 11:56:00+00:00 granularity:M1
2024-03-11 12:57:05 process_candles:
       PAIR                      time    mid_c    mid_o   SL   TP  SPREAD      GAIN     LOSS  SIGNAL
26  GBP_JPY 2024-03-11 11:52:00+00:00  188.429  188.453  0.0  0.0   0.028  0.024750  188.429       0
27  GBP_JPY 2024-03-11 11:53:00+00:00  188.438  188.428  0.0  0.0   0.024  0.011444  188.438       0
28  GBP_JPY 2024-03-11 11:54:00+00:00  188.424  188.440  0.0  0.0   0.028  0.020972  188.424       0
29  GBP_JPY 2024-03-11 11:55:00+00:00  188.431  188.424  0.0  0.0   0.028  0.010139  188.431       0
30  GBP_JPY 2024-03-11 11:56:00+00:00  188.460  188.430  0.0  0.0   0.024  0.019750  188.460       0
2024-03-11 12:58:11 CandleManager() new candle:last_candle:24-03-11 11:57 is_ready:True
2024-03-11 12:58:11 tech_manager: max_rows:32 candle_time:2024-03-11 11:57:00+00:00 granularity:M1
2024-03-11 12:58:11 process_candles:
       PAIR                      time    mid_c    mid_o   SL   TP  SPREAD      GAIN     LOSS  SIGNAL
26  GBP_JPY 2024-03-11 11:53:00+00:00  188.438  188.428  0.0  0.0   0.024  0.011444  188.438       0
27  GBP_JPY 2024-03-11 11:54:00+00:00  188.424  188.440  0.0  0.0   0.028  0.020972  188.424       0
28  GBP_JPY 2024-03-11 11:55:00+00:00  188.431  188.424  0.0  0.0   0.028  0.010139  188.431       0
29  GBP_JPY 2024-03-11 11:56:00+00:00  188.460  188.430  0.0  0.0   0.024  0.019750  188.460       0
30  GBP_JPY 2024-03-11 11:57:00+00:00  188.496  188.460  0.0  0.0   0.025  0.053917  188.496       0
2024-03-11 12:59:06 CandleManager() new candle:last_candle:24-03-11 11:58 is_ready:True
2024-03-11 12:59:07 tech_manager: max_rows:32 candle_time:2024-03-11 11:58:00+00:00 granularity:M1
2024-03-11 12:59:07 process_candles:
       PAIR                      time    mid_c    mid_o   SL   TP  SPREAD      GAIN     LOSS  SIGNAL
26  GBP_JPY 2024-03-11 11:54:00+00:00  188.424  188.440  0.0  0.0   0.028  0.020972  188.424       0
27  GBP_JPY 2024-03-11 11:55:00+00:00  188.431  188.424  0.0  0.0   0.028  0.010139  188.431       0
28  GBP_JPY 2024-03-11 11:56:00+00:00  188.460  188.430  0.0  0.0   0.024  0.019750  188.460       0
29  GBP_JPY 2024-03-11 11:57:00+00:00  188.496  188.460  0.0  0.0   0.025  0.053917  188.496       0
30  GBP_JPY 2024-03-11 11:58:00+00:00  188.466  188.495  0.0  0.0   0.027  0.023333  188.466       0
2024-03-11 13:00:02 CandleManager() new candle:last_candle:24-03-11 11:59 is_ready:True
2024-03-11 13:00:03 tech_manager: max_rows:32 candle_time:2024-03-11 11:59:00+00:00 granularity:M1
2024-03-11 13:00:03 process_candles:
       PAIR                      time    mid_c    mid_o   SL   TP  SPREAD      GAIN     LOSS  SIGNAL
26  GBP_JPY 2024-03-11 11:55:00+00:00  188.431  188.424  0.0  0.0   0.028  0.010139  188.431       0
27  GBP_JPY 2024-03-11 11:56:00+00:00  188.460  188.430  0.0  0.0   0.024  0.019750  188.460       0
28  GBP_JPY 2024-03-11 11:57:00+00:00  188.496  188.460  0.0  0.0   0.025  0.053917  188.496       0
29  GBP_JPY 2024-03-11 11:58:00+00:00  188.466  188.495  0.0  0.0   0.027  0.023333  188.466       0
30  GBP_JPY 2024-03-11 11:59:00+00:00  188.455  188.465  0.0  0.0   0.026  0.012000  188.455       0
2024-03-11 13:01:08 CandleManager() new candle:last_candle:24-03-11 12:00 is_ready:True
2024-03-11 13:01:09 tech_manager: max_rows:32 candle_time:2024-03-11 12:00:00+00:00 granularity:M1
2024-03-11 13:01:09 process_candles:
       PAIR                      time    mid_c    mid_o   SL   TP  SPREAD      GAIN     LOSS  SIGNAL
26  GBP_JPY 2024-03-11 11:56:00+00:00  188.460  188.430  0.0  0.0   0.024  0.019750  188.460       0
27  GBP_JPY 2024-03-11 11:57:00+00:00  188.496  188.460  0.0  0.0   0.025  0.053917  188.496       0
28  GBP_JPY 2024-03-11 11:58:00+00:00  188.466  188.495  0.0  0.0   0.027  0.023333  188.466       0
29  GBP_JPY 2024-03-11 11:59:00+00:00  188.455  188.465  0.0  0.0   0.026  0.012000  188.455       0
30  GBP_JPY 2024-03-11 12:00:00+00:00  188.450  188.457  0.0  0.0   0.028  0.005472  188.450       0
2024-03-11 13:02:04 CandleManager() new candle:last_candle:24-03-11 12:01 is_ready:True
2024-03-11 13:02:05 tech_manager: max_rows:32 candle_time:2024-03-11 12:01:00+00:00 granularity:M1
2024-03-11 13:02:05 process_candles:
       PAIR                      time    mid_c    mid_o   SL   TP  SPREAD      GAIN     LOSS  SIGNAL
26  GBP_JPY 2024-03-11 11:57:00+00:00  188.496  188.460  0.0  0.0   0.025  0.053917  188.496       0
27  GBP_JPY 2024-03-11 11:58:00+00:00  188.466  188.495  0.0  0.0   0.027  0.023333  188.466       0
28  GBP_JPY 2024-03-11 11:59:00+00:00  188.455  188.465  0.0  0.0   0.026  0.012000  188.455       0
29  GBP_JPY 2024-03-11 12:00:00+00:00  188.450  188.457  0.0  0.0   0.028  0.005472  188.450       0
30  GBP_JPY 2024-03-11 12:01:00+00:00  188.448  188.450  0.0  0.0   0.029  0.001472  188.448       0
2024-03-11 13:03:10 CandleManager() new candle:last_candle:24-03-11 12:02 is_ready:True
2024-03-11 13:03:11 tech_manager: max_rows:32 candle_time:2024-03-11 12:02:00+00:00 granularity:M1
2024-03-11 13:03:11 process_candles:
       PAIR                      time    mid_c    mid_o   SL   TP  SPREAD      GAIN     LOSS  SIGNAL
26  GBP_JPY 2024-03-11 11:58:00+00:00  188.466  188.495  0.0  0.0   0.027  0.023333  188.466       0
27  GBP_JPY 2024-03-11 11:59:00+00:00  188.455  188.465  0.0  0.0   0.026  0.012000  188.455       0
28  GBP_JPY 2024-03-11 12:00:00+00:00  188.450  188.457  0.0  0.0   0.028  0.005472  188.450       0
29  GBP_JPY 2024-03-11 12:01:00+00:00  188.448  188.450  0.0  0.0   0.029  0.001472  188.448       0
30  GBP_JPY 2024-03-11 12:02:00+00:00  188.448  188.448  0.0  0.0   0.028  0.001278  188.448       0
2024-03-11 13:04:06 CandleManager() new candle:last_candle:24-03-11 12:03 is_ready:True
2024-03-11 13:04:07 tech_manager: max_rows:32 candle_time:2024-03-11 12:03:00+00:00 granularity:M1
2024-03-11 13:04:07 process_candles:
       PAIR                      time    mid_c    mid_o   SL   TP  SPREAD      GAIN     LOSS  SIGNAL
26  GBP_JPY 2024-03-11 11:59:00+00:00  188.455  188.465  0.0  0.0   0.026  0.012000  188.455       0
27  GBP_JPY 2024-03-11 12:00:00+00:00  188.450  188.457  0.0  0.0   0.028  0.005472  188.450       0
28  GBP_JPY 2024-03-11 12:01:00+00:00  188.448  188.450  0.0  0.0   0.029  0.001472  188.448       0
29  GBP_JPY 2024-03-11 12:02:00+00:00  188.448  188.448  0.0  0.0   0.028  0.001278  188.448       0
30  GBP_JPY 2024-03-11 12:03:00+00:00  188.434  188.449  0.0  0.0   0.029  0.015000  188.434       0
2024-03-11 13:05:02 CandleManager() new candle:last_candle:24-03-11 12:04 is_ready:True
2024-03-11 13:05:03 tech_manager: max_rows:32 candle_time:2024-03-11 12:04:00+00:00 granularity:M1
2024-03-11 13:05:03 process_candles:
       PAIR                      time    mid_c    mid_o   SL   TP  SPREAD      GAIN     LOSS  SIGNAL
26  GBP_JPY 2024-03-11 12:00:00+00:00  188.450  188.457  0.0  0.0   0.028  0.005472  188.450       0
27  GBP_JPY 2024-03-11 12:01:00+00:00  188.448  188.450  0.0  0.0   0.029  0.001472  188.448       0
28  GBP_JPY 2024-03-11 12:02:00+00:00  188.448  188.448  0.0  0.0   0.028  0.001278  188.448       0
29  GBP_JPY 2024-03-11 12:03:00+00:00  188.434  188.449  0.0  0.0   0.029  0.015000  188.434       0
30  GBP_JPY 2024-03-11 12:04:00+00:00  188.434  188.432  0.0  0.0   0.027  0.014917  188.434       0
2024-03-11 13:06:09 CandleManager() new candle:last_candle:24-03-11 12:05 is_ready:True
2024-03-11 13:06:10 tech_manager: max_rows:32 candle_time:2024-03-11 12:05:00+00:00 granularity:M1
2024-03-11 13:06:10 process_candles:
       PAIR                      time    mid_c    mid_o   SL   TP  SPREAD      GAIN     LOSS  SIGNAL
26  GBP_JPY 2024-03-11 12:01:00+00:00  188.448  188.450  0.0  0.0   0.029  0.001472  188.448       0
27  GBP_JPY 2024-03-11 12:02:00+00:00  188.448  188.448  0.0  0.0   0.028  0.001278  188.448       0
28  GBP_JPY 2024-03-11 12:03:00+00:00  188.434  188.449  0.0  0.0   0.029  0.015000  188.434       0
29  GBP_JPY 2024-03-11 12:04:00+00:00  188.434  188.432  0.0  0.0   0.027  0.014917  188.434       0
30  GBP_JPY 2024-03-11 12:05:00+00:00  188.418  188.434  0.0  0.0   0.029  0.029472  188.418       0
2024-03-11 13:07:05 CandleManager() new candle:last_candle:24-03-11 12:06 is_ready:True
2024-03-11 13:07:06 tech_manager: max_rows:32 candle_time:2024-03-11 12:06:00+00:00 granularity:M1
2024-03-11 13:07:06 process_candles:
       PAIR                      time    mid_c    mid_o   SL   TP  SPREAD      GAIN     LOSS  SIGNAL
26  GBP_JPY 2024-03-11 12:02:00+00:00  188.448  188.448  0.0  0.0   0.028  0.001278  188.448       0
27  GBP_JPY 2024-03-11 12:03:00+00:00  188.434  188.449  0.0  0.0   0.029  0.015000  188.434       0
28  GBP_JPY 2024-03-11 12:04:00+00:00  188.434  188.432  0.0  0.0   0.027  0.014917  188.434       0
29  GBP_JPY 2024-03-11 12:05:00+00:00  188.418  188.434  0.0  0.0   0.029  0.029472  188.418       0
30  GBP_JPY 2024-03-11 12:06:00+00:00  188.423  188.419  0.0  0.0   0.028  0.023639  188.423       0
2024-03-11 13:08:01 CandleManager() new candle:last_candle:24-03-11 12:07 is_ready:True
2024-03-11 13:08:01 tech_manager: max_rows:32 candle_time:2024-03-11 12:07:00+00:00 granularity:M1
2024-03-11 13:08:01 process_candles:
       PAIR                      time    mid_c    mid_o   SL   TP  SPREAD      GAIN     LOSS  SIGNAL
26  GBP_JPY 2024-03-11 12:03:00+00:00  188.434  188.449  0.0  0.0   0.029  0.015000  188.434       0
27  GBP_JPY 2024-03-11 12:04:00+00:00  188.434  188.432  0.0  0.0   0.027  0.014917  188.434       0
28  GBP_JPY 2024-03-11 12:05:00+00:00  188.418  188.434  0.0  0.0   0.029  0.029472  188.418       0
29  GBP_JPY 2024-03-11 12:06:00+00:00  188.423  188.419  0.0  0.0   0.028  0.023639  188.423       0
30  GBP_JPY 2024-03-11 12:07:00+00:00  188.416  188.422  0.0  0.0   0.026  0.029889  188.416       0
2024-03-11 13:09:07 CandleManager() new candle:last_candle:24-03-11 12:08 is_ready:True
2024-03-11 13:09:08 tech_manager: max_rows:32 candle_time:2024-03-11 12:08:00+00:00 granularity:M1
2024-03-11 13:09:08 process_candles:
       PAIR                      time    mid_c    mid_o   SL   TP  SPREAD      GAIN     LOSS  SIGNAL
26  GBP_JPY 2024-03-11 12:04:00+00:00  188.434  188.432  0.0  0.0   0.027  0.014917  188.434       0
27  GBP_JPY 2024-03-11 12:05:00+00:00  188.418  188.434  0.0  0.0   0.029  0.029472  188.418       0
28  GBP_JPY 2024-03-11 12:06:00+00:00  188.423  188.419  0.0  0.0   0.028  0.023639  188.423       0
29  GBP_JPY 2024-03-11 12:07:00+00:00  188.416  188.422  0.0  0.0   0.026  0.029889  188.416       0
30  GBP_JPY 2024-03-11 12:08:00+00:00  188.384  188.416  0.0  0.0   0.025  0.057056  188.384       0
2024-03-11 13:10:03 CandleManager() new candle:last_candle:24-03-11 12:09 is_ready:True
2024-03-11 13:10:04 tech_manager: max_rows:32 candle_time:2024-03-11 12:09:00+00:00 granularity:M1
2024-03-11 13:10:04 process_candles:
       PAIR                      time    mid_c    mid_o          SL          TP  SPREAD      GAIN        LOSS  SIGNAL
26  GBP_JPY 2024-03-11 12:05:00+00:00  188.418  188.434    0.000000    0.000000   0.029  0.029472  188.418000       0
27  GBP_JPY 2024-03-11 12:06:00+00:00  188.423  188.419    0.000000    0.000000   0.028  0.023639  188.423000       0
28  GBP_JPY 2024-03-11 12:07:00+00:00  188.416  188.422    0.000000    0.000000   0.026  0.029889  188.416000       0
29  GBP_JPY 2024-03-11 12:08:00+00:00  188.384  188.416    0.000000    0.000000   0.025  0.057056  188.384000       0
30  GBP_JPY 2024-03-11 12:09:00+00:00  188.356  188.381  188.305889  188.431167   0.027  0.075167    0.050111       1
2024-03-11 13:10:04 get_trade_units() price ApiPrice() GBP_JPY 188.374 188.343 0.009194 0.009194
