2024-03-11 12:25:23 LogWrapper init() ./logs/GBP_USD.log
2024-03-11 12:25:23 {'n_ma': 12, 'n_std': 2.5, 'maxspread': 0.0004, 'mingain': 0.0006, 'riskreward': 1.5}
2024-03-11 12:25:24 CandleManager() init last_candle:last_candle:24-03-11 11:24 is_ready:False
2024-03-11 12:26:07 CandleManager() new candle:last_candle:24-03-11 11:25 is_ready:True
2024-03-11 12:26:08 tech_manager: max_rows:32 candle_time:2024-03-11 11:25:00+00:00 granularity:M1
2024-03-11 12:26:08 process_candles:
       PAIR                      time    mid_c    mid_o   SL   TP   SPREAD      GAIN     LOSS  SIGNAL
26  GBP_USD 2024-03-11 11:21:00+00:00  1.28424  1.28440  0.0  0.0  0.00016  0.000261  1.28424       0
27  GBP_USD 2024-03-11 11:22:00+00:00  1.28426  1.28424  0.0  0.0  0.00016  0.000219  1.28426       0
28  GBP_USD 2024-03-11 11:23:00+00:00  1.28427  1.28428  0.0  0.0  0.00016  0.000184  1.28427       0
29  GBP_USD 2024-03-11 11:24:00+00:00  1.28430  1.28428  0.0  0.0  0.00015  0.000121  1.28430       0
30  GBP_USD 2024-03-11 11:25:00+00:00  1.28432  1.28430  0.0  0.0  0.00019  0.000070  1.28432       0
2024-03-11 12:27:03 CandleManager() new candle:last_candle:24-03-11 11:26 is_ready:True
2024-03-11 12:27:04 tech_manager: max_rows:32 candle_time:2024-03-11 11:26:00+00:00 granularity:M1
2024-03-11 12:27:04 process_candles:
       PAIR                      time    mid_c    mid_o   SL   TP   SPREAD      GAIN     LOSS  SIGNAL
26  GBP_USD 2024-03-11 11:22:00+00:00  1.28426  1.28424  0.0  0.0  0.00016  0.000219  1.28426       0
27  GBP_USD 2024-03-11 11:23:00+00:00  1.28427  1.28428  0.0  0.0  0.00016  0.000184  1.28427       0
28  GBP_USD 2024-03-11 11:24:00+00:00  1.28430  1.28428  0.0  0.0  0.00015  0.000121  1.28430       0
29  GBP_USD 2024-03-11 11:25:00+00:00  1.28432  1.28430  0.0  0.0  0.00019  0.000070  1.28432       0
30  GBP_USD 2024-03-11 11:26:00+00:00  1.28439  1.28430  0.0  0.0  0.00016  0.000014  1.28439       0
2024-03-11 12:28:10 CandleManager() new candle:last_candle:24-03-11 11:27 is_ready:True
2024-03-11 12:28:11 tech_manager: max_rows:32 candle_time:2024-03-11 11:27:00+00:00 granularity:M1
2024-03-11 12:28:11 process_candles:
       PAIR                      time    mid_c    mid_o   SL   TP   SPREAD      GAIN     LOSS  SIGNAL
26  GBP_USD 2024-03-11 11:23:00+00:00  1.28427  1.28428  0.0  0.0  0.00016  0.000184  1.28427       0
27  GBP_USD 2024-03-11 11:24:00+00:00  1.28430  1.28428  0.0  0.0  0.00015  0.000121  1.28430       0
28  GBP_USD 2024-03-11 11:25:00+00:00  1.28432  1.28430  0.0  0.0  0.00019  0.000070  1.28432       0
29  GBP_USD 2024-03-11 11:26:00+00:00  1.28439  1.28430  0.0  0.0  0.00016  0.000014  1.28439       0
30  GBP_USD 2024-03-11 11:27:00+00:00  1.28442  1.28440  0.0  0.0  0.00017  0.000051  1.28442       0
2024-03-11 12:29:06 CandleManager() new candle:last_candle:24-03-11 11:28 is_ready:True
2024-03-11 12:29:06 tech_manager: max_rows:32 candle_time:2024-03-11 11:28:00+00:00 granularity:M1
2024-03-11 12:29:07 process_candles:
       PAIR                      time    mid_c    mid_o   SL   TP   SPREAD      GAIN     LOSS  SIGNAL
26  GBP_USD 2024-03-11 11:24:00+00:00  1.28430  1.28428  0.0  0.0  0.00015  0.000121  1.28430       0
27  GBP_USD 2024-03-11 11:25:00+00:00  1.28432  1.28430  0.0  0.0  0.00019  0.000070  1.28432       0
28  GBP_USD 2024-03-11 11:26:00+00:00  1.28439  1.28430  0.0  0.0  0.00016  0.000014  1.28439       0
29  GBP_USD 2024-03-11 11:27:00+00:00  1.28442  1.28440  0.0  0.0  0.00017  0.000051  1.28442       0
30  GBP_USD 2024-03-11 11:28:00+00:00  1.28451  1.28444  0.0  0.0  0.00020  0.000140  1.28451       0
2024-03-11 12:30:01 CandleManager() new candle:last_candle:24-03-11 11:29 is_ready:True
2024-03-11 12:30:02 tech_manager: max_rows:32 candle_time:2024-03-11 11:29:00+00:00 granularity:M1
2024-03-11 12:30:02 process_candles:
       PAIR                      time    mid_c    mid_o   SL   TP   SPREAD      GAIN     LOSS  SIGNAL
26  GBP_USD 2024-03-11 11:25:00+00:00  1.28432  1.28430  0.0  0.0  0.00019  0.000070  1.28432       0
27  GBP_USD 2024-03-11 11:26:00+00:00  1.28439  1.28430  0.0  0.0  0.00016  0.000014  1.28439       0
28  GBP_USD 2024-03-11 11:27:00+00:00  1.28442  1.28440  0.0  0.0  0.00017  0.000051  1.28442       0
29  GBP_USD 2024-03-11 11:28:00+00:00  1.28451  1.28444  0.0  0.0  0.00020  0.000140  1.28451       0
30  GBP_USD 2024-03-11 11:29:00+00:00  1.28458  1.28450  0.0  0.0  0.00019  0.000199  1.28458       0
2024-03-11 12:31:08 CandleManager() new candle:last_candle:24-03-11 11:30 is_ready:True
2024-03-11 12:31:09 tech_manager: max_rows:32 candle_time:2024-03-11 11:30:00+00:00 granularity:M1
2024-03-11 12:31:09 process_candles:
       PAIR                      time    mid_c    mid_o   SL   TP   SPREAD      GAIN     LOSS  SIGNAL
26  GBP_USD 2024-03-11 11:26:00+00:00  1.28439  1.28430  0.0  0.0  0.00016  0.000014  1.28439       0
27  GBP_USD 2024-03-11 11:27:00+00:00  1.28442  1.28440  0.0  0.0  0.00017  0.000051  1.28442       0
28  GBP_USD 2024-03-11 11:28:00+00:00  1.28451  1.28444  0.0  0.0  0.00020  0.000140  1.28451       0
29  GBP_USD 2024-03-11 11:29:00+00:00  1.28458  1.28450  0.0  0.0  0.00019  0.000199  1.28458       0
30  GBP_USD 2024-03-11 11:30:00+00:00  1.28476  1.28458  0.0  0.0  0.00019  0.000358  1.28476       0
2024-03-11 12:32:05 CandleManager() new candle:last_candle:24-03-11 11:31 is_ready:True
2024-03-11 12:32:05 tech_manager: max_rows:32 candle_time:2024-03-11 11:31:00+00:00 granularity:M1
2024-03-11 12:32:05 process_candles:
       PAIR                      time    mid_c    mid_o   SL   TP   SPREAD      GAIN     LOSS  SIGNAL
26  GBP_USD 2024-03-11 11:27:00+00:00  1.28442  1.28440  0.0  0.0  0.00017  0.000051  1.28442       0
27  GBP_USD 2024-03-11 11:28:00+00:00  1.28451  1.28444  0.0  0.0  0.00020  0.000140  1.28451       0
28  GBP_USD 2024-03-11 11:29:00+00:00  1.28458  1.28450  0.0  0.0  0.00019  0.000199  1.28458       0
29  GBP_USD 2024-03-11 11:30:00+00:00  1.28476  1.28458  0.0  0.0  0.00019  0.000358  1.28476       0
30  GBP_USD 2024-03-11 11:31:00+00:00  1.28485  1.28474  0.0  0.0  0.00016  0.000417  1.28485       0
2024-03-11 12:33:11 CandleManager() new candle:last_candle:24-03-11 11:32 is_ready:True
2024-03-11 12:33:12 tech_manager: max_rows:32 candle_time:2024-03-11 11:32:00+00:00 granularity:M1
2024-03-11 12:33:12 process_candles:
       PAIR                      time    mid_c    mid_o   SL   TP   SPREAD      GAIN     LOSS  SIGNAL
26  GBP_USD 2024-03-11 11:28:00+00:00  1.28451  1.28444  0.0  0.0  0.00020  0.000140  1.28451       0
27  GBP_USD 2024-03-11 11:29:00+00:00  1.28458  1.28450  0.0  0.0  0.00019  0.000199  1.28458       0
28  GBP_USD 2024-03-11 11:30:00+00:00  1.28476  1.28458  0.0  0.0  0.00019  0.000358  1.28476       0
29  GBP_USD 2024-03-11 11:31:00+00:00  1.28485  1.28474  0.0  0.0  0.00016  0.000417  1.28485       0
30  GBP_USD 2024-03-11 11:32:00+00:00  1.28487  1.28486  0.0  0.0  0.00018  0.000398  1.28487       0
2024-03-11 12:34:07 CandleManager() new candle:last_candle:24-03-11 11:33 is_ready:True
2024-03-11 12:34:07 tech_manager: max_rows:32 candle_time:2024-03-11 11:33:00+00:00 granularity:M1
2024-03-11 12:34:08 process_candles:
       PAIR                      time    mid_c    mid_o   SL   TP   SPREAD      GAIN     LOSS  SIGNAL
26  GBP_USD 2024-03-11 11:29:00+00:00  1.28458  1.28450  0.0  0.0  0.00019  0.000199  1.28458       0
27  GBP_USD 2024-03-11 11:30:00+00:00  1.28476  1.28458  0.0  0.0  0.00019  0.000358  1.28476       0
28  GBP_USD 2024-03-11 11:31:00+00:00  1.28485  1.28474  0.0  0.0  0.00016  0.000417  1.28485       0
29  GBP_USD 2024-03-11 11:32:00+00:00  1.28487  1.28486  0.0  0.0  0.00018  0.000398  1.28487       0
30  GBP_USD 2024-03-11 11:33:00+00:00  1.28488  1.28486  0.0  0.0  0.00018  0.000363  1.28488       0
2024-03-11 12:35:14 CandleManager() new candle:last_candle:24-03-11 11:34 is_ready:True
2024-03-11 12:35:14 tech_manager: max_rows:32 candle_time:2024-03-11 11:34:00+00:00 granularity:M1
2024-03-11 12:35:15 process_candles:
       PAIR                      time    mid_c    mid_o   SL   TP   SPREAD      GAIN     LOSS  SIGNAL
26  GBP_USD 2024-03-11 11:30:00+00:00  1.28476  1.28458  0.0  0.0  0.00019  0.000358  1.28476       0
27  GBP_USD 2024-03-11 11:31:00+00:00  1.28485  1.28474  0.0  0.0  0.00016  0.000417  1.28485       0
28  GBP_USD 2024-03-11 11:32:00+00:00  1.28487  1.28486  0.0  0.0  0.00018  0.000398  1.28487       0
29  GBP_USD 2024-03-11 11:33:00+00:00  1.28488  1.28486  0.0  0.0  0.00018  0.000363  1.28488       0
30  GBP_USD 2024-03-11 11:34:00+00:00  1.28492  1.28486  0.0  0.0  0.00017  0.000350  1.28492       0
2024-03-11 12:36:09 CandleManager() new candle:last_candle:24-03-11 11:35 is_ready:True
2024-03-11 12:36:10 tech_manager: max_rows:32 candle_time:2024-03-11 11:35:00+00:00 granularity:M1
2024-03-11 12:36:10 process_candles:
       PAIR                      time    mid_c    mid_o   SL   TP   SPREAD      GAIN     LOSS  SIGNAL
26  GBP_USD 2024-03-11 11:31:00+00:00  1.28485  1.28474  0.0  0.0  0.00016  0.000417  1.28485       0
27  GBP_USD 2024-03-11 11:32:00+00:00  1.28487  1.28486  0.0  0.0  0.00018  0.000398  1.28487       0
28  GBP_USD 2024-03-11 11:33:00+00:00  1.28488  1.28486  0.0  0.0  0.00018  0.000363  1.28488       0
29  GBP_USD 2024-03-11 11:34:00+00:00  1.28492  1.28486  0.0  0.0  0.00017  0.000350  1.28492       0
30  GBP_USD 2024-03-11 11:35:00+00:00  1.28500  1.28492  0.0  0.0  0.00017  0.000372  1.28500       0
2024-03-11 12:37:04 CandleManager() new candle:last_candle:24-03-11 11:36 is_ready:True
2024-03-11 12:37:05 tech_manager: max_rows:32 candle_time:2024-03-11 11:36:00+00:00 granularity:M1
2024-03-11 12:37:05 process_candles:
       PAIR                      time    mid_c    mid_o   SL   TP   SPREAD      GAIN     LOSS  SIGNAL
26  GBP_USD 2024-03-11 11:32:00+00:00  1.28487  1.28486  0.0  0.0  0.00018  0.000398  1.28487       0
27  GBP_USD 2024-03-11 11:33:00+00:00  1.28488  1.28486  0.0  0.0  0.00018  0.000363  1.28488       0
28  GBP_USD 2024-03-11 11:34:00+00:00  1.28492  1.28486  0.0  0.0  0.00017  0.000350  1.28492       0
29  GBP_USD 2024-03-11 11:35:00+00:00  1.28500  1.28492  0.0  0.0  0.00017  0.000372  1.28500       0
30  GBP_USD 2024-03-11 11:36:00+00:00  1.28502  1.28500  0.0  0.0  0.00015  0.000329  1.28502       0
2024-03-11 12:38:11 CandleManager() new candle:last_candle:24-03-11 11:37 is_ready:True
2024-03-11 12:38:12 tech_manager: max_rows:32 candle_time:2024-03-11 11:37:00+00:00 granularity:M1
2024-03-11 12:38:12 process_candles:
       PAIR                      time    mid_c    mid_o   SL   TP   SPREAD      GAIN     LOSS  SIGNAL
26  GBP_USD 2024-03-11 11:33:00+00:00  1.28488  1.28486  0.0  0.0  0.00018  0.000363  1.28488       0
27  GBP_USD 2024-03-11 11:34:00+00:00  1.28492  1.28486  0.0  0.0  0.00017  0.000350  1.28492       0
28  GBP_USD 2024-03-11 11:35:00+00:00  1.28500  1.28492  0.0  0.0  0.00017  0.000372  1.28500       0
29  GBP_USD 2024-03-11 11:36:00+00:00  1.28502  1.28500  0.0  0.0  0.00015  0.000329  1.28502       0
30  GBP_USD 2024-03-11 11:37:00+00:00  1.28516  1.28502  0.0  0.0  0.00018  0.000402  1.28516       0
2024-03-11 12:39:07 CandleManager() new candle:last_candle:24-03-11 11:38 is_ready:True
2024-03-11 12:39:08 tech_manager: max_rows:32 candle_time:2024-03-11 11:38:00+00:00 granularity:M1
2024-03-11 12:39:08 process_candles:
       PAIR                      time    mid_c    mid_o   SL   TP   SPREAD      GAIN     LOSS  SIGNAL
26  GBP_USD 2024-03-11 11:34:00+00:00  1.28492  1.28486  0.0  0.0  0.00017  0.000350  1.28492       0
27  GBP_USD 2024-03-11 11:35:00+00:00  1.28500  1.28492  0.0  0.0  0.00017  0.000372  1.28500       0
28  GBP_USD 2024-03-11 11:36:00+00:00  1.28502  1.28500  0.0  0.0  0.00015  0.000329  1.28502       0
29  GBP_USD 2024-03-11 11:37:00+00:00  1.28516  1.28502  0.0  0.0  0.00018  0.000402  1.28516       0
30  GBP_USD 2024-03-11 11:38:00+00:00  1.28514  1.28514  0.0  0.0  0.00015  0.000317  1.28514       0
2024-03-11 12:40:02 CandleManager() new candle:last_candle:24-03-11 11:39 is_ready:True
2024-03-11 12:40:03 tech_manager: max_rows:32 candle_time:2024-03-11 11:39:00+00:00 granularity:M1
2024-03-11 12:40:03 process_candles:
       PAIR                      time    mid_c    mid_o   SL   TP   SPREAD      GAIN     LOSS  SIGNAL
26  GBP_USD 2024-03-11 11:35:00+00:00  1.28500  1.28492  0.0  0.0  0.00017  0.000372  1.28500       0
27  GBP_USD 2024-03-11 11:36:00+00:00  1.28502  1.28500  0.0  0.0  0.00015  0.000329  1.28502       0
28  GBP_USD 2024-03-11 11:37:00+00:00  1.28516  1.28502  0.0  0.0  0.00018  0.000402  1.28516       0
29  GBP_USD 2024-03-11 11:38:00+00:00  1.28514  1.28514  0.0  0.0  0.00015  0.000317  1.28514       0
30  GBP_USD 2024-03-11 11:39:00+00:00  1.28522  1.28512  0.0  0.0  0.00016  0.000331  1.28522       0
2024-03-11 12:41:09 CandleManager() new candle:last_candle:24-03-11 11:40 is_ready:True
2024-03-11 12:41:10 tech_manager: max_rows:32 candle_time:2024-03-11 11:40:00+00:00 granularity:M1
2024-03-11 12:41:10 process_candles:
       PAIR                      time    mid_c    mid_o   SL   TP   SPREAD      GAIN     LOSS  SIGNAL
26  GBP_USD 2024-03-11 11:36:00+00:00  1.28502  1.28500  0.0  0.0  0.00015  0.000329  1.28502       0
27  GBP_USD 2024-03-11 11:37:00+00:00  1.28516  1.28502  0.0  0.0  0.00018  0.000402  1.28516       0
28  GBP_USD 2024-03-11 11:38:00+00:00  1.28514  1.28514  0.0  0.0  0.00015  0.000317  1.28514       0
29  GBP_USD 2024-03-11 11:39:00+00:00  1.28522  1.28512  0.0  0.0  0.00016  0.000331  1.28522       0
30  GBP_USD 2024-03-11 11:40:00+00:00  1.28512  1.28521  0.0  0.0  0.00017  0.000174  1.28512       0
2024-03-11 12:42:04 CandleManager() new candle:last_candle:24-03-11 11:41 is_ready:True
2024-03-11 12:42:05 tech_manager: max_rows:32 candle_time:2024-03-11 11:41:00+00:00 granularity:M1
2024-03-11 12:42:05 process_candles:
       PAIR                      time    mid_c    mid_o   SL   TP   SPREAD      GAIN     LOSS  SIGNAL
26  GBP_USD 2024-03-11 11:37:00+00:00  1.28516  1.28502  0.0  0.0  0.00018  0.000402  1.28516       0
27  GBP_USD 2024-03-11 11:38:00+00:00  1.28514  1.28514  0.0  0.0  0.00015  0.000317  1.28514       0
28  GBP_USD 2024-03-11 11:39:00+00:00  1.28522  1.28512  0.0  0.0  0.00016  0.000331  1.28522       0
29  GBP_USD 2024-03-11 11:40:00+00:00  1.28512  1.28521  0.0  0.0  0.00017  0.000174  1.28512       0
30  GBP_USD 2024-03-11 11:41:00+00:00  1.28530  1.28512  0.0  0.0  0.00018  0.000299  1.28530       0
2024-03-11 12:43:11 CandleManager() new candle:last_candle:24-03-11 11:42 is_ready:True
2024-03-11 12:43:11 tech_manager: max_rows:32 candle_time:2024-03-11 11:42:00+00:00 granularity:M1
2024-03-11 12:43:12 process_candles:
       PAIR                      time    mid_c    mid_o   SL   TP   SPREAD      GAIN     LOSS  SIGNAL
26  GBP_USD 2024-03-11 11:38:00+00:00  1.28514  1.28514  0.0  0.0  0.00015  0.000317  1.28514       0
27  GBP_USD 2024-03-11 11:39:00+00:00  1.28522  1.28512  0.0  0.0  0.00016  0.000331  1.28522       0
28  GBP_USD 2024-03-11 11:40:00+00:00  1.28512  1.28521  0.0  0.0  0.00017  0.000174  1.28512       0
29  GBP_USD 2024-03-11 11:41:00+00:00  1.28530  1.28512  0.0  0.0  0.00018  0.000299  1.28530       0
30  GBP_USD 2024-03-11 11:42:00+00:00  1.28532  1.28530  0.0  0.0  0.00017  0.000267  1.28532       0
2024-03-11 12:44:06 CandleManager() new candle:last_candle:24-03-11 11:43 is_ready:True
2024-03-11 12:44:07 tech_manager: max_rows:32 candle_time:2024-03-11 11:43:00+00:00 granularity:M1
2024-03-11 12:44:07 process_candles:
       PAIR                      time    mid_c    mid_o   SL   TP   SPREAD      GAIN     LOSS  SIGNAL
26  GBP_USD 2024-03-11 11:39:00+00:00  1.28522  1.28512  0.0  0.0  0.00016  0.000331  1.28522       0
27  GBP_USD 2024-03-11 11:40:00+00:00  1.28512  1.28521  0.0  0.0  0.00017  0.000174  1.28512       0
28  GBP_USD 2024-03-11 11:41:00+00:00  1.28530  1.28512  0.0  0.0  0.00018  0.000299  1.28530       0
29  GBP_USD 2024-03-11 11:42:00+00:00  1.28532  1.28530  0.0  0.0  0.00017  0.000268  1.28532       0
30  GBP_USD 2024-03-11 11:43:00+00:00  1.28529  1.28536  0.0  0.0  0.00018  0.000195  1.28529       0
2024-03-11 12:45:02 CandleManager() new candle:last_candle:24-03-11 11:44 is_ready:True
2024-03-11 12:45:02 tech_manager: max_rows:32 candle_time:2024-03-11 11:44:00+00:00 granularity:M1
2024-03-11 12:45:03 process_candles:
       PAIR                      time    mid_c    mid_o   SL   TP   SPREAD      GAIN     LOSS  SIGNAL
26  GBP_USD 2024-03-11 11:40:00+00:00  1.28512  1.28521  0.0  0.0  0.00017  0.000174  1.28512       0
27  GBP_USD 2024-03-11 11:41:00+00:00  1.28530  1.28512  0.0  0.0  0.00018  0.000299  1.28530       0
28  GBP_USD 2024-03-11 11:42:00+00:00  1.28532  1.28530  0.0  0.0  0.00017  0.000268  1.28532       0
29  GBP_USD 2024-03-11 11:43:00+00:00  1.28529  1.28536  0.0  0.0  0.00018  0.000195  1.28529       0
30  GBP_USD 2024-03-11 11:44:00+00:00  1.28528  1.28530  0.0  0.0  0.00017  0.000151  1.28528       0
2024-03-11 12:46:08 CandleManager() new candle:last_candle:24-03-11 11:45 is_ready:True
2024-03-11 12:46:09 tech_manager: max_rows:32 candle_time:2024-03-11 11:45:00+00:00 granularity:M1
2024-03-11 12:46:09 process_candles:
       PAIR                      time    mid_c    mid_o   SL   TP   SPREAD      GAIN     LOSS  SIGNAL
26  GBP_USD 2024-03-11 11:41:00+00:00  1.28530  1.28512  0.0  0.0  0.00018  0.000299  1.28530       0
27  GBP_USD 2024-03-11 11:42:00+00:00  1.28532  1.28530  0.0  0.0  0.00017  0.000268  1.28532       0
28  GBP_USD 2024-03-11 11:43:00+00:00  1.28529  1.28536  0.0  0.0  0.00018  0.000195  1.28529       0
29  GBP_USD 2024-03-11 11:44:00+00:00  1.28528  1.28530  0.0  0.0  0.00017  0.000151  1.28528       0
30  GBP_USD 2024-03-11 11:45:00+00:00  1.28528  1.28527  0.0  0.0  0.00015  0.000113  1.28528       0
2024-03-11 12:47:15 CandleManager() new candle:last_candle:24-03-11 11:46 is_ready:True
2024-03-11 12:47:15 tech_manager: max_rows:32 candle_time:2024-03-11 11:46:00+00:00 granularity:M1
2024-03-11 12:47:16 process_candles:
       PAIR                      time    mid_c    mid_o   SL   TP   SPREAD      GAIN     LOSS  SIGNAL
26  GBP_USD 2024-03-11 11:42:00+00:00  1.28532  1.28530  0.0  0.0  0.00017  0.000268  1.28532       0
27  GBP_USD 2024-03-11 11:43:00+00:00  1.28529  1.28536  0.0  0.0  0.00018  0.000195  1.28529       0
28  GBP_USD 2024-03-11 11:44:00+00:00  1.28528  1.28530  0.0  0.0  0.00017  0.000151  1.28528       0
29  GBP_USD 2024-03-11 11:45:00+00:00  1.28528  1.28527  0.0  0.0  0.00015  0.000113  1.28528       0
30  GBP_USD 2024-03-11 11:46:00+00:00  1.28529  1.28530  0.0  0.0  0.00016  0.000089  1.28529       0
2024-03-11 12:48:10 CandleManager() new candle:last_candle:24-03-11 11:47 is_ready:True
2024-03-11 12:48:11 tech_manager: max_rows:32 candle_time:2024-03-11 11:47:00+00:00 granularity:M1
2024-03-11 12:48:11 process_candles:
       PAIR                      time    mid_c    mid_o   SL   TP   SPREAD      GAIN     LOSS  SIGNAL
26  GBP_USD 2024-03-11 11:43:00+00:00  1.28529  1.28536  0.0  0.0  0.00018  0.000195  1.28529       0
27  GBP_USD 2024-03-11 11:44:00+00:00  1.28528  1.28530  0.0  0.0  0.00017  0.000151  1.28528       0
28  GBP_USD 2024-03-11 11:45:00+00:00  1.28528  1.28527  0.0  0.0  0.00015  0.000113  1.28528       0
29  GBP_USD 2024-03-11 11:46:00+00:00  1.28529  1.28530  0.0  0.0  0.00016  0.000089  1.28529       0
30  GBP_USD 2024-03-11 11:47:00+00:00  1.28508  1.28526  0.0  0.0  0.00017  0.000134  1.28508       0
2024-03-11 12:49:06 CandleManager() new candle:last_candle:24-03-11 11:48 is_ready:True
2024-03-11 12:49:06 tech_manager: max_rows:32 candle_time:2024-03-11 11:48:00+00:00 granularity:M1
2024-03-11 12:49:07 process_candles:
       PAIR                      time    mid_c    mid_o   SL   TP   SPREAD      GAIN     LOSS  SIGNAL
26  GBP_USD 2024-03-11 11:44:00+00:00  1.28528  1.28530  0.0  0.0  0.00017  0.000151  1.28528       0
27  GBP_USD 2024-03-11 11:45:00+00:00  1.28528  1.28527  0.0  0.0  0.00015  0.000113  1.28528       0
28  GBP_USD 2024-03-11 11:46:00+00:00  1.28529  1.28530  0.0  0.0  0.00016  0.000089  1.28529       0
29  GBP_USD 2024-03-11 11:47:00+00:00  1.28508  1.28526  0.0  0.0  0.00017  0.000134  1.28508       0
30  GBP_USD 2024-03-11 11:48:00+00:00  1.28500  1.28509  0.0  0.0  0.00015  0.000214  1.28500       0
2024-03-11 12:50:01 CandleManager() new candle:last_candle:24-03-11 11:49 is_ready:True
2024-03-11 12:50:02 tech_manager: max_rows:32 candle_time:2024-03-11 11:49:00+00:00 granularity:M1
2024-03-11 12:50:02 process_candles:
       PAIR                      time    mid_c    mid_o   SL   TP   SPREAD      GAIN     LOSS  SIGNAL
26  GBP_USD 2024-03-11 11:45:00+00:00  1.28528  1.28527  0.0  0.0  0.00015  0.000113  1.28528       0
27  GBP_USD 2024-03-11 11:46:00+00:00  1.28529  1.28530  0.0  0.0  0.00016  0.000089  1.28529       0
28  GBP_USD 2024-03-11 11:47:00+00:00  1.28508  1.28526  0.0  0.0  0.00017  0.000134  1.28508       0
29  GBP_USD 2024-03-11 11:48:00+00:00  1.28500  1.28509  0.0  0.0  0.00015  0.000214  1.28500       0
30  GBP_USD 2024-03-11 11:49:00+00:00  1.28489  1.28498  0.0  0.0  0.00016  0.000307  1.28489       0
2024-03-11 12:51:08 CandleManager() new candle:last_candle:24-03-11 11:50 is_ready:True
2024-03-11 12:51:08 tech_manager: max_rows:32 candle_time:2024-03-11 11:50:00+00:00 granularity:M1
2024-03-11 12:51:09 process_candles:
       PAIR                      time    mid_c    mid_o   SL   TP   SPREAD      GAIN     LOSS  SIGNAL
26  GBP_USD 2024-03-11 11:46:00+00:00  1.28529  1.28530  0.0  0.0  0.00016  0.000089  1.28529       0
27  GBP_USD 2024-03-11 11:47:00+00:00  1.28508  1.28526  0.0  0.0  0.00017  0.000134  1.28508       0
28  GBP_USD 2024-03-11 11:48:00+00:00  1.28500  1.28509  0.0  0.0  0.00015  0.000214  1.28500       0
29  GBP_USD 2024-03-11 11:49:00+00:00  1.28489  1.28498  0.0  0.0  0.00016  0.000307  1.28489       0
30  GBP_USD 2024-03-11 11:50:00+00:00  1.28488  1.28488  0.0  0.0  0.00017  0.000294  1.28488       0
2024-03-11 12:52:15 CandleManager() new candle:last_candle:24-03-11 11:51 is_ready:True
2024-03-11 12:52:15 tech_manager: max_rows:32 candle_time:2024-03-11 11:51:00+00:00 granularity:M1
2024-03-11 12:52:15 process_candles:
       PAIR                      time    mid_c    mid_o   SL   TP   SPREAD      GAIN     LOSS  SIGNAL
26  GBP_USD 2024-03-11 11:47:00+00:00  1.28508  1.28526  0.0  0.0  0.00017  0.000134  1.28508       0
27  GBP_USD 2024-03-11 11:48:00+00:00  1.28500  1.28509  0.0  0.0  0.00015  0.000214  1.28500       0
28  GBP_USD 2024-03-11 11:49:00+00:00  1.28489  1.28498  0.0  0.0  0.00016  0.000307  1.28489       0
29  GBP_USD 2024-03-11 11:50:00+00:00  1.28488  1.28488  0.0  0.0  0.00017  0.000294  1.28488       0
30  GBP_USD 2024-03-11 11:51:00+00:00  1.28510  1.28486  0.0  0.0  0.00015  0.000058  1.28510       0
2024-03-11 12:53:10 CandleManager() new candle:last_candle:24-03-11 11:52 is_ready:True
2024-03-11 12:53:11 tech_manager: max_rows:32 candle_time:2024-03-11 11:52:00+00:00 granularity:M1
2024-03-11 12:53:11 process_candles:
       PAIR                      time    mid_c    mid_o   SL   TP   SPREAD      GAIN     LOSS  SIGNAL
26  GBP_USD 2024-03-11 11:48:00+00:00  1.28500  1.28509  0.0  0.0  0.00015  0.000214  1.28500       0
27  GBP_USD 2024-03-11 11:49:00+00:00  1.28489  1.28498  0.0  0.0  0.00016  0.000307  1.28489       0
28  GBP_USD 2024-03-11 11:50:00+00:00  1.28488  1.28488  0.0  0.0  0.00017  0.000294  1.28488       0
29  GBP_USD 2024-03-11 11:51:00+00:00  1.28510  1.28486  0.0  0.0  0.00015  0.000058  1.28510       0
30  GBP_USD 2024-03-11 11:52:00+00:00  1.28512  1.28506  0.0  0.0  0.00017  0.000033  1.28512       0
2024-03-11 12:54:06 CandleManager() new candle:last_candle:24-03-11 11:53 is_ready:True
2024-03-11 12:54:07 tech_manager: max_rows:32 candle_time:2024-03-11 11:53:00+00:00 granularity:M1
2024-03-11 12:54:07 process_candles:
       PAIR                      time    mid_c    mid_o   SL   TP   SPREAD      GAIN     LOSS  SIGNAL
26  GBP_USD 2024-03-11 11:49:00+00:00  1.28489  1.28498  0.0  0.0  0.00016  0.000307  1.28489       0
27  GBP_USD 2024-03-11 11:50:00+00:00  1.28488  1.28488  0.0  0.0  0.00017  0.000294  1.28488       0
28  GBP_USD 2024-03-11 11:51:00+00:00  1.28510  1.28486  0.0  0.0  0.00015  0.000058  1.28510       0
29  GBP_USD 2024-03-11 11:52:00+00:00  1.28512  1.28506  0.0  0.0  0.00017  0.000033  1.28512       0
30  GBP_USD 2024-03-11 11:53:00+00:00  1.28508  1.28512  0.0  0.0  0.00015  0.000062  1.28508       0
2024-03-11 12:55:13 CandleManager() new candle:last_candle:24-03-11 11:54 is_ready:True
2024-03-11 12:55:13 tech_manager: max_rows:32 candle_time:2024-03-11 11:54:00+00:00 granularity:M1
2024-03-11 12:55:13 process_candles:
       PAIR                      time    mid_c    mid_o   SL   TP   SPREAD      GAIN     LOSS  SIGNAL
26  GBP_USD 2024-03-11 11:50:00+00:00  1.28488  1.28488  0.0  0.0  0.00017  0.000294  1.28488       0
27  GBP_USD 2024-03-11 11:51:00+00:00  1.28510  1.28486  0.0  0.0  0.00015  0.000058  1.28510       0
28  GBP_USD 2024-03-11 11:52:00+00:00  1.28512  1.28506  0.0  0.0  0.00017  0.000033  1.28512       0
29  GBP_USD 2024-03-11 11:53:00+00:00  1.28508  1.28512  0.0  0.0  0.00015  0.000062  1.28508       0
30  GBP_USD 2024-03-11 11:54:00+00:00  1.28498  1.28506  0.0  0.0  0.00017  0.000136  1.28498       0
2024-03-11 12:56:08 CandleManager() new candle:last_candle:24-03-11 11:55 is_ready:True
2024-03-11 12:56:09 tech_manager: max_rows:32 candle_time:2024-03-11 11:55:00+00:00 granularity:M1
2024-03-11 12:56:09 process_candles:
       PAIR                      time    mid_c    mid_o   SL   TP   SPREAD      GAIN     LOSS  SIGNAL
26  GBP_USD 2024-03-11 11:51:00+00:00  1.28510  1.28486  0.0  0.0  0.00015  0.000058  1.28510       0
27  GBP_USD 2024-03-11 11:52:00+00:00  1.28512  1.28506  0.0  0.0  0.00017  0.000033  1.28512       0
28  GBP_USD 2024-03-11 11:53:00+00:00  1.28508  1.28512  0.0  0.0  0.00015  0.000062  1.28508       0
29  GBP_USD 2024-03-11 11:54:00+00:00  1.28498  1.28506  0.0  0.0  0.00017  0.000136  1.28498       0
30  GBP_USD 2024-03-11 11:55:00+00:00  1.28488  1.28498  0.0  0.0  0.00019  0.000202  1.28488       0
2024-03-11 12:57:04 CandleManager() new candle:last_candle:24-03-11 11:56 is_ready:True
2024-03-11 12:57:05 tech_manager: max_rows:32 candle_time:2024-03-11 11:56:00+00:00 granularity:M1
2024-03-11 12:57:05 process_candles:
       PAIR                      time    mid_c    mid_o   SL   TP   SPREAD      GAIN     LOSS  SIGNAL
26  GBP_USD 2024-03-11 11:52:00+00:00  1.28512  1.28506  0.0  0.0  0.00017  0.000033  1.28512       0
27  GBP_USD 2024-03-11 11:53:00+00:00  1.28508  1.28512  0.0  0.0  0.00015  0.000062  1.28508       0
28  GBP_USD 2024-03-11 11:54:00+00:00  1.28498  1.28506  0.0  0.0  0.00017  0.000136  1.28498       0
29  GBP_USD 2024-03-11 11:55:00+00:00  1.28488  1.28498  0.0  0.0  0.00019  0.000202  1.28488       0
30  GBP_USD 2024-03-11 11:56:00+00:00  1.28496  1.28488  0.0  0.0  0.00015  0.000096  1.28496       0
2024-03-11 12:58:11 CandleManager() new candle:last_candle:24-03-11 11:57 is_ready:True
2024-03-11 12:58:11 tech_manager: max_rows:32 candle_time:2024-03-11 11:57:00+00:00 granularity:M1
2024-03-11 12:58:12 process_candles:
       PAIR                      time    mid_c    mid_o   SL   TP   SPREAD      GAIN     LOSS  SIGNAL
26  GBP_USD 2024-03-11 11:53:00+00:00  1.28508  1.28512  0.0  0.0  0.00015  0.000062  1.28508       0
27  GBP_USD 2024-03-11 11:54:00+00:00  1.28498  1.28506  0.0  0.0  0.00017  0.000136  1.28498       0
28  GBP_USD 2024-03-11 11:55:00+00:00  1.28488  1.28498  0.0  0.0  0.00019  0.000202  1.28488       0
29  GBP_USD 2024-03-11 11:56:00+00:00  1.28496  1.28488  0.0  0.0  0.00015  0.000096  1.28496       0
30  GBP_USD 2024-03-11 11:57:00+00:00  1.28518  1.28498  0.0  0.0  0.00017  0.000139  1.28518       0
2024-03-11 12:59:06 CandleManager() new candle:last_candle:24-03-11 11:58 is_ready:True
2024-03-11 12:59:07 tech_manager: max_rows:32 candle_time:2024-03-11 11:58:00+00:00 granularity:M1
2024-03-11 12:59:07 process_candles:
       PAIR                      time    mid_c    mid_o   SL   TP   SPREAD      GAIN     LOSS  SIGNAL
26  GBP_USD 2024-03-11 11:54:00+00:00  1.28498  1.28506  0.0  0.0  0.00017  0.000136  1.28498       0
27  GBP_USD 2024-03-11 11:55:00+00:00  1.28488  1.28498  0.0  0.0  0.00019  0.000202  1.28488       0
28  GBP_USD 2024-03-11 11:56:00+00:00  1.28496  1.28488  0.0  0.0  0.00015  0.000096  1.28496       0
29  GBP_USD 2024-03-11 11:57:00+00:00  1.28518  1.28498  0.0  0.0  0.00017  0.000139  1.28518       0
30  GBP_USD 2024-03-11 11:58:00+00:00  1.28512  1.28518  0.0  0.0  0.00016  0.000094  1.28512       0
2024-03-11 13:00:02 CandleManager() new candle:last_candle:24-03-11 11:59 is_ready:True
2024-03-11 13:00:03 tech_manager: max_rows:32 candle_time:2024-03-11 11:59:00+00:00 granularity:M1
2024-03-11 13:00:03 process_candles:
       PAIR                      time    mid_c    mid_o   SL   TP   SPREAD      GAIN     LOSS  SIGNAL
26  GBP_USD 2024-03-11 11:55:00+00:00  1.28488  1.28498  0.0  0.0  0.00019  0.000202  1.28488       0
27  GBP_USD 2024-03-11 11:56:00+00:00  1.28496  1.28488  0.0  0.0  0.00015  0.000096  1.28496       0
28  GBP_USD 2024-03-11 11:57:00+00:00  1.28518  1.28498  0.0  0.0  0.00017  0.000139  1.28518       0
29  GBP_USD 2024-03-11 11:58:00+00:00  1.28512  1.28518  0.0  0.0  0.00016  0.000094  1.28512       0
30  GBP_USD 2024-03-11 11:59:00+00:00  1.28510  1.28512  0.0  0.0  0.00015  0.000078  1.28510       0
2024-03-11 13:01:08 CandleManager() new candle:last_candle:24-03-11 12:00 is_ready:True
2024-03-11 13:01:09 tech_manager: max_rows:32 candle_time:2024-03-11 12:00:00+00:00 granularity:M1
2024-03-11 13:01:09 process_candles:
       PAIR                      time    mid_c    mid_o   SL   TP   SPREAD      GAIN     LOSS  SIGNAL
26  GBP_USD 2024-03-11 11:56:00+00:00  1.28496  1.28488  0.0  0.0  0.00015  0.000096  1.28496       0
27  GBP_USD 2024-03-11 11:57:00+00:00  1.28518  1.28498  0.0  0.0  0.00017  0.000139  1.28518       0
28  GBP_USD 2024-03-11 11:58:00+00:00  1.28512  1.28518  0.0  0.0  0.00016  0.000094  1.28512       0
29  GBP_USD 2024-03-11 11:59:00+00:00  1.28510  1.28512  0.0  0.0  0.00015  0.000078  1.28510       0
30  GBP_USD 2024-03-11 12:00:00+00:00  1.28486  1.28509  0.0  0.0  0.00017  0.000154  1.28486       0
2024-03-11 13:02:04 CandleManager() new candle:last_candle:24-03-11 12:01 is_ready:True
2024-03-11 13:02:05 tech_manager: max_rows:32 candle_time:2024-03-11 12:01:00+00:00 granularity:M1
2024-03-11 13:02:05 process_candles:
       PAIR                      time    mid_c    mid_o   SL   TP   SPREAD      GAIN     LOSS  SIGNAL
26  GBP_USD 2024-03-11 11:57:00+00:00  1.28518  1.28498  0.0  0.0  0.00017  0.000139  1.28518       0
27  GBP_USD 2024-03-11 11:58:00+00:00  1.28512  1.28518  0.0  0.0  0.00016  0.000094  1.28512       0
28  GBP_USD 2024-03-11 11:59:00+00:00  1.28510  1.28512  0.0  0.0  0.00015  0.000078  1.28510       0
29  GBP_USD 2024-03-11 12:00:00+00:00  1.28486  1.28509  0.0  0.0  0.00017  0.000154  1.28486       0
30  GBP_USD 2024-03-11 12:01:00+00:00  1.28499  1.28488  0.0  0.0  0.00016  0.000028  1.28499       0
2024-03-11 13:03:10 CandleManager() new candle:last_candle:24-03-11 12:02 is_ready:True
2024-03-11 13:03:11 tech_manager: max_rows:32 candle_time:2024-03-11 12:02:00+00:00 granularity:M1
2024-03-11 13:03:11 process_candles:
       PAIR                      time    mid_c    mid_o   SL   TP   SPREAD      GAIN     LOSS  SIGNAL
26  GBP_USD 2024-03-11 11:58:00+00:00  1.28512  1.28518  0.0  0.0  0.00016  0.000094  1.28512       0
27  GBP_USD 2024-03-11 11:59:00+00:00  1.28510  1.28512  0.0  0.0  0.00015  0.000078  1.28510       0
28  GBP_USD 2024-03-11 12:00:00+00:00  1.28486  1.28509  0.0  0.0  0.00017  0.000154  1.28486       0
29  GBP_USD 2024-03-11 12:01:00+00:00  1.28499  1.28488  0.0  0.0  0.00016  0.000028  1.28499       0
30  GBP_USD 2024-03-11 12:02:00+00:00  1.28500  1.28498  0.0  0.0  0.00016  0.000029  1.28500       0
2024-03-11 13:04:06 CandleManager() new candle:last_candle:24-03-11 12:03 is_ready:True
2024-03-11 13:04:07 tech_manager: max_rows:32 candle_time:2024-03-11 12:03:00+00:00 granularity:M1
2024-03-11 13:04:07 process_candles:
       PAIR                      time    mid_c    mid_o   SL   TP   SPREAD      GAIN     LOSS  SIGNAL
26  GBP_USD 2024-03-11 11:59:00+00:00  1.28510  1.28512  0.0  0.0  0.00015  0.000078  1.28510       0
27  GBP_USD 2024-03-11 12:00:00+00:00  1.28486  1.28509  0.0  0.0  0.00017  0.000154  1.28486       0
28  GBP_USD 2024-03-11 12:01:00+00:00  1.28499  1.28488  0.0  0.0  0.00016  0.000028  1.28499       0
29  GBP_USD 2024-03-11 12:02:00+00:00  1.28500  1.28498  0.0  0.0  0.00016  0.000029  1.28500       0
30  GBP_USD 2024-03-11 12:03:00+00:00  1.28500  1.28500  0.0  0.0  0.00015  0.000028  1.28500       0
2024-03-11 13:05:02 CandleManager() new candle:last_candle:24-03-11 12:04 is_ready:True
2024-03-11 13:05:03 tech_manager: max_rows:32 candle_time:2024-03-11 12:04:00+00:00 granularity:M1
2024-03-11 13:05:03 process_candles:
       PAIR                      time    mid_c    mid_o   SL   TP   SPREAD      GAIN     LOSS  SIGNAL
26  GBP_USD 2024-03-11 12:00:00+00:00  1.28486  1.28509  0.0  0.0  0.00017  0.000154  1.28486       0
27  GBP_USD 2024-03-11 12:01:00+00:00  1.28499  1.28488  0.0  0.0  0.00016  0.000028  1.28499       0
28  GBP_USD 2024-03-11 12:02:00+00:00  1.28500  1.28498  0.0  0.0  0.00016  0.000029  1.28500       0
29  GBP_USD 2024-03-11 12:03:00+00:00  1.28500  1.28500  0.0  0.0  0.00015  0.000028  1.28500       0
30  GBP_USD 2024-03-11 12:04:00+00:00  1.28500  1.28500  0.0  0.0  0.00016  0.000019  1.28500       0
2024-03-11 13:06:09 CandleManager() new candle:last_candle:24-03-11 12:05 is_ready:True
2024-03-11 13:06:10 tech_manager: max_rows:32 candle_time:2024-03-11 12:05:00+00:00 granularity:M1
2024-03-11 13:06:10 process_candles:
       PAIR                      time    mid_c    mid_o   SL   TP   SPREAD      GAIN     LOSS  SIGNAL
26  GBP_USD 2024-03-11 12:01:00+00:00  1.28499  1.28488  0.0  0.0  0.00016  0.000028  1.28499       0
27  GBP_USD 2024-03-11 12:02:00+00:00  1.28500  1.28498  0.0  0.0  0.00016  0.000029  1.28500       0
28  GBP_USD 2024-03-11 12:03:00+00:00  1.28500  1.28500  0.0  0.0  0.00015  0.000028  1.28500       0
29  GBP_USD 2024-03-11 12:04:00+00:00  1.28500  1.28500  0.0  0.0  0.00016  0.000019  1.28500       0
30  GBP_USD 2024-03-11 12:05:00+00:00  1.28495  1.28500  0.0  0.0  0.00016  0.000056  1.28495       0
2024-03-11 13:07:05 CandleManager() new candle:last_candle:24-03-11 12:06 is_ready:True
2024-03-11 13:07:06 tech_manager: max_rows:32 candle_time:2024-03-11 12:06:00+00:00 granularity:M1
2024-03-11 13:07:06 process_candles:
       PAIR                      time    mid_c    mid_o   SL   TP   SPREAD      GAIN     LOSS  SIGNAL
26  GBP_USD 2024-03-11 12:02:00+00:00  1.28500  1.28498  0.0  0.0  0.00016  0.000029  1.28500       0
27  GBP_USD 2024-03-11 12:03:00+00:00  1.28500  1.28500  0.0  0.0  0.00015  0.000028  1.28500       0
28  GBP_USD 2024-03-11 12:04:00+00:00  1.28500  1.28500  0.0  0.0  0.00016  0.000019  1.28500       0
29  GBP_USD 2024-03-11 12:05:00+00:00  1.28495  1.28500  0.0  0.0  0.00016  0.000056  1.28495       0
30  GBP_USD 2024-03-11 12:06:00+00:00  1.28499  1.28496  0.0  0.0  0.00018  0.000013  1.28499       0
2024-03-11 13:08:01 CandleManager() new candle:last_candle:24-03-11 12:07 is_ready:True
2024-03-11 13:08:01 tech_manager: max_rows:32 candle_time:2024-03-11 12:07:00+00:00 granularity:M1
2024-03-11 13:08:01 process_candles:
       PAIR                      time    mid_c    mid_o   SL   TP   SPREAD      GAIN     LOSS  SIGNAL
26  GBP_USD 2024-03-11 12:03:00+00:00  1.28500  1.28500  0.0  0.0  0.00015  0.000028  1.28500       0
27  GBP_USD 2024-03-11 12:04:00+00:00  1.28500  1.28500  0.0  0.0  0.00016  0.000019  1.28500       0
28  GBP_USD 2024-03-11 12:05:00+00:00  1.28495  1.28500  0.0  0.0  0.00016  0.000056  1.28495       0
29  GBP_USD 2024-03-11 12:06:00+00:00  1.28499  1.28496  0.0  0.0  0.00018  0.000013  1.28499       0
30  GBP_USD 2024-03-11 12:07:00+00:00  1.28495  1.28500  0.0  0.0  0.00016  0.000059  1.28495       0
2024-03-11 13:09:07 CandleManager() new candle:last_candle:24-03-11 12:08 is_ready:True
2024-03-11 13:09:08 tech_manager: max_rows:32 candle_time:2024-03-11 12:08:00+00:00 granularity:M1
2024-03-11 13:09:08 process_candles:
       PAIR                      time    mid_c    mid_o   SL   TP   SPREAD      GAIN     LOSS  SIGNAL
26  GBP_USD 2024-03-11 12:04:00+00:00  1.28500  1.28500  0.0  0.0  0.00016  0.000019  1.28500       0
27  GBP_USD 2024-03-11 12:05:00+00:00  1.28495  1.28500  0.0  0.0  0.00016  0.000056  1.28495       0
28  GBP_USD 2024-03-11 12:06:00+00:00  1.28499  1.28496  0.0  0.0  0.00018  0.000013  1.28499       0
29  GBP_USD 2024-03-11 12:07:00+00:00  1.28495  1.28500  0.0  0.0  0.00016  0.000059  1.28495       0
30  GBP_USD 2024-03-11 12:08:00+00:00  1.28476  1.28494  0.0  0.0  0.00015  0.000236  1.28476       0
2024-03-11 13:10:03 CandleManager() new candle:last_candle:24-03-11 12:09 is_ready:True
