2024-03-11 12:25:23 LogWrapper init() ./logs/main.log
2024-03-11 12:25:23 Bot started with Trade Settings:
{'n_ma': 12, 'n_std': 2.5, 'maxspread': 0.0004, 'mingain': 0.0006, 'riskreward': 1.5}
{'n_ma': 12, 'n_std': 2.5, 'maxspread': 0.0004, 'mingain': 0.0006, 'riskreward': 1.5}
{'n_ma': 12, 'n_std': 2.5, 'maxspread': 0.04, 'mingain': 0.06, 'riskreward': 1.5}
{'n_ma': 12, 'n_std': 2.5, 'maxspread': 0.0004, 'mingain': 0.0006, 'riskreward': 1.5}
{'n_ma': 12, 'n_std': 2.5, 'maxspread': 0.0004, 'mingain': 0.0006, 'riskreward': 1.5}

2024-03-11 12:25:24 Bot started
2024-03-11 12:26:08 process_candles triggered:['BTC_USD', 'EUR_CHF', 'GBP_JPY', 'GBP_USD', 'EUR_GBP']
2024-03-11 12:27:03 process_candles triggered:['BTC_USD', 'EUR_CHF', 'GBP_JPY', 'GBP_USD', 'EUR_GBP']
2024-03-11 12:28:10 process_candles triggered:['BTC_USD', 'EUR_CHF', 'GBP_JPY', 'GBP_USD', 'EUR_GBP']
2024-03-11 12:29:06 process_candles triggered:['BTC_USD', 'EUR_CHF', 'GBP_JPY', 'GBP_USD', 'EUR_GBP']
2024-03-11 12:30:01 process_candles triggered:['BTC_USD', 'GBP_JPY', 'GBP_USD', 'EUR_GBP']
2024-03-11 12:30:13 process_candles triggered:['EUR_CHF']
2024-03-11 12:31:09 process_candles triggered:['BTC_USD', 'EUR_CHF', 'GBP_JPY', 'GBP_USD', 'EUR_GBP']
2024-03-11 12:32:05 process_candles triggered:['BTC_USD', 'GBP_JPY', 'GBP_USD', 'EUR_GBP']
2024-03-11 12:32:17 process_candles triggered:['EUR_CHF']
2024-03-11 12:33:11 process_candles triggered:['BTC_USD', 'EUR_CHF', 'GBP_JPY', 'GBP_USD', 'EUR_GBP']
2024-03-11 12:34:07 process_candles triggered:['BTC_USD', 'EUR_CHF', 'GBP_JPY', 'GBP_USD', 'EUR_GBP']
2024-03-11 12:35:03 process_candles triggered:['BTC_USD', 'GBP_JPY', 'EUR_GBP']
2024-03-11 12:35:14 process_candles triggered:['EUR_CHF', 'GBP_USD']
2024-03-11 12:36:09 process_candles triggered:['BTC_USD', 'EUR_CHF', 'GBP_JPY', 'GBP_USD', 'EUR_GBP']
2024-03-11 12:37:04 process_candles triggered:['BTC_USD', 'EUR_CHF', 'GBP_JPY', 'GBP_USD', 'EUR_GBP']
2024-03-11 12:38:11 process_candles triggered:['BTC_USD', 'EUR_CHF', 'GBP_JPY', 'GBP_USD', 'EUR_GBP']
2024-03-11 12:39:07 process_candles triggered:['BTC_USD', 'EUR_CHF', 'GBP_JPY', 'GBP_USD', 'EUR_GBP']
2024-03-11 12:40:03 process_candles triggered:['BTC_USD', 'GBP_JPY', 'GBP_USD']
2024-03-11 12:40:14 process_candles triggered:['EUR_CHF', 'EUR_GBP']
2024-03-11 12:41:09 process_candles triggered:['BTC_USD', 'EUR_CHF', 'GBP_JPY', 'GBP_USD', 'EUR_GBP']
2024-03-11 12:42:04 process_candles triggered:['BTC_USD', 'EUR_CHF', 'GBP_JPY', 'GBP_USD']
2024-03-11 12:42:16 process_candles triggered:['EUR_GBP']
2024-03-11 12:43:00 process_candles triggered:['GBP_JPY']
2024-03-11 12:43:11 process_candles triggered:['BTC_USD', 'EUR_CHF', 'GBP_USD', 'EUR_GBP']
2024-03-11 12:44:06 process_candles triggered:['BTC_USD', 'EUR_CHF', 'GBP_JPY', 'GBP_USD', 'EUR_GBP']
2024-03-11 12:45:02 process_candles triggered:['BTC_USD', 'GBP_JPY', 'GBP_USD', 'EUR_GBP']
2024-03-11 12:45:14 process_candles triggered:['EUR_CHF']
2024-03-11 12:46:09 process_candles triggered:['BTC_USD', 'EUR_CHF', 'GBP_JPY', 'GBP_USD', 'EUR_GBP']
2024-03-11 12:47:04 process_candles triggered:['BTC_USD', 'GBP_JPY']
2024-03-11 12:47:15 process_candles triggered:['EUR_CHF', 'GBP_USD', 'EUR_GBP']
2024-03-11 12:48:10 process_candles triggered:['BTC_USD', 'EUR_CHF', 'GBP_JPY', 'GBP_USD', 'EUR_GBP']
2024-03-11 12:49:06 process_candles triggered:['BTC_USD', 'EUR_CHF', 'GBP_JPY', 'GBP_USD', 'EUR_GBP']
2024-03-11 12:50:01 process_candles triggered:['BTC_USD', 'GBP_JPY', 'GBP_USD']
2024-03-11 12:50:13 process_candles triggered:['EUR_CHF', 'EUR_GBP']
2024-03-11 12:51:08 process_candles triggered:['BTC_USD', 'EUR_CHF', 'GBP_JPY', 'GBP_USD', 'EUR_GBP']
2024-03-11 12:52:03 process_candles triggered:['BTC_USD', 'GBP_JPY', 'EUR_GBP']
2024-03-11 12:52:15 process_candles triggered:['EUR_CHF', 'GBP_USD']
2024-03-11 12:53:10 process_candles triggered:['BTC_USD', 'EUR_CHF', 'GBP_JPY', 'GBP_USD', 'EUR_GBP']
2024-03-11 12:54:06 process_candles triggered:['BTC_USD', 'EUR_CHF', 'GBP_JPY', 'GBP_USD', 'EUR_GBP']
2024-03-11 12:55:02 process_candles triggered:['BTC_USD', 'EUR_CHF', 'GBP_JPY']
2024-03-11 12:55:13 process_candles triggered:['GBP_USD', 'EUR_GBP']
2024-03-11 12:56:08 process_candles triggered:['BTC_USD', 'EUR_CHF', 'GBP_JPY', 'GBP_USD', 'EUR_GBP']
2024-03-11 12:57:04 process_candles triggered:['BTC_USD', 'EUR_CHF', 'GBP_JPY', 'GBP_USD', 'EUR_GBP']
2024-03-11 12:58:11 process_candles triggered:['BTC_USD', 'EUR_CHF', 'GBP_JPY', 'GBP_USD', 'EUR_GBP']
2024-03-11 12:59:07 process_candles triggered:['BTC_USD', 'EUR_CHF', 'GBP_JPY', 'GBP_USD', 'EUR_GBP']
2024-03-11 13:00:02 process_candles triggered:['BTC_USD', 'EUR_CHF', 'GBP_JPY', 'GBP_USD', 'EUR_GBP']
2024-03-11 13:01:09 process_candles triggered:['BTC_USD', 'EUR_CHF', 'GBP_JPY', 'GBP_USD', 'EUR_GBP']
2024-03-11 13:02:04 process_candles triggered:['BTC_USD', 'EUR_CHF', 'GBP_JPY', 'GBP_USD', 'EUR_GBP']
2024-03-11 13:03:11 process_candles triggered:['BTC_USD', 'EUR_CHF', 'GBP_JPY', 'GBP_USD', 'EUR_GBP']
2024-03-11 13:04:06 process_candles triggered:['BTC_USD', 'EUR_CHF', 'GBP_JPY', 'GBP_USD', 'EUR_GBP']
2024-03-11 13:05:02 process_candles triggered:['BTC_USD', 'GBP_JPY', 'GBP_USD', 'EUR_GBP']
2024-03-11 13:05:14 process_candles triggered:['EUR_CHF']
2024-03-11 13:06:10 process_candles triggered:['BTC_USD', 'EUR_CHF', 'GBP_JPY', 'GBP_USD', 'EUR_GBP']
2024-03-11 13:07:05 process_candles triggered:['BTC_USD', 'EUR_CHF', 'GBP_JPY', 'GBP_USD', 'EUR_GBP']
2024-03-11 13:08:01 process_candles triggered:['BTC_USD', 'GBP_JPY', 'GBP_USD']
2024-03-11 13:08:12 process_candles triggered:['EUR_CHF', 'EUR_GBP']
2024-03-11 13:09:07 process_candles triggered:['BTC_USD', 'EUR_CHF', 'GBP_JPY', 'GBP_USD', 'EUR_GBP']
2024-03-11 13:10:03 process_candles triggered:['BTC_USD', 'EUR_CHF', 'GBP_JPY', 'GBP_USD', 'EUR_GBP']
